oct 20, 2015 12:39:03 PM org.apache.catalina.core.AprLifecycleListener init
INFORMACIÓN: Cargada la biblioteca nativa APR de Apache Tomcat 1.1.33 con la versión APR 1.5.1.
oct 20, 2015 12:39:03 PM org.apache.catalina.core.AprLifecycleListener init
INFORMACIÓN: Capacidades APR: IPv6 [true], enviar fichero [true], aceptar filtros [false], aleatorio [true].
oct 20, 2015 12:39:04 PM org.apache.catalina.core.AprLifecycleListener initializeSSL
INFORMACIÓN: OpenSSL inicializado correctamente con versión OpenSSL 1.0.1m 19 Mar 2015
oct 20, 2015 12:39:05 PM org.apache.coyote.http11.Http11AprProtocol init
INFORMACIÓN: Inicializando Coyote HTTP/1.1 en puerto http-8080
oct 20, 2015 12:39:05 PM org.apache.coyote.ajp.AjpAprProtocol init
INFORMACIÓN: Inicializando Coyote AJP/1.3 en ajp-8009
oct 20, 2015 12:39:05 PM org.apache.catalina.startup.Catalina load
INFORMACIÓN: Initialization processed in 2409 ms
oct 20, 2015 12:39:05 PM org.apache.catalina.core.StandardService start
INFORMACIÓN: Arrancando servicio Catalina
oct 20, 2015 12:39:05 PM org.apache.catalina.core.StandardEngine start
INFORMACIÓN: Starting Servlet Engine: Apache Tomcat/6.0.44
oct 20, 2015 12:39:06 PM org.apache.catalina.startup.HostConfig deployDescriptor
INFORMACIÓN: Desplieque del descriptor de configuración host-manager.xml
oct 20, 2015 12:39:06 PM org.apache.catalina.startup.HostConfig deployDescriptor
INFORMACIÓN: Desplieque del descriptor de configuración Integradora4D.xml
oct 20, 2015 12:39:06 PM org.apache.catalina.core.StandardContext resourcesStart
GRAVE: Error arrancando Recursos estáticos
java.lang.IllegalArgumentException: El Documento base C:\Users\Hermanos Saucedo\Documents\GitHub\Integradora4D\Integradora4D\build\web no existe o no es un directorio legible
	at org.apache.naming.resources.FileDirContext.setDocBase(FileDirContext.java:142)
	at org.apache.catalina.core.StandardContext.resourcesStart(StandardContext.java:4324)
	at org.apache.catalina.core.StandardContext.start(StandardContext.java:4493)
	at org.apache.catalina.core.ContainerBase.addChildInternal(ContainerBase.java:802)
	at org.apache.catalina.core.ContainerBase.addChild(ContainerBase.java:779)
	at org.apache.catalina.core.StandardHost.addChild(StandardHost.java:583)
	at org.apache.catalina.startup.HostConfig.deployDescriptor(HostConfig.java:676)
	at org.apache.catalina.startup.HostConfig.deployDescriptors(HostConfig.java:602)
	at org.apache.catalina.startup.HostConfig.deployApps(HostConfig.java:503)
	at org.apache.catalina.startup.HostConfig.start(HostConfig.java:1322)
	at org.apache.catalina.startup.HostConfig.lifecycleEvent(HostConfig.java:325)
	at org.apache.catalina.util.LifecycleSupport.fireLifecycleEvent(LifecycleSupport.java:142)
	at org.apache.catalina.core.ContainerBase.start(ContainerBase.java:1068)
	at org.apache.catalina.core.StandardHost.start(StandardHost.java:822)
	at org.apache.catalina.core.ContainerBase.start(ContainerBase.java:1060)
	at org.apache.catalina.core.StandardEngine.start(StandardEngine.java:463)
	at org.apache.catalina.core.StandardService.start(StandardService.java:525)
	at org.apache.catalina.core.StandardServer.start(StandardServer.java:759)
	at org.apache.catalina.startup.Catalina.start(Catalina.java:595)
	at sun.reflect.NativeMethodAccessorImpl.invoke0(Native Method)
	at sun.reflect.NativeMethodAccessorImpl.invoke(NativeMethodAccessorImpl.java:62)
	at sun.reflect.DelegatingMethodAccessorImpl.invoke(DelegatingMethodAccessorImpl.java:43)
	at java.lang.reflect.Method.invoke(Method.java:497)
	at org.apache.catalina.startup.Bootstrap.start(Bootstrap.java:289)
	at org.apache.catalina.startup.Bootstrap.main(Bootstrap.java:414)

oct 20, 2015 12:39:06 PM org.apache.catalina.core.StandardContext start
GRAVE: Error in resourceStart()
oct 20, 2015 12:39:06 PM org.apache.catalina.core.StandardContext start
GRAVE: Error getConfigured
oct 20, 2015 12:39:06 PM org.apache.catalina.core.StandardContext start
GRAVE: Falló en arranque del Contexto [/Integradora4D] debido a errores previos
oct 20, 2015 12:39:06 PM org.apache.catalina.core.StandardContext stop
INFORMACIÓN: No se ha arrancado el Contenedor org.apache.catalina.core.ContainerBase.[Catalina].[localhost].[/Integradora4D]
oct 20, 2015 12:39:06 PM org.apache.catalina.startup.HostConfig deployDescriptor
INFORMACIÓN: Desplieque del descriptor de configuración manager.xml
oct 20, 2015 12:39:07 PM org.apache.catalina.startup.HostConfig deployDirectory
INFORMACIÓN: Despliegue del directorio docs de la aplicación web
oct 20, 2015 12:39:07 PM org.apache.catalina.startup.HostConfig deployDirectory
INFORMACIÓN: Despliegue del directorio examples de la aplicación web
oct 20, 2015 12:39:07 PM org.apache.catalina.startup.HostConfig deployDirectory
INFORMACIÓN: Despliegue del directorio ROOT de la aplicación web
oct 20, 2015 12:39:07 PM org.apache.coyote.http11.Http11AprProtocol start
INFORMACIÓN: Arrancando Coyote HTTP/1.1 en puerto http-8080
oct 20, 2015 12:39:07 PM org.apache.coyote.ajp.AjpAprProtocol start
INFORMACIÓN: Arrancando Coyote AJP/1.3 en ajp-8009
oct 20, 2015 12:39:07 PM org.apache.catalina.startup.Catalina start
INFORMACIÓN: Server startup in 1947 ms
oct 20, 2015 12:39:09 PM org.apache.catalina.core.StandardContext stop
INFORMACIÓN: No se ha arrancado el Contenedor org.apache.catalina.core.ContainerBase.[Catalina].[localhost].[/Integradora4D]
oct 20, 2015 12:39:10 PM org.apache.catalina.startup.HostConfig checkResources
INFORMACIÓN: Repliegue (undeploy) de la aplicación web que tiene como trayectoria de contexto /Integradora4D
oct 20, 2015 12:39:10 PM org.apache.catalina.startup.HostConfig deployDescriptor
INFORMACIÓN: Desplieque del descriptor de configuración Integradora4D.xml
oct 20, 2015 12:39:11 PM com.opensymphony.xwork2.util.logging.jdk.JdkLogger info
INFORMACIÓN: Parsing configuration file [struts-default.xml]
oct 20, 2015 12:39:11 PM com.opensymphony.xwork2.util.logging.jdk.JdkLogger info
INFORMACIÓN: Parsing configuration file [struts-plugin.xml]
oct 20, 2015 12:39:11 PM com.opensymphony.xwork2.util.logging.jdk.JdkLogger info
INFORMACIÓN: Parsing configuration file [struts.xml]
oct 20, 2015 12:39:11 PM com.opensymphony.xwork2.util.logging.jdk.JdkLogger info
INFORMACIÓN: Choosing bean (struts) for (com.opensymphony.xwork2.ObjectFactory)
oct 20, 2015 12:39:11 PM com.opensymphony.xwork2.util.logging.jdk.JdkLogger info
INFORMACIÓN: Choosing bean (struts) for (com.opensymphony.xwork2.FileManager)
oct 20, 2015 12:39:11 PM com.opensymphony.xwork2.util.logging.jdk.JdkLogger info
INFORMACIÓN: Choosing bean (struts) for (com.opensymphony.xwork2.conversion.impl.XWorkConverter)
oct 20, 2015 12:39:11 PM com.opensymphony.xwork2.util.logging.jdk.JdkLogger info
INFORMACIÓN: Choosing bean (struts) for (com.opensymphony.xwork2.TextProvider)
oct 20, 2015 12:39:11 PM com.opensymphony.xwork2.util.logging.jdk.JdkLogger info
INFORMACIÓN: Choosing bean (struts) for (com.opensymphony.xwork2.ActionProxyFactory)
oct 20, 2015 12:39:11 PM com.opensymphony.xwork2.util.logging.jdk.JdkLogger info
INFORMACIÓN: Choosing bean (struts) for (com.opensymphony.xwork2.conversion.ObjectTypeDeterminer)
oct 20, 2015 12:39:11 PM com.opensymphony.xwork2.util.logging.jdk.JdkLogger info
INFORMACIÓN: Choosing bean (struts) for (org.apache.struts2.dispatcher.mapper.ActionMapper)
oct 20, 2015 12:39:11 PM com.opensymphony.xwork2.util.logging.jdk.JdkLogger info
INFORMACIÓN: Choosing bean (jakarta) for (org.apache.struts2.dispatcher.multipart.MultiPartRequest)
oct 20, 2015 12:39:11 PM com.opensymphony.xwork2.util.logging.jdk.JdkLogger info
INFORMACIÓN: Choosing bean (struts) for (org.apache.struts2.views.freemarker.FreemarkerManager)
oct 20, 2015 12:39:11 PM com.opensymphony.xwork2.util.logging.jdk.JdkLogger info
INFORMACIÓN: Choosing bean (struts) for (org.apache.struts2.components.UrlRenderer)
oct 20, 2015 12:39:11 PM com.opensymphony.xwork2.util.logging.jdk.JdkLogger info
INFORMACIÓN: Choosing bean (struts) for (com.opensymphony.xwork2.validator.ActionValidatorManager)
oct 20, 2015 12:39:11 PM com.opensymphony.xwork2.util.logging.jdk.JdkLogger info
INFORMACIÓN: Choosing bean (struts) for (com.opensymphony.xwork2.util.ValueStackFactory)
oct 20, 2015 12:39:11 PM com.opensymphony.xwork2.util.logging.jdk.JdkLogger info
INFORMACIÓN: Choosing bean (struts) for (com.opensymphony.xwork2.util.reflection.ReflectionProvider)
oct 20, 2015 12:39:11 PM com.opensymphony.xwork2.util.logging.jdk.JdkLogger info
INFORMACIÓN: Choosing bean (struts) for (com.opensymphony.xwork2.util.reflection.ReflectionContextFactory)
oct 20, 2015 12:39:11 PM com.opensymphony.xwork2.util.logging.jdk.JdkLogger info
INFORMACIÓN: Choosing bean (struts) for (com.opensymphony.xwork2.util.PatternMatcher)
oct 20, 2015 12:39:11 PM com.opensymphony.xwork2.util.logging.jdk.JdkLogger info
INFORMACIÓN: Choosing bean (struts) for (org.apache.struts2.dispatcher.StaticContentLoader)
oct 20, 2015 12:39:11 PM com.opensymphony.xwork2.util.logging.jdk.JdkLogger info
INFORMACIÓN: Choosing bean (struts) for (com.opensymphony.xwork2.UnknownHandlerManager)
oct 20, 2015 12:39:11 PM com.opensymphony.xwork2.util.logging.jdk.JdkLogger info
INFORMACIÓN: Choosing bean (struts) for (org.apache.struts2.views.util.UrlHelper)
oct 20, 2015 12:39:12 PM org.apache.catalina.core.StandardContext start
INFORMACIÓN: Ya ha sido arrancado el Contenedor org.apache.catalina.core.ContainerBase.[Catalina].[localhost].[/Integradora4D]
oct 20, 2015 12:39:19 PM com.opensymphony.xwork2.util.logging.jdk.JdkLogger warn
ADVERTENCIA: No configuration found for the specified action: 'registroCategoria' in namespace: '/Registrar'. Form action defaulting to 'action' attribute's literal value.
oct 20, 2015 12:42:32 PM org.apache.catalina.core.StandardContext reload
INFORMACIÓN: Ha comenzado la recarga de Contexto [/Integradora4D]
oct 20, 2015 12:42:34 PM com.opensymphony.xwork2.util.logging.jdk.JdkLogger info
INFORMACIÓN: Parsing configuration file [struts-default.xml]
oct 20, 2015 12:42:34 PM com.opensymphony.xwork2.util.logging.jdk.JdkLogger info
INFORMACIÓN: Parsing configuration file [struts-plugin.xml]
oct 20, 2015 12:42:34 PM com.opensymphony.xwork2.util.logging.jdk.JdkLogger info
INFORMACIÓN: Parsing configuration file [struts.xml]
oct 20, 2015 12:42:34 PM com.opensymphony.xwork2.util.logging.jdk.JdkLogger info
INFORMACIÓN: Choosing bean (struts) for (com.opensymphony.xwork2.ObjectFactory)
oct 20, 2015 12:42:34 PM com.opensymphony.xwork2.util.logging.jdk.JdkLogger info
INFORMACIÓN: Choosing bean (struts) for (com.opensymphony.xwork2.FileManager)
oct 20, 2015 12:42:34 PM com.opensymphony.xwork2.util.logging.jdk.JdkLogger info
INFORMACIÓN: Choosing bean (struts) for (com.opensymphony.xwork2.conversion.impl.XWorkConverter)
oct 20, 2015 12:42:34 PM com.opensymphony.xwork2.util.logging.jdk.JdkLogger info
INFORMACIÓN: Choosing bean (struts) for (com.opensymphony.xwork2.TextProvider)
oct 20, 2015 12:42:34 PM com.opensymphony.xwork2.util.logging.jdk.JdkLogger info
INFORMACIÓN: Choosing bean (struts) for (com.opensymphony.xwork2.ActionProxyFactory)
oct 20, 2015 12:42:34 PM com.opensymphony.xwork2.util.logging.jdk.JdkLogger info
INFORMACIÓN: Choosing bean (struts) for (com.opensymphony.xwork2.conversion.ObjectTypeDeterminer)
oct 20, 2015 12:42:34 PM com.opensymphony.xwork2.util.logging.jdk.JdkLogger info
INFORMACIÓN: Choosing bean (struts) for (org.apache.struts2.dispatcher.mapper.ActionMapper)
oct 20, 2015 12:42:34 PM com.opensymphony.xwork2.util.logging.jdk.JdkLogger info
INFORMACIÓN: Choosing bean (jakarta) for (org.apache.struts2.dispatcher.multipart.MultiPartRequest)
oct 20, 2015 12:42:34 PM com.opensymphony.xwork2.util.logging.jdk.JdkLogger info
INFORMACIÓN: Choosing bean (struts) for (org.apache.struts2.views.freemarker.FreemarkerManager)
oct 20, 2015 12:42:34 PM com.opensymphony.xwork2.util.logging.jdk.JdkLogger info
INFORMACIÓN: Choosing bean (struts) for (org.apache.struts2.components.UrlRenderer)
oct 20, 2015 12:42:34 PM com.opensymphony.xwork2.util.logging.jdk.JdkLogger info
INFORMACIÓN: Choosing bean (struts) for (com.opensymphony.xwork2.validator.ActionValidatorManager)
oct 20, 2015 12:42:34 PM com.opensymphony.xwork2.util.logging.jdk.JdkLogger info
INFORMACIÓN: Choosing bean (struts) for (com.opensymphony.xwork2.util.ValueStackFactory)
oct 20, 2015 12:42:34 PM com.opensymphony.xwork2.util.logging.jdk.JdkLogger info
INFORMACIÓN: Choosing bean (struts) for (com.opensymphony.xwork2.util.reflection.ReflectionProvider)
oct 20, 2015 12:42:34 PM com.opensymphony.xwork2.util.logging.jdk.JdkLogger info
INFORMACIÓN: Choosing bean (struts) for (com.opensymphony.xwork2.util.reflection.ReflectionContextFactory)
oct 20, 2015 12:42:34 PM com.opensymphony.xwork2.util.logging.jdk.JdkLogger info
INFORMACIÓN: Choosing bean (struts) for (com.opensymphony.xwork2.util.PatternMatcher)
oct 20, 2015 12:42:34 PM com.opensymphony.xwork2.util.logging.jdk.JdkLogger info
INFORMACIÓN: Choosing bean (struts) for (org.apache.struts2.dispatcher.StaticContentLoader)
oct 20, 2015 12:42:34 PM com.opensymphony.xwork2.util.logging.jdk.JdkLogger info
INFORMACIÓN: Choosing bean (struts) for (com.opensymphony.xwork2.UnknownHandlerManager)
oct 20, 2015 12:42:34 PM com.opensymphony.xwork2.util.logging.jdk.JdkLogger info
INFORMACIÓN: Choosing bean (struts) for (org.apache.struts2.views.util.UrlHelper)
oct 20, 2015 12:42:40 PM org.apache.catalina.core.StandardContext reload
INFORMACIÓN: Ha comenzado la recarga de Contexto [/Integradora4D]
oct 20, 2015 12:42:42 PM com.opensymphony.xwork2.util.logging.jdk.JdkLogger info
INFORMACIÓN: Parsing configuration file [struts-default.xml]
oct 20, 2015 12:42:42 PM com.opensymphony.xwork2.util.logging.jdk.JdkLogger info
INFORMACIÓN: Parsing configuration file [struts-plugin.xml]
oct 20, 2015 12:42:42 PM com.opensymphony.xwork2.util.logging.jdk.JdkLogger info
INFORMACIÓN: Parsing configuration file [struts.xml]
oct 20, 2015 12:42:42 PM com.opensymphony.xwork2.util.logging.jdk.JdkLogger info
INFORMACIÓN: Choosing bean (struts) for (com.opensymphony.xwork2.ObjectFactory)
oct 20, 2015 12:42:42 PM com.opensymphony.xwork2.util.logging.jdk.JdkLogger info
INFORMACIÓN: Choosing bean (struts) for (com.opensymphony.xwork2.FileManager)
oct 20, 2015 12:42:42 PM com.opensymphony.xwork2.util.logging.jdk.JdkLogger info
INFORMACIÓN: Choosing bean (struts) for (com.opensymphony.xwork2.conversion.impl.XWorkConverter)
oct 20, 2015 12:42:42 PM com.opensymphony.xwork2.util.logging.jdk.JdkLogger info
INFORMACIÓN: Choosing bean (struts) for (com.opensymphony.xwork2.TextProvider)
oct 20, 2015 12:42:42 PM com.opensymphony.xwork2.util.logging.jdk.JdkLogger info
INFORMACIÓN: Choosing bean (struts) for (com.opensymphony.xwork2.ActionProxyFactory)
oct 20, 2015 12:42:42 PM com.opensymphony.xwork2.util.logging.jdk.JdkLogger info
INFORMACIÓN: Choosing bean (struts) for (com.opensymphony.xwork2.conversion.ObjectTypeDeterminer)
oct 20, 2015 12:42:42 PM com.opensymphony.xwork2.util.logging.jdk.JdkLogger info
INFORMACIÓN: Choosing bean (struts) for (org.apache.struts2.dispatcher.mapper.ActionMapper)
oct 20, 2015 12:42:42 PM com.opensymphony.xwork2.util.logging.jdk.JdkLogger info
INFORMACIÓN: Choosing bean (jakarta) for (org.apache.struts2.dispatcher.multipart.MultiPartRequest)
oct 20, 2015 12:42:42 PM com.opensymphony.xwork2.util.logging.jdk.JdkLogger info
INFORMACIÓN: Choosing bean (struts) for (org.apache.struts2.views.freemarker.FreemarkerManager)
oct 20, 2015 12:42:42 PM com.opensymphony.xwork2.util.logging.jdk.JdkLogger info
INFORMACIÓN: Choosing bean (struts) for (org.apache.struts2.components.UrlRenderer)
oct 20, 2015 12:42:42 PM com.opensymphony.xwork2.util.logging.jdk.JdkLogger info
INFORMACIÓN: Choosing bean (struts) for (com.opensymphony.xwork2.validator.ActionValidatorManager)
oct 20, 2015 12:42:42 PM com.opensymphony.xwork2.util.logging.jdk.JdkLogger info
INFORMACIÓN: Choosing bean (struts) for (com.opensymphony.xwork2.util.ValueStackFactory)
oct 20, 2015 12:42:42 PM com.opensymphony.xwork2.util.logging.jdk.JdkLogger info
INFORMACIÓN: Choosing bean (struts) for (com.opensymphony.xwork2.util.reflection.ReflectionProvider)
oct 20, 2015 12:42:42 PM com.opensymphony.xwork2.util.logging.jdk.JdkLogger info
INFORMACIÓN: Choosing bean (struts) for (com.opensymphony.xwork2.util.reflection.ReflectionContextFactory)
oct 20, 2015 12:42:42 PM com.opensymphony.xwork2.util.logging.jdk.JdkLogger info
INFORMACIÓN: Choosing bean (struts) for (com.opensymphony.xwork2.util.PatternMatcher)
oct 20, 2015 12:42:42 PM com.opensymphony.xwork2.util.logging.jdk.JdkLogger info
INFORMACIÓN: Choosing bean (struts) for (org.apache.struts2.dispatcher.StaticContentLoader)
oct 20, 2015 12:42:42 PM com.opensymphony.xwork2.util.logging.jdk.JdkLogger info
INFORMACIÓN: Choosing bean (struts) for (com.opensymphony.xwork2.UnknownHandlerManager)
oct 20, 2015 12:42:42 PM com.opensymphony.xwork2.util.logging.jdk.JdkLogger info
INFORMACIÓN: Choosing bean (struts) for (org.apache.struts2.views.util.UrlHelper)
oct 20, 2015 12:43:07 PM org.apache.catalina.startup.HostConfig checkResources
INFORMACIÓN: Repliegue (undeploy) de la aplicación web que tiene como trayectoria de contexto /Integradora4D
oct 20, 2015 12:43:08 PM org.apache.catalina.startup.HostConfig deployDescriptor
INFORMACIÓN: Desplieque del descriptor de configuración Integradora4D.xml
oct 20, 2015 12:43:08 PM org.apache.catalina.core.StandardContext resourcesStart
GRAVE: Error arrancando Recursos estáticos
java.lang.IllegalArgumentException: El Documento base C:\Users\Hermanos Saucedo\Documents\GitHub\Integradora4D\Integradora4D\build\web no existe o no es un directorio legible
	at org.apache.naming.resources.FileDirContext.setDocBase(FileDirContext.java:142)
	at org.apache.catalina.core.StandardContext.resourcesStart(StandardContext.java:4324)
	at org.apache.catalina.core.StandardContext.start(StandardContext.java:4493)
	at org.apache.catalina.core.ContainerBase.addChildInternal(ContainerBase.java:802)
	at org.apache.catalina.core.ContainerBase.addChild(ContainerBase.java:779)
	at org.apache.catalina.core.StandardHost.addChild(StandardHost.java:583)
	at org.apache.catalina.startup.HostConfig.deployDescriptor(HostConfig.java:676)
	at org.apache.catalina.startup.HostConfig.deployDescriptors(HostConfig.java:602)
	at org.apache.catalina.startup.HostConfig.deployApps(HostConfig.java:503)
	at org.apache.catalina.startup.HostConfig.check(HostConfig.java:1388)
	at org.apache.catalina.startup.HostConfig.lifecycleEvent(HostConfig.java:307)
	at org.apache.catalina.util.LifecycleSupport.fireLifecycleEvent(LifecycleSupport.java:142)
	at org.apache.catalina.core.ContainerBase.backgroundProcess(ContainerBase.java:1392)
	at org.apache.catalina.core.ContainerBase$ContainerBackgroundProcessor.processChildren(ContainerBase.java:1656)
	at org.apache.catalina.core.ContainerBase$ContainerBackgroundProcessor.processChildren(ContainerBase.java:1665)
	at org.apache.catalina.core.ContainerBase$ContainerBackgroundProcessor.run(ContainerBase.java:1645)
	at java.lang.Thread.run(Thread.java:745)

oct 20, 2015 12:43:08 PM org.apache.catalina.core.StandardContext start
GRAVE: Error in resourceStart()
oct 20, 2015 12:43:08 PM org.apache.catalina.core.StandardContext start
GRAVE: Error getConfigured
oct 20, 2015 12:43:08 PM org.apache.catalina.core.StandardContext start
GRAVE: Falló en arranque del Contexto [/Integradora4D] debido a errores previos
oct 20, 2015 12:43:08 PM org.apache.catalina.core.StandardContext stop
INFORMACIÓN: No se ha arrancado el Contenedor org.apache.catalina.core.ContainerBase.[Catalina].[localhost].[/Integradora4D]
oct 20, 2015 2:20:50 PM org.apache.catalina.core.StandardContext stop
INFORMACIÓN: No se ha arrancado el Contenedor org.apache.catalina.core.ContainerBase.[Catalina].[localhost].[/Integradora4D]
oct 20, 2015 2:20:51 PM org.apache.catalina.startup.HostConfig checkResources
INFORMACIÓN: Repliegue (undeploy) de la aplicación web que tiene como trayectoria de contexto /Integradora4D
oct 20, 2015 2:20:59 PM org.apache.catalina.startup.HostConfig deployDescriptor
INFORMACIÓN: Desplieque del descriptor de configuración Integradora4D.xml
oct 20, 2015 2:21:00 PM com.opensymphony.xwork2.util.logging.jdk.JdkLogger info
INFORMACIÓN: Parsing configuration file [struts-default.xml]
oct 20, 2015 2:21:00 PM com.opensymphony.xwork2.util.logging.jdk.JdkLogger info
INFORMACIÓN: Parsing configuration file [struts-plugin.xml]
oct 20, 2015 2:21:00 PM com.opensymphony.xwork2.util.logging.jdk.JdkLogger info
INFORMACIÓN: Parsing configuration file [struts.xml]
oct 20, 2015 2:21:00 PM com.opensymphony.xwork2.util.logging.jdk.JdkLogger info
INFORMACIÓN: Choosing bean (struts) for (com.opensymphony.xwork2.ObjectFactory)
oct 20, 2015 2:21:00 PM com.opensymphony.xwork2.util.logging.jdk.JdkLogger info
INFORMACIÓN: Choosing bean (struts) for (com.opensymphony.xwork2.FileManager)
oct 20, 2015 2:21:00 PM com.opensymphony.xwork2.util.logging.jdk.JdkLogger info
INFORMACIÓN: Choosing bean (struts) for (com.opensymphony.xwork2.conversion.impl.XWorkConverter)
oct 20, 2015 2:21:00 PM com.opensymphony.xwork2.util.logging.jdk.JdkLogger info
INFORMACIÓN: Choosing bean (struts) for (com.opensymphony.xwork2.TextProvider)
oct 20, 2015 2:21:00 PM com.opensymphony.xwork2.util.logging.jdk.JdkLogger info
INFORMACIÓN: Choosing bean (struts) for (com.opensymphony.xwork2.ActionProxyFactory)
oct 20, 2015 2:21:00 PM com.opensymphony.xwork2.util.logging.jdk.JdkLogger info
INFORMACIÓN: Choosing bean (struts) for (com.opensymphony.xwork2.conversion.ObjectTypeDeterminer)
oct 20, 2015 2:21:00 PM com.opensymphony.xwork2.util.logging.jdk.JdkLogger info
INFORMACIÓN: Choosing bean (struts) for (org.apache.struts2.dispatcher.mapper.ActionMapper)
oct 20, 2015 2:21:00 PM com.opensymphony.xwork2.util.logging.jdk.JdkLogger info
INFORMACIÓN: Choosing bean (jakarta) for (org.apache.struts2.dispatcher.multipart.MultiPartRequest)
oct 20, 2015 2:21:00 PM com.opensymphony.xwork2.util.logging.jdk.JdkLogger info
INFORMACIÓN: Choosing bean (struts) for (org.apache.struts2.views.freemarker.FreemarkerManager)
oct 20, 2015 2:21:00 PM com.opensymphony.xwork2.util.logging.jdk.JdkLogger info
INFORMACIÓN: Choosing bean (struts) for (org.apache.struts2.components.UrlRenderer)
oct 20, 2015 2:21:00 PM com.opensymphony.xwork2.util.logging.jdk.JdkLogger info
INFORMACIÓN: Choosing bean (struts) for (com.opensymphony.xwork2.validator.ActionValidatorManager)
oct 20, 2015 2:21:00 PM com.opensymphony.xwork2.util.logging.jdk.JdkLogger info
INFORMACIÓN: Choosing bean (struts) for (com.opensymphony.xwork2.util.ValueStackFactory)
oct 20, 2015 2:21:00 PM com.opensymphony.xwork2.util.logging.jdk.JdkLogger info
INFORMACIÓN: Choosing bean (struts) for (com.opensymphony.xwork2.util.reflection.ReflectionProvider)
oct 20, 2015 2:21:00 PM com.opensymphony.xwork2.util.logging.jdk.JdkLogger info
INFORMACIÓN: Choosing bean (struts) for (com.opensymphony.xwork2.util.reflection.ReflectionContextFactory)
oct 20, 2015 2:21:00 PM com.opensymphony.xwork2.util.logging.jdk.JdkLogger info
INFORMACIÓN: Choosing bean (struts) for (com.opensymphony.xwork2.util.PatternMatcher)
oct 20, 2015 2:21:00 PM com.opensymphony.xwork2.util.logging.jdk.JdkLogger info
INFORMACIÓN: Choosing bean (struts) for (org.apache.struts2.dispatcher.StaticContentLoader)
oct 20, 2015 2:21:00 PM com.opensymphony.xwork2.util.logging.jdk.JdkLogger info
INFORMACIÓN: Choosing bean (struts) for (com.opensymphony.xwork2.UnknownHandlerManager)
oct 20, 2015 2:21:00 PM com.opensymphony.xwork2.util.logging.jdk.JdkLogger info
INFORMACIÓN: Choosing bean (struts) for (org.apache.struts2.views.util.UrlHelper)
oct 20, 2015 2:21:00 PM org.apache.catalina.core.StandardContext start
INFORMACIÓN: Ya ha sido arrancado el Contenedor org.apache.catalina.core.ContainerBase.[Catalina].[localhost].[/Integradora4D]
oct 20, 2015 2:26:58 PM org.apache.catalina.core.StandardContext reload
INFORMACIÓN: Ha comenzado la recarga de Contexto [/Integradora4D]
oct 20, 2015 2:26:58 PM org.apache.catalina.loader.WebappClassLoader clearReferencesJdbc
GRAVE: The web application [/Integradora4D] registered the JDBC driver [com.microsoft.sqlserver.jdbc.SQLServerDriver] but failed to unregister it when the web application was stopped. To prevent a memory leak, the JDBC Driver has been forcibly unregistered.
oct 20, 2015 2:26:58 PM org.apache.catalina.loader.WebappClassLoader checkThreadLocalMapForLeaks
GRAVE: The web application [/Integradora4D] created a ThreadLocal with key of type [com.microsoft.sqlserver.jdbc.ActivityCorrelator$1] (value [com.microsoft.sqlserver.jdbc.ActivityCorrelator$1@7fee7fd7]) and a value of type [com.microsoft.sqlserver.jdbc.ActivityId] (value [8f23a6b1-83de-449d-a953-ebbbe30a4c3c-1]) but failed to remove it when the web application was stopped. This is very likely to create a memory leak.
oct 20, 2015 2:26:58 PM com.microsoft.sqlserver.jdbc.AuthenticationJNI <clinit>
ADVERTENCIA: Failed to load the sqljdbc_auth.dll cause : no sqljdbc_auth in java.library.path
oct 20, 2015 2:26:59 PM com.opensymphony.xwork2.util.logging.jdk.JdkLogger info
INFORMACIÓN: Parsing configuration file [struts-default.xml]
oct 20, 2015 2:26:59 PM com.opensymphony.xwork2.util.logging.jdk.JdkLogger info
INFORMACIÓN: Parsing configuration file [struts-plugin.xml]
oct 20, 2015 2:26:59 PM com.opensymphony.xwork2.util.logging.jdk.JdkLogger info
INFORMACIÓN: Parsing configuration file [struts.xml]
oct 20, 2015 2:26:59 PM com.opensymphony.xwork2.util.logging.jdk.JdkLogger info
INFORMACIÓN: Choosing bean (struts) for (com.opensymphony.xwork2.ObjectFactory)
oct 20, 2015 2:26:59 PM com.opensymphony.xwork2.util.logging.jdk.JdkLogger info
INFORMACIÓN: Choosing bean (struts) for (com.opensymphony.xwork2.FileManager)
oct 20, 2015 2:26:59 PM com.opensymphony.xwork2.util.logging.jdk.JdkLogger info
INFORMACIÓN: Choosing bean (struts) for (com.opensymphony.xwork2.conversion.impl.XWorkConverter)
oct 20, 2015 2:26:59 PM com.opensymphony.xwork2.util.logging.jdk.JdkLogger info
INFORMACIÓN: Choosing bean (struts) for (com.opensymphony.xwork2.TextProvider)
oct 20, 2015 2:26:59 PM com.opensymphony.xwork2.util.logging.jdk.JdkLogger info
INFORMACIÓN: Choosing bean (struts) for (com.opensymphony.xwork2.ActionProxyFactory)
oct 20, 2015 2:26:59 PM com.opensymphony.xwork2.util.logging.jdk.JdkLogger info
INFORMACIÓN: Choosing bean (struts) for (com.opensymphony.xwork2.conversion.ObjectTypeDeterminer)
oct 20, 2015 2:26:59 PM com.opensymphony.xwork2.util.logging.jdk.JdkLogger info
INFORMACIÓN: Choosing bean (struts) for (org.apache.struts2.dispatcher.mapper.ActionMapper)
oct 20, 2015 2:26:59 PM com.opensymphony.xwork2.util.logging.jdk.JdkLogger info
INFORMACIÓN: Choosing bean (jakarta) for (org.apache.struts2.dispatcher.multipart.MultiPartRequest)
oct 20, 2015 2:26:59 PM com.opensymphony.xwork2.util.logging.jdk.JdkLogger info
INFORMACIÓN: Choosing bean (struts) for (org.apache.struts2.views.freemarker.FreemarkerManager)
oct 20, 2015 2:26:59 PM com.opensymphony.xwork2.util.logging.jdk.JdkLogger info
INFORMACIÓN: Choosing bean (struts) for (org.apache.struts2.components.UrlRenderer)
oct 20, 2015 2:26:59 PM com.opensymphony.xwork2.util.logging.jdk.JdkLogger info
INFORMACIÓN: Choosing bean (struts) for (com.opensymphony.xwork2.validator.ActionValidatorManager)
oct 20, 2015 2:26:59 PM com.opensymphony.xwork2.util.logging.jdk.JdkLogger info
INFORMACIÓN: Choosing bean (struts) for (com.opensymphony.xwork2.util.ValueStackFactory)
oct 20, 2015 2:26:59 PM com.opensymphony.xwork2.util.logging.jdk.JdkLogger info
INFORMACIÓN: Choosing bean (struts) for (com.opensymphony.xwork2.util.reflection.ReflectionProvider)
oct 20, 2015 2:26:59 PM com.opensymphony.xwork2.util.logging.jdk.JdkLogger info
INFORMACIÓN: Choosing bean (struts) for (com.opensymphony.xwork2.util.reflection.ReflectionContextFactory)
oct 20, 2015 2:26:59 PM com.opensymphony.xwork2.util.logging.jdk.JdkLogger info
INFORMACIÓN: Choosing bean (struts) for (com.opensymphony.xwork2.util.PatternMatcher)
oct 20, 2015 2:26:59 PM com.opensymphony.xwork2.util.logging.jdk.JdkLogger info
INFORMACIÓN: Choosing bean (struts) for (org.apache.struts2.dispatcher.StaticContentLoader)
oct 20, 2015 2:26:59 PM com.opensymphony.xwork2.util.logging.jdk.JdkLogger info
INFORMACIÓN: Choosing bean (struts) for (com.opensymphony.xwork2.UnknownHandlerManager)
oct 20, 2015 2:26:59 PM com.opensymphony.xwork2.util.logging.jdk.JdkLogger info
INFORMACIÓN: Choosing bean (struts) for (org.apache.struts2.views.util.UrlHelper)
oct 20, 2015 2:28:58 PM org.apache.catalina.core.StandardContext reload
INFORMACIÓN: Ha comenzado la recarga de Contexto [/Integradora4D]
oct 20, 2015 2:29:00 PM com.opensymphony.xwork2.util.logging.jdk.JdkLogger info
INFORMACIÓN: Parsing configuration file [struts-default.xml]
oct 20, 2015 2:29:00 PM com.opensymphony.xwork2.util.logging.jdk.JdkLogger info
INFORMACIÓN: Parsing configuration file [struts-plugin.xml]
oct 20, 2015 2:29:00 PM com.opensymphony.xwork2.util.logging.jdk.JdkLogger info
INFORMACIÓN: Parsing configuration file [struts.xml]
oct 20, 2015 2:29:00 PM com.opensymphony.xwork2.util.logging.jdk.JdkLogger info
INFORMACIÓN: Choosing bean (struts) for (com.opensymphony.xwork2.ObjectFactory)
oct 20, 2015 2:29:00 PM com.opensymphony.xwork2.util.logging.jdk.JdkLogger info
INFORMACIÓN: Choosing bean (struts) for (com.opensymphony.xwork2.FileManager)
oct 20, 2015 2:29:00 PM com.opensymphony.xwork2.util.logging.jdk.JdkLogger info
INFORMACIÓN: Choosing bean (struts) for (com.opensymphony.xwork2.conversion.impl.XWorkConverter)
oct 20, 2015 2:29:00 PM com.opensymphony.xwork2.util.logging.jdk.JdkLogger info
INFORMACIÓN: Choosing bean (struts) for (com.opensymphony.xwork2.TextProvider)
oct 20, 2015 2:29:00 PM com.opensymphony.xwork2.util.logging.jdk.JdkLogger info
INFORMACIÓN: Choosing bean (struts) for (com.opensymphony.xwork2.ActionProxyFactory)
oct 20, 2015 2:29:00 PM com.opensymphony.xwork2.util.logging.jdk.JdkLogger info
INFORMACIÓN: Choosing bean (struts) for (com.opensymphony.xwork2.conversion.ObjectTypeDeterminer)
oct 20, 2015 2:29:00 PM com.opensymphony.xwork2.util.logging.jdk.JdkLogger info
INFORMACIÓN: Choosing bean (struts) for (org.apache.struts2.dispatcher.mapper.ActionMapper)
oct 20, 2015 2:29:00 PM com.opensymphony.xwork2.util.logging.jdk.JdkLogger info
INFORMACIÓN: Choosing bean (jakarta) for (org.apache.struts2.dispatcher.multipart.MultiPartRequest)
oct 20, 2015 2:29:00 PM com.opensymphony.xwork2.util.logging.jdk.JdkLogger info
INFORMACIÓN: Choosing bean (struts) for (org.apache.struts2.views.freemarker.FreemarkerManager)
oct 20, 2015 2:29:00 PM com.opensymphony.xwork2.util.logging.jdk.JdkLogger info
INFORMACIÓN: Choosing bean (struts) for (org.apache.struts2.components.UrlRenderer)
oct 20, 2015 2:29:00 PM com.opensymphony.xwork2.util.logging.jdk.JdkLogger info
INFORMACIÓN: Choosing bean (struts) for (com.opensymphony.xwork2.validator.ActionValidatorManager)
oct 20, 2015 2:29:00 PM com.opensymphony.xwork2.util.logging.jdk.JdkLogger info
INFORMACIÓN: Choosing bean (struts) for (com.opensymphony.xwork2.util.ValueStackFactory)
oct 20, 2015 2:29:00 PM com.opensymphony.xwork2.util.logging.jdk.JdkLogger info
INFORMACIÓN: Choosing bean (struts) for (com.opensymphony.xwork2.util.reflection.ReflectionProvider)
oct 20, 2015 2:29:00 PM com.opensymphony.xwork2.util.logging.jdk.JdkLogger info
INFORMACIÓN: Choosing bean (struts) for (com.opensymphony.xwork2.util.reflection.ReflectionContextFactory)
oct 20, 2015 2:29:00 PM com.opensymphony.xwork2.util.logging.jdk.JdkLogger info
INFORMACIÓN: Choosing bean (struts) for (com.opensymphony.xwork2.util.PatternMatcher)
oct 20, 2015 2:29:00 PM com.opensymphony.xwork2.util.logging.jdk.JdkLogger info
INFORMACIÓN: Choosing bean (struts) for (org.apache.struts2.dispatcher.StaticContentLoader)
oct 20, 2015 2:29:00 PM com.opensymphony.xwork2.util.logging.jdk.JdkLogger info
INFORMACIÓN: Choosing bean (struts) for (com.opensymphony.xwork2.UnknownHandlerManager)
oct 20, 2015 2:29:00 PM com.opensymphony.xwork2.util.logging.jdk.JdkLogger info
INFORMACIÓN: Choosing bean (struts) for (org.apache.struts2.views.util.UrlHelper)
oct 20, 2015 2:29:14 PM org.apache.catalina.startup.HostConfig checkResources
INFORMACIÓN: Repliegue (undeploy) de la aplicación web que tiene como trayectoria de contexto /Integradora4D
oct 20, 2015 2:29:49 PM org.apache.coyote.http11.Http11AprProtocol pause
INFORMACIÓN: Pausando Coyote HTTP/1.1 en puerto http-8080
oct 20, 2015 2:29:49 PM org.apache.coyote.ajp.AjpAprProtocol pause
INFORMACIÓN: Pausando Coyote AJP/1.3 en ajp-8009
oct 20, 2015 2:29:50 PM org.apache.catalina.core.StandardService stop
INFORMACIÓN: Parando servicio Catalina
oct 20, 2015 2:29:50 PM org.apache.coyote.http11.Http11AprProtocol destroy
INFORMACIÓN: Parando Coyote HTTP/1.1 en puerto http-8080
oct 20, 2015 2:29:50 PM org.apache.coyote.ajp.AjpAprProtocol destroy
INFORMACIÓN: Parando Coyote AJP/1.3 en ajp-8009
oct 20, 2015 2:30:53 PM org.apache.catalina.core.AprLifecycleListener init
INFORMACIÓN: Cargada la biblioteca nativa APR de Apache Tomcat 1.1.33 con la versión APR 1.5.1.
oct 20, 2015 2:30:53 PM org.apache.catalina.core.AprLifecycleListener init
INFORMACIÓN: Capacidades APR: IPv6 [true], enviar fichero [true], aceptar filtros [false], aleatorio [true].
oct 20, 2015 2:30:54 PM org.apache.catalina.core.AprLifecycleListener initializeSSL
INFORMACIÓN: OpenSSL inicializado correctamente con versión OpenSSL 1.0.1m 19 Mar 2015
oct 20, 2015 2:30:55 PM org.apache.coyote.http11.Http11AprProtocol init
INFORMACIÓN: Inicializando Coyote HTTP/1.1 en puerto http-8080
oct 20, 2015 2:30:55 PM org.apache.coyote.ajp.AjpAprProtocol init
INFORMACIÓN: Inicializando Coyote AJP/1.3 en ajp-8009
oct 20, 2015 2:30:55 PM org.apache.catalina.startup.Catalina load
INFORMACIÓN: Initialization processed in 1751 ms
oct 20, 2015 2:30:55 PM org.apache.catalina.core.StandardService start
INFORMACIÓN: Arrancando servicio Catalina
oct 20, 2015 2:30:55 PM org.apache.catalina.core.StandardEngine start
INFORMACIÓN: Starting Servlet Engine: Apache Tomcat/6.0.44
oct 20, 2015 2:30:55 PM org.apache.catalina.startup.HostConfig deployDescriptor
INFORMACIÓN: Desplieque del descriptor de configuración host-manager.xml
oct 20, 2015 2:30:55 PM org.apache.catalina.startup.HostConfig deployDescriptor
INFORMACIÓN: Desplieque del descriptor de configuración manager.xml
oct 20, 2015 2:30:55 PM org.apache.catalina.startup.HostConfig deployDirectory
INFORMACIÓN: Despliegue del directorio docs de la aplicación web
oct 20, 2015 2:30:55 PM org.apache.catalina.startup.HostConfig deployDirectory
INFORMACIÓN: Despliegue del directorio examples de la aplicación web
oct 20, 2015 2:30:55 PM org.apache.catalina.startup.HostConfig deployDirectory
INFORMACIÓN: Despliegue del directorio ROOT de la aplicación web
oct 20, 2015 2:30:56 PM org.apache.coyote.http11.Http11AprProtocol start
INFORMACIÓN: Arrancando Coyote HTTP/1.1 en puerto http-8080
oct 20, 2015 2:30:56 PM org.apache.coyote.ajp.AjpAprProtocol start
INFORMACIÓN: Arrancando Coyote AJP/1.3 en ajp-8009
oct 20, 2015 2:30:56 PM org.apache.catalina.startup.Catalina start
INFORMACIÓN: Server startup in 1045 ms
oct 20, 2015 2:31:36 PM org.apache.coyote.http11.Http11AprProtocol pause
INFORMACIÓN: Pausando Coyote HTTP/1.1 en puerto http-8080
oct 20, 2015 2:31:36 PM org.apache.coyote.ajp.AjpAprProtocol pause
INFORMACIÓN: Pausando Coyote AJP/1.3 en ajp-8009
oct 20, 2015 2:31:37 PM org.apache.catalina.core.StandardService stop
INFORMACIÓN: Parando servicio Catalina
oct 20, 2015 2:31:38 PM org.apache.coyote.http11.Http11AprProtocol destroy
INFORMACIÓN: Parando Coyote HTTP/1.1 en puerto http-8080
oct 20, 2015 2:31:38 PM org.apache.coyote.ajp.AjpAprProtocol destroy
INFORMACIÓN: Parando Coyote AJP/1.3 en ajp-8009
oct 20, 2015 2:31:42 PM org.apache.catalina.core.AprLifecycleListener init
INFORMACIÓN: Cargada la biblioteca nativa APR de Apache Tomcat 1.1.33 con la versión APR 1.5.1.
oct 20, 2015 2:31:42 PM org.apache.catalina.core.AprLifecycleListener init
INFORMACIÓN: Capacidades APR: IPv6 [true], enviar fichero [true], aceptar filtros [false], aleatorio [true].
oct 20, 2015 2:31:43 PM org.apache.catalina.core.AprLifecycleListener initializeSSL
INFORMACIÓN: OpenSSL inicializado correctamente con versión OpenSSL 1.0.1m 19 Mar 2015
oct 20, 2015 2:31:43 PM org.apache.coyote.http11.Http11AprProtocol init
INFORMACIÓN: Inicializando Coyote HTTP/1.1 en puerto http-8080
oct 20, 2015 2:31:43 PM org.apache.coyote.ajp.AjpAprProtocol init
INFORMACIÓN: Inicializando Coyote AJP/1.3 en ajp-8009
oct 20, 2015 2:31:43 PM org.apache.catalina.startup.Catalina load
INFORMACIÓN: Initialization processed in 1496 ms
oct 20, 2015 2:31:43 PM org.apache.catalina.core.StandardService start
INFORMACIÓN: Arrancando servicio Catalina
oct 20, 2015 2:31:43 PM org.apache.catalina.core.StandardEngine start
INFORMACIÓN: Starting Servlet Engine: Apache Tomcat/6.0.44
oct 20, 2015 2:31:43 PM org.apache.catalina.startup.HostConfig deployDescriptor
INFORMACIÓN: Desplieque del descriptor de configuración host-manager.xml
oct 20, 2015 2:31:43 PM org.apache.catalina.startup.HostConfig deployDescriptor
INFORMACIÓN: Desplieque del descriptor de configuración manager.xml
oct 20, 2015 2:31:43 PM org.apache.catalina.startup.HostConfig deployDirectory
INFORMACIÓN: Despliegue del directorio docs de la aplicación web
oct 20, 2015 2:31:43 PM org.apache.catalina.startup.HostConfig deployDirectory
INFORMACIÓN: Despliegue del directorio examples de la aplicación web
oct 20, 2015 2:31:44 PM org.apache.catalina.startup.HostConfig deployDirectory
INFORMACIÓN: Despliegue del directorio ROOT de la aplicación web
oct 20, 2015 2:31:44 PM org.apache.coyote.http11.Http11AprProtocol start
INFORMACIÓN: Arrancando Coyote HTTP/1.1 en puerto http-8080
oct 20, 2015 2:31:44 PM org.apache.coyote.ajp.AjpAprProtocol start
INFORMACIÓN: Arrancando Coyote AJP/1.3 en ajp-8009
oct 20, 2015 2:31:44 PM org.apache.catalina.startup.Catalina start
INFORMACIÓN: Server startup in 990 ms
oct 20, 2015 2:32:14 PM org.apache.coyote.http11.Http11AprProtocol pause
INFORMACIÓN: Pausando Coyote HTTP/1.1 en puerto http-8080
oct 20, 2015 2:32:14 PM org.apache.coyote.ajp.AjpAprProtocol pause
INFORMACIÓN: Pausando Coyote AJP/1.3 en ajp-8009
oct 20, 2015 2:32:15 PM org.apache.catalina.core.StandardService stop
INFORMACIÓN: Parando servicio Catalina
oct 20, 2015 2:32:15 PM org.apache.coyote.http11.Http11AprProtocol destroy
INFORMACIÓN: Parando Coyote HTTP/1.1 en puerto http-8080
oct 20, 2015 2:32:15 PM org.apache.coyote.ajp.AjpAprProtocol destroy
INFORMACIÓN: Parando Coyote AJP/1.3 en ajp-8009
oct 20, 2015 2:32:49 PM org.apache.catalina.core.AprLifecycleListener init
INFORMACIÓN: Cargada la biblioteca nativa APR de Apache Tomcat 1.1.33 con la versión APR 1.5.1.
oct 20, 2015 2:32:49 PM org.apache.catalina.core.AprLifecycleListener init
INFORMACIÓN: Capacidades APR: IPv6 [true], enviar fichero [true], aceptar filtros [false], aleatorio [true].
oct 20, 2015 2:32:50 PM org.apache.catalina.core.AprLifecycleListener initializeSSL
INFORMACIÓN: OpenSSL inicializado correctamente con versión OpenSSL 1.0.1m 19 Mar 2015
oct 20, 2015 2:32:51 PM org.apache.coyote.http11.Http11AprProtocol init
INFORMACIÓN: Inicializando Coyote HTTP/1.1 en puerto http-8080
oct 20, 2015 2:32:51 PM org.apache.coyote.ajp.AjpAprProtocol init
INFORMACIÓN: Inicializando Coyote AJP/1.3 en ajp-8009
oct 20, 2015 2:32:51 PM org.apache.catalina.startup.Catalina load
INFORMACIÓN: Initialization processed in 1457 ms
oct 20, 2015 2:32:51 PM org.apache.catalina.core.StandardService start
INFORMACIÓN: Arrancando servicio Catalina
oct 20, 2015 2:32:51 PM org.apache.catalina.core.StandardEngine start
INFORMACIÓN: Starting Servlet Engine: Apache Tomcat/6.0.44
oct 20, 2015 2:32:51 PM org.apache.catalina.startup.HostConfig deployDescriptor
INFORMACIÓN: Desplieque del descriptor de configuración host-manager.xml
oct 20, 2015 2:32:51 PM org.apache.catalina.startup.HostConfig deployDescriptor
INFORMACIÓN: Desplieque del descriptor de configuración manager.xml
oct 20, 2015 2:32:51 PM org.apache.catalina.startup.HostConfig deployDirectory
INFORMACIÓN: Despliegue del directorio docs de la aplicación web
oct 20, 2015 2:32:51 PM org.apache.catalina.startup.HostConfig deployDirectory
INFORMACIÓN: Despliegue del directorio examples de la aplicación web
oct 20, 2015 2:32:51 PM org.apache.catalina.startup.HostConfig deployDirectory
INFORMACIÓN: Despliegue del directorio ROOT de la aplicación web
oct 20, 2015 2:32:52 PM org.apache.coyote.http11.Http11AprProtocol start
INFORMACIÓN: Arrancando Coyote HTTP/1.1 en puerto http-8080
oct 20, 2015 2:32:52 PM org.apache.coyote.ajp.AjpAprProtocol start
INFORMACIÓN: Arrancando Coyote AJP/1.3 en ajp-8009
oct 20, 2015 2:32:52 PM org.apache.catalina.startup.Catalina start
INFORMACIÓN: Server startup in 1024 ms
oct 20, 2015 2:33:04 PM org.apache.catalina.startup.HostConfig deployDescriptor
INFORMACIÓN: Desplieque del descriptor de configuración Integradora4D.xml
oct 20, 2015 2:33:05 PM com.opensymphony.xwork2.util.logging.jdk.JdkLogger info
INFORMACIÓN: Parsing configuration file [struts-default.xml]
oct 20, 2015 2:33:05 PM com.opensymphony.xwork2.util.logging.jdk.JdkLogger info
INFORMACIÓN: Parsing configuration file [struts-plugin.xml]
oct 20, 2015 2:33:05 PM com.opensymphony.xwork2.util.logging.jdk.JdkLogger info
INFORMACIÓN: Parsing configuration file [struts.xml]
oct 20, 2015 2:33:05 PM com.opensymphony.xwork2.util.logging.jdk.JdkLogger info
INFORMACIÓN: Choosing bean (struts) for (com.opensymphony.xwork2.ObjectFactory)
oct 20, 2015 2:33:05 PM com.opensymphony.xwork2.util.logging.jdk.JdkLogger info
INFORMACIÓN: Choosing bean (struts) for (com.opensymphony.xwork2.FileManager)
oct 20, 2015 2:33:05 PM com.opensymphony.xwork2.util.logging.jdk.JdkLogger info
INFORMACIÓN: Choosing bean (struts) for (com.opensymphony.xwork2.conversion.impl.XWorkConverter)
oct 20, 2015 2:33:05 PM com.opensymphony.xwork2.util.logging.jdk.JdkLogger info
INFORMACIÓN: Choosing bean (struts) for (com.opensymphony.xwork2.TextProvider)
oct 20, 2015 2:33:05 PM com.opensymphony.xwork2.util.logging.jdk.JdkLogger info
INFORMACIÓN: Choosing bean (struts) for (com.opensymphony.xwork2.ActionProxyFactory)
oct 20, 2015 2:33:05 PM com.opensymphony.xwork2.util.logging.jdk.JdkLogger info
INFORMACIÓN: Choosing bean (struts) for (com.opensymphony.xwork2.conversion.ObjectTypeDeterminer)
oct 20, 2015 2:33:05 PM com.opensymphony.xwork2.util.logging.jdk.JdkLogger info
INFORMACIÓN: Choosing bean (struts) for (org.apache.struts2.dispatcher.mapper.ActionMapper)
oct 20, 2015 2:33:05 PM com.opensymphony.xwork2.util.logging.jdk.JdkLogger info
INFORMACIÓN: Choosing bean (jakarta) for (org.apache.struts2.dispatcher.multipart.MultiPartRequest)
oct 20, 2015 2:33:05 PM com.opensymphony.xwork2.util.logging.jdk.JdkLogger info
INFORMACIÓN: Choosing bean (struts) for (org.apache.struts2.views.freemarker.FreemarkerManager)
oct 20, 2015 2:33:05 PM com.opensymphony.xwork2.util.logging.jdk.JdkLogger info
INFORMACIÓN: Choosing bean (struts) for (org.apache.struts2.components.UrlRenderer)
oct 20, 2015 2:33:05 PM com.opensymphony.xwork2.util.logging.jdk.JdkLogger info
INFORMACIÓN: Choosing bean (struts) for (com.opensymphony.xwork2.validator.ActionValidatorManager)
oct 20, 2015 2:33:05 PM com.opensymphony.xwork2.util.logging.jdk.JdkLogger info
INFORMACIÓN: Choosing bean (struts) for (com.opensymphony.xwork2.util.ValueStackFactory)
oct 20, 2015 2:33:05 PM com.opensymphony.xwork2.util.logging.jdk.JdkLogger info
INFORMACIÓN: Choosing bean (struts) for (com.opensymphony.xwork2.util.reflection.ReflectionProvider)
oct 20, 2015 2:33:05 PM com.opensymphony.xwork2.util.logging.jdk.JdkLogger info
INFORMACIÓN: Choosing bean (struts) for (com.opensymphony.xwork2.util.reflection.ReflectionContextFactory)
oct 20, 2015 2:33:05 PM com.opensymphony.xwork2.util.logging.jdk.JdkLogger info
INFORMACIÓN: Choosing bean (struts) for (com.opensymphony.xwork2.util.PatternMatcher)
oct 20, 2015 2:33:05 PM com.opensymphony.xwork2.util.logging.jdk.JdkLogger info
INFORMACIÓN: Choosing bean (struts) for (org.apache.struts2.dispatcher.StaticContentLoader)
oct 20, 2015 2:33:05 PM com.opensymphony.xwork2.util.logging.jdk.JdkLogger info
INFORMACIÓN: Choosing bean (struts) for (com.opensymphony.xwork2.UnknownHandlerManager)
oct 20, 2015 2:33:05 PM com.opensymphony.xwork2.util.logging.jdk.JdkLogger info
INFORMACIÓN: Choosing bean (struts) for (org.apache.struts2.views.util.UrlHelper)
oct 20, 2015 2:33:05 PM org.apache.catalina.core.StandardContext start
INFORMACIÓN: Ya ha sido arrancado el Contenedor org.apache.catalina.core.ContainerBase.[Catalina].[localhost].[/Integradora4D]
oct 20, 2015 2:36:18 PM org.apache.catalina.startup.HostConfig checkResources
INFORMACIÓN: Repliegue (undeploy) de la aplicación web que tiene como trayectoria de contexto /Integradora4D
oct 20, 2015 2:36:26 PM org.apache.catalina.startup.HostConfig deployDescriptor
INFORMACIÓN: Desplieque del descriptor de configuración Integradora4D.xml
oct 20, 2015 2:36:27 PM com.opensymphony.xwork2.util.logging.jdk.JdkLogger info
INFORMACIÓN: Parsing configuration file [struts-default.xml]
oct 20, 2015 2:36:27 PM com.opensymphony.xwork2.util.logging.jdk.JdkLogger info
INFORMACIÓN: Parsing configuration file [struts-plugin.xml]
oct 20, 2015 2:36:28 PM com.opensymphony.xwork2.util.logging.jdk.JdkLogger info
INFORMACIÓN: Parsing configuration file [struts.xml]
oct 20, 2015 2:36:28 PM com.opensymphony.xwork2.util.logging.jdk.JdkLogger info
INFORMACIÓN: Choosing bean (struts) for (com.opensymphony.xwork2.ObjectFactory)
oct 20, 2015 2:36:28 PM com.opensymphony.xwork2.util.logging.jdk.JdkLogger info
INFORMACIÓN: Choosing bean (struts) for (com.opensymphony.xwork2.FileManager)
oct 20, 2015 2:36:28 PM com.opensymphony.xwork2.util.logging.jdk.JdkLogger info
INFORMACIÓN: Choosing bean (struts) for (com.opensymphony.xwork2.conversion.impl.XWorkConverter)
oct 20, 2015 2:36:28 PM com.opensymphony.xwork2.util.logging.jdk.JdkLogger info
INFORMACIÓN: Choosing bean (struts) for (com.opensymphony.xwork2.TextProvider)
oct 20, 2015 2:36:28 PM com.opensymphony.xwork2.util.logging.jdk.JdkLogger info
INFORMACIÓN: Choosing bean (struts) for (com.opensymphony.xwork2.ActionProxyFactory)
oct 20, 2015 2:36:28 PM com.opensymphony.xwork2.util.logging.jdk.JdkLogger info
INFORMACIÓN: Choosing bean (struts) for (com.opensymphony.xwork2.conversion.ObjectTypeDeterminer)
oct 20, 2015 2:36:28 PM com.opensymphony.xwork2.util.logging.jdk.JdkLogger info
INFORMACIÓN: Choosing bean (struts) for (org.apache.struts2.dispatcher.mapper.ActionMapper)
oct 20, 2015 2:36:28 PM com.opensymphony.xwork2.util.logging.jdk.JdkLogger info
INFORMACIÓN: Choosing bean (jakarta) for (org.apache.struts2.dispatcher.multipart.MultiPartRequest)
oct 20, 2015 2:36:28 PM com.opensymphony.xwork2.util.logging.jdk.JdkLogger info
INFORMACIÓN: Choosing bean (struts) for (org.apache.struts2.views.freemarker.FreemarkerManager)
oct 20, 2015 2:36:28 PM com.opensymphony.xwork2.util.logging.jdk.JdkLogger info
INFORMACIÓN: Choosing bean (struts) for (org.apache.struts2.components.UrlRenderer)
oct 20, 2015 2:36:28 PM com.opensymphony.xwork2.util.logging.jdk.JdkLogger info
INFORMACIÓN: Choosing bean (struts) for (com.opensymphony.xwork2.validator.ActionValidatorManager)
oct 20, 2015 2:36:28 PM com.opensymphony.xwork2.util.logging.jdk.JdkLogger info
INFORMACIÓN: Choosing bean (struts) for (com.opensymphony.xwork2.util.ValueStackFactory)
oct 20, 2015 2:36:28 PM com.opensymphony.xwork2.util.logging.jdk.JdkLogger info
INFORMACIÓN: Choosing bean (struts) for (com.opensymphony.xwork2.util.reflection.ReflectionProvider)
oct 20, 2015 2:36:28 PM com.opensymphony.xwork2.util.logging.jdk.JdkLogger info
INFORMACIÓN: Choosing bean (struts) for (com.opensymphony.xwork2.util.reflection.ReflectionContextFactory)
oct 20, 2015 2:36:28 PM com.opensymphony.xwork2.util.logging.jdk.JdkLogger info
INFORMACIÓN: Choosing bean (struts) for (com.opensymphony.xwork2.util.PatternMatcher)
oct 20, 2015 2:36:28 PM com.opensymphony.xwork2.util.logging.jdk.JdkLogger info
INFORMACIÓN: Choosing bean (struts) for (org.apache.struts2.dispatcher.StaticContentLoader)
oct 20, 2015 2:36:28 PM com.opensymphony.xwork2.util.logging.jdk.JdkLogger info
INFORMACIÓN: Choosing bean (struts) for (com.opensymphony.xwork2.UnknownHandlerManager)
oct 20, 2015 2:36:28 PM com.opensymphony.xwork2.util.logging.jdk.JdkLogger info
INFORMACIÓN: Choosing bean (struts) for (org.apache.struts2.views.util.UrlHelper)
oct 20, 2015 2:36:28 PM org.apache.catalina.core.StandardContext start
INFORMACIÓN: Ya ha sido arrancado el Contenedor org.apache.catalina.core.ContainerBase.[Catalina].[localhost].[/Integradora4D]
oct 20, 2015 2:42:43 PM org.apache.catalina.startup.HostConfig checkResources
INFORMACIÓN: Repliegue (undeploy) de la aplicación web que tiene como trayectoria de contexto /Integradora4D
oct 20, 2015 2:43:00 PM org.apache.catalina.startup.HostConfig deployDescriptor
INFORMACIÓN: Desplieque del descriptor de configuración Integradora4D.xml
oct 20, 2015 2:43:00 PM org.apache.catalina.core.StandardContext start
INFORMACIÓN: Ya ha sido arrancado el Contenedor org.apache.catalina.core.ContainerBase.[Catalina].[localhost].[/Integradora4D]
oct 20, 2015 2:43:02 PM org.apache.catalina.startup.HostConfig checkResources
INFORMACIÓN: Falló la recarga del contexto [/Integradora4D]
oct 20, 2015 2:43:03 PM com.opensymphony.xwork2.util.logging.jdk.JdkLogger info
INFORMACIÓN: Parsing configuration file [struts-default.xml]
oct 20, 2015 2:43:03 PM com.opensymphony.xwork2.util.logging.jdk.JdkLogger info
INFORMACIÓN: Parsing configuration file [struts-plugin.xml]
oct 20, 2015 2:43:03 PM com.opensymphony.xwork2.util.logging.jdk.JdkLogger info
INFORMACIÓN: Parsing configuration file [struts.xml]
oct 20, 2015 2:43:03 PM com.opensymphony.xwork2.util.logging.jdk.JdkLogger info
INFORMACIÓN: Choosing bean (struts) for (com.opensymphony.xwork2.ObjectFactory)
oct 20, 2015 2:43:03 PM com.opensymphony.xwork2.util.logging.jdk.JdkLogger info
INFORMACIÓN: Choosing bean (struts) for (com.opensymphony.xwork2.FileManager)
oct 20, 2015 2:43:03 PM com.opensymphony.xwork2.util.logging.jdk.JdkLogger info
INFORMACIÓN: Choosing bean (struts) for (com.opensymphony.xwork2.conversion.impl.XWorkConverter)
oct 20, 2015 2:43:03 PM com.opensymphony.xwork2.util.logging.jdk.JdkLogger info
INFORMACIÓN: Choosing bean (struts) for (com.opensymphony.xwork2.TextProvider)
oct 20, 2015 2:43:03 PM com.opensymphony.xwork2.util.logging.jdk.JdkLogger info
INFORMACIÓN: Choosing bean (struts) for (com.opensymphony.xwork2.ActionProxyFactory)
oct 20, 2015 2:43:03 PM com.opensymphony.xwork2.util.logging.jdk.JdkLogger info
INFORMACIÓN: Choosing bean (struts) for (com.opensymphony.xwork2.conversion.ObjectTypeDeterminer)
oct 20, 2015 2:43:03 PM com.opensymphony.xwork2.util.logging.jdk.JdkLogger info
INFORMACIÓN: Choosing bean (struts) for (org.apache.struts2.dispatcher.mapper.ActionMapper)
oct 20, 2015 2:43:03 PM com.opensymphony.xwork2.util.logging.jdk.JdkLogger info
INFORMACIÓN: Choosing bean (jakarta) for (org.apache.struts2.dispatcher.multipart.MultiPartRequest)
oct 20, 2015 2:43:03 PM com.opensymphony.xwork2.util.logging.jdk.JdkLogger info
INFORMACIÓN: Choosing bean (struts) for (org.apache.struts2.views.freemarker.FreemarkerManager)
oct 20, 2015 2:43:03 PM com.opensymphony.xwork2.util.logging.jdk.JdkLogger info
INFORMACIÓN: Choosing bean (struts) for (org.apache.struts2.components.UrlRenderer)
oct 20, 2015 2:43:03 PM com.opensymphony.xwork2.util.logging.jdk.JdkLogger info
INFORMACIÓN: Choosing bean (struts) for (com.opensymphony.xwork2.validator.ActionValidatorManager)
oct 20, 2015 2:43:03 PM com.opensymphony.xwork2.util.logging.jdk.JdkLogger info
INFORMACIÓN: Choosing bean (struts) for (com.opensymphony.xwork2.util.ValueStackFactory)
oct 20, 2015 2:43:03 PM com.opensymphony.xwork2.util.logging.jdk.JdkLogger info
INFORMACIÓN: Choosing bean (struts) for (com.opensymphony.xwork2.util.reflection.ReflectionProvider)
oct 20, 2015 2:43:03 PM com.opensymphony.xwork2.util.logging.jdk.JdkLogger info
INFORMACIÓN: Choosing bean (struts) for (com.opensymphony.xwork2.util.reflection.ReflectionContextFactory)
oct 20, 2015 2:43:03 PM com.opensymphony.xwork2.util.logging.jdk.JdkLogger info
INFORMACIÓN: Choosing bean (struts) for (com.opensymphony.xwork2.util.PatternMatcher)
oct 20, 2015 2:43:03 PM com.opensymphony.xwork2.util.logging.jdk.JdkLogger info
INFORMACIÓN: Choosing bean (struts) for (org.apache.struts2.dispatcher.StaticContentLoader)
oct 20, 2015 2:43:03 PM com.opensymphony.xwork2.util.logging.jdk.JdkLogger info
INFORMACIÓN: Choosing bean (struts) for (com.opensymphony.xwork2.UnknownHandlerManager)
oct 20, 2015 2:43:03 PM com.opensymphony.xwork2.util.logging.jdk.JdkLogger info
INFORMACIÓN: Choosing bean (struts) for (org.apache.struts2.views.util.UrlHelper)
oct 20, 2015 2:43:04 PM org.apache.catalina.startup.HostConfig checkResources
INFORMACIÓN: Repliegue (undeploy) de la aplicación web que tiene como trayectoria de contexto /Integradora4D
oct 20, 2015 2:43:07 PM org.apache.catalina.startup.HostConfig deployDescriptor
INFORMACIÓN: Desplieque del descriptor de configuración Integradora4D.xml
oct 20, 2015 2:43:08 PM com.opensymphony.xwork2.util.logging.jdk.JdkLogger info
INFORMACIÓN: Parsing configuration file [struts-default.xml]
oct 20, 2015 2:43:08 PM com.opensymphony.xwork2.util.logging.jdk.JdkLogger info
INFORMACIÓN: Parsing configuration file [struts-plugin.xml]
oct 20, 2015 2:43:08 PM com.opensymphony.xwork2.util.logging.jdk.JdkLogger info
INFORMACIÓN: Parsing configuration file [struts.xml]
oct 20, 2015 2:43:08 PM com.opensymphony.xwork2.util.logging.jdk.JdkLogger info
INFORMACIÓN: Choosing bean (struts) for (com.opensymphony.xwork2.ObjectFactory)
oct 20, 2015 2:43:08 PM com.opensymphony.xwork2.util.logging.jdk.JdkLogger info
INFORMACIÓN: Choosing bean (struts) for (com.opensymphony.xwork2.FileManager)
oct 20, 2015 2:43:08 PM com.opensymphony.xwork2.util.logging.jdk.JdkLogger info
INFORMACIÓN: Choosing bean (struts) for (com.opensymphony.xwork2.conversion.impl.XWorkConverter)
oct 20, 2015 2:43:08 PM com.opensymphony.xwork2.util.logging.jdk.JdkLogger info
INFORMACIÓN: Choosing bean (struts) for (com.opensymphony.xwork2.TextProvider)
oct 20, 2015 2:43:08 PM com.opensymphony.xwork2.util.logging.jdk.JdkLogger info
INFORMACIÓN: Choosing bean (struts) for (com.opensymphony.xwork2.ActionProxyFactory)
oct 20, 2015 2:43:08 PM com.opensymphony.xwork2.util.logging.jdk.JdkLogger info
INFORMACIÓN: Choosing bean (struts) for (com.opensymphony.xwork2.conversion.ObjectTypeDeterminer)
oct 20, 2015 2:43:08 PM com.opensymphony.xwork2.util.logging.jdk.JdkLogger info
INFORMACIÓN: Choosing bean (struts) for (org.apache.struts2.dispatcher.mapper.ActionMapper)
oct 20, 2015 2:43:08 PM com.opensymphony.xwork2.util.logging.jdk.JdkLogger info
INFORMACIÓN: Choosing bean (jakarta) for (org.apache.struts2.dispatcher.multipart.MultiPartRequest)
oct 20, 2015 2:43:08 PM com.opensymphony.xwork2.util.logging.jdk.JdkLogger info
INFORMACIÓN: Choosing bean (struts) for (org.apache.struts2.views.freemarker.FreemarkerManager)
oct 20, 2015 2:43:08 PM com.opensymphony.xwork2.util.logging.jdk.JdkLogger info
INFORMACIÓN: Choosing bean (struts) for (org.apache.struts2.components.UrlRenderer)
oct 20, 2015 2:43:08 PM com.opensymphony.xwork2.util.logging.jdk.JdkLogger info
INFORMACIÓN: Choosing bean (struts) for (com.opensymphony.xwork2.validator.ActionValidatorManager)
oct 20, 2015 2:43:08 PM com.opensymphony.xwork2.util.logging.jdk.JdkLogger info
INFORMACIÓN: Choosing bean (struts) for (com.opensymphony.xwork2.util.ValueStackFactory)
oct 20, 2015 2:43:08 PM com.opensymphony.xwork2.util.logging.jdk.JdkLogger info
INFORMACIÓN: Choosing bean (struts) for (com.opensymphony.xwork2.util.reflection.ReflectionProvider)
oct 20, 2015 2:43:08 PM com.opensymphony.xwork2.util.logging.jdk.JdkLogger info
INFORMACIÓN: Choosing bean (struts) for (com.opensymphony.xwork2.util.reflection.ReflectionContextFactory)
oct 20, 2015 2:43:08 PM com.opensymphony.xwork2.util.logging.jdk.JdkLogger info
INFORMACIÓN: Choosing bean (struts) for (com.opensymphony.xwork2.util.PatternMatcher)
oct 20, 2015 2:43:08 PM com.opensymphony.xwork2.util.logging.jdk.JdkLogger info
INFORMACIÓN: Choosing bean (struts) for (org.apache.struts2.dispatcher.StaticContentLoader)
oct 20, 2015 2:43:08 PM com.opensymphony.xwork2.util.logging.jdk.JdkLogger info
INFORMACIÓN: Choosing bean (struts) for (com.opensymphony.xwork2.UnknownHandlerManager)
oct 20, 2015 2:43:08 PM com.opensymphony.xwork2.util.logging.jdk.JdkLogger info
INFORMACIÓN: Choosing bean (struts) for (org.apache.struts2.views.util.UrlHelper)
oct 20, 2015 2:43:09 PM org.apache.catalina.core.StandardContext start
INFORMACIÓN: Ya ha sido arrancado el Contenedor org.apache.catalina.core.ContainerBase.[Catalina].[localhost].[/Integradora4D]
oct 20, 2015 2:54:14 PM org.apache.catalina.core.StandardContext reload
INFORMACIÓN: Ha comenzado la recarga de Contexto [/Integradora4D]
oct 20, 2015 2:54:15 PM com.opensymphony.xwork2.util.logging.jdk.JdkLogger info
INFORMACIÓN: Parsing configuration file [struts-default.xml]
oct 20, 2015 2:54:16 PM com.opensymphony.xwork2.util.logging.jdk.JdkLogger info
INFORMACIÓN: Parsing configuration file [struts-plugin.xml]
oct 20, 2015 2:54:16 PM com.opensymphony.xwork2.util.logging.jdk.JdkLogger info
INFORMACIÓN: Parsing configuration file [struts.xml]
oct 20, 2015 2:54:16 PM com.opensymphony.xwork2.util.logging.jdk.JdkLogger info
INFORMACIÓN: Choosing bean (struts) for (com.opensymphony.xwork2.ObjectFactory)
oct 20, 2015 2:54:16 PM com.opensymphony.xwork2.util.logging.jdk.JdkLogger info
INFORMACIÓN: Choosing bean (struts) for (com.opensymphony.xwork2.FileManager)
oct 20, 2015 2:54:16 PM com.opensymphony.xwork2.util.logging.jdk.JdkLogger info
INFORMACIÓN: Choosing bean (struts) for (com.opensymphony.xwork2.conversion.impl.XWorkConverter)
oct 20, 2015 2:54:16 PM com.opensymphony.xwork2.util.logging.jdk.JdkLogger info
INFORMACIÓN: Choosing bean (struts) for (com.opensymphony.xwork2.TextProvider)
oct 20, 2015 2:54:16 PM com.opensymphony.xwork2.util.logging.jdk.JdkLogger info
INFORMACIÓN: Choosing bean (struts) for (com.opensymphony.xwork2.ActionProxyFactory)
oct 20, 2015 2:54:16 PM com.opensymphony.xwork2.util.logging.jdk.JdkLogger info
INFORMACIÓN: Choosing bean (struts) for (com.opensymphony.xwork2.conversion.ObjectTypeDeterminer)
oct 20, 2015 2:54:16 PM com.opensymphony.xwork2.util.logging.jdk.JdkLogger info
INFORMACIÓN: Choosing bean (struts) for (org.apache.struts2.dispatcher.mapper.ActionMapper)
oct 20, 2015 2:54:16 PM com.opensymphony.xwork2.util.logging.jdk.JdkLogger info
INFORMACIÓN: Choosing bean (jakarta) for (org.apache.struts2.dispatcher.multipart.MultiPartRequest)
oct 20, 2015 2:54:16 PM com.opensymphony.xwork2.util.logging.jdk.JdkLogger info
INFORMACIÓN: Choosing bean (struts) for (org.apache.struts2.views.freemarker.FreemarkerManager)
oct 20, 2015 2:54:16 PM com.opensymphony.xwork2.util.logging.jdk.JdkLogger info
INFORMACIÓN: Choosing bean (struts) for (org.apache.struts2.components.UrlRenderer)
oct 20, 2015 2:54:16 PM com.opensymphony.xwork2.util.logging.jdk.JdkLogger info
INFORMACIÓN: Choosing bean (struts) for (com.opensymphony.xwork2.validator.ActionValidatorManager)
oct 20, 2015 2:54:16 PM com.opensymphony.xwork2.util.logging.jdk.JdkLogger info
INFORMACIÓN: Choosing bean (struts) for (com.opensymphony.xwork2.util.ValueStackFactory)
oct 20, 2015 2:54:16 PM com.opensymphony.xwork2.util.logging.jdk.JdkLogger info
INFORMACIÓN: Choosing bean (struts) for (com.opensymphony.xwork2.util.reflection.ReflectionProvider)
oct 20, 2015 2:54:16 PM com.opensymphony.xwork2.util.logging.jdk.JdkLogger info
INFORMACIÓN: Choosing bean (struts) for (com.opensymphony.xwork2.util.reflection.ReflectionContextFactory)
oct 20, 2015 2:54:16 PM com.opensymphony.xwork2.util.logging.jdk.JdkLogger info
INFORMACIÓN: Choosing bean (struts) for (com.opensymphony.xwork2.util.PatternMatcher)
oct 20, 2015 2:54:16 PM com.opensymphony.xwork2.util.logging.jdk.JdkLogger info
INFORMACIÓN: Choosing bean (struts) for (org.apache.struts2.dispatcher.StaticContentLoader)
oct 20, 2015 2:54:16 PM com.opensymphony.xwork2.util.logging.jdk.JdkLogger info
INFORMACIÓN: Choosing bean (struts) for (com.opensymphony.xwork2.UnknownHandlerManager)
oct 20, 2015 2:54:16 PM com.opensymphony.xwork2.util.logging.jdk.JdkLogger info
INFORMACIÓN: Choosing bean (struts) for (org.apache.struts2.views.util.UrlHelper)
oct 20, 2015 2:54:22 PM org.apache.catalina.startup.HostConfig checkResources
INFORMACIÓN: Repliegue (undeploy) de la aplicación web que tiene como trayectoria de contexto /Integradora4D
oct 20, 2015 2:55:04 PM org.apache.coyote.http11.Http11AprProtocol pause
INFORMACIÓN: Pausando Coyote HTTP/1.1 en puerto http-8080
oct 20, 2015 2:55:04 PM org.apache.coyote.ajp.AjpAprProtocol pause
INFORMACIÓN: Pausando Coyote AJP/1.3 en ajp-8009
oct 20, 2015 2:55:05 PM org.apache.catalina.core.StandardService stop
INFORMACIÓN: Parando servicio Catalina
oct 20, 2015 2:55:05 PM org.apache.coyote.http11.Http11AprProtocol destroy
INFORMACIÓN: Parando Coyote HTTP/1.1 en puerto http-8080
oct 20, 2015 2:55:05 PM org.apache.coyote.ajp.AjpAprProtocol destroy
INFORMACIÓN: Parando Coyote AJP/1.3 en ajp-8009
oct 20, 2015 2:56:48 PM org.apache.catalina.core.AprLifecycleListener init
INFORMACIÓN: Cargada la biblioteca nativa APR de Apache Tomcat 1.1.33 con la versión APR 1.5.1.
oct 20, 2015 2:56:48 PM org.apache.catalina.core.AprLifecycleListener init
INFORMACIÓN: Capacidades APR: IPv6 [true], enviar fichero [true], aceptar filtros [false], aleatorio [true].
oct 20, 2015 2:56:49 PM org.apache.catalina.core.AprLifecycleListener initializeSSL
INFORMACIÓN: OpenSSL inicializado correctamente con versión OpenSSL 1.0.1m 19 Mar 2015
oct 20, 2015 2:56:49 PM org.apache.coyote.http11.Http11AprProtocol init
INFORMACIÓN: Inicializando Coyote HTTP/1.1 en puerto http-8080
oct 20, 2015 2:56:49 PM org.apache.coyote.ajp.AjpAprProtocol init
INFORMACIÓN: Inicializando Coyote AJP/1.3 en ajp-8009
oct 20, 2015 2:56:49 PM org.apache.catalina.startup.Catalina load
INFORMACIÓN: Initialization processed in 1352 ms
oct 20, 2015 2:56:49 PM org.apache.catalina.core.StandardService start
INFORMACIÓN: Arrancando servicio Catalina
oct 20, 2015 2:56:49 PM org.apache.catalina.core.StandardEngine start
INFORMACIÓN: Starting Servlet Engine: Apache Tomcat/6.0.44
oct 20, 2015 2:56:49 PM org.apache.catalina.startup.HostConfig deployDescriptor
INFORMACIÓN: Desplieque del descriptor de configuración host-manager.xml
oct 20, 2015 2:56:49 PM org.apache.catalina.startup.HostConfig deployDescriptor
INFORMACIÓN: Desplieque del descriptor de configuración manager.xml
oct 20, 2015 2:56:49 PM org.apache.catalina.startup.HostConfig deployDirectory
INFORMACIÓN: Despliegue del directorio docs de la aplicación web
oct 20, 2015 2:56:50 PM org.apache.catalina.startup.HostConfig deployDirectory
INFORMACIÓN: Despliegue del directorio examples de la aplicación web
oct 20, 2015 2:56:50 PM org.apache.catalina.startup.HostConfig deployDirectory
INFORMACIÓN: Despliegue del directorio ROOT de la aplicación web
oct 20, 2015 2:56:50 PM org.apache.coyote.http11.Http11AprProtocol start
INFORMACIÓN: Arrancando Coyote HTTP/1.1 en puerto http-8080
oct 20, 2015 2:56:50 PM org.apache.coyote.ajp.AjpAprProtocol start
INFORMACIÓN: Arrancando Coyote AJP/1.3 en ajp-8009
oct 20, 2015 2:56:50 PM org.apache.catalina.startup.Catalina start
INFORMACIÓN: Server startup in 1223 ms
oct 20, 2015 2:56:51 PM org.apache.catalina.startup.HostConfig deployDescriptor
INFORMACIÓN: Desplieque del descriptor de configuración Integradora4D.xml
oct 20, 2015 2:56:52 PM com.opensymphony.xwork2.util.logging.jdk.JdkLogger info
INFORMACIÓN: Parsing configuration file [struts-default.xml]
oct 20, 2015 2:56:52 PM com.opensymphony.xwork2.util.logging.jdk.JdkLogger info
INFORMACIÓN: Parsing configuration file [struts-plugin.xml]
oct 20, 2015 2:56:52 PM com.opensymphony.xwork2.util.logging.jdk.JdkLogger info
INFORMACIÓN: Parsing configuration file [struts.xml]
oct 20, 2015 2:56:52 PM com.opensymphony.xwork2.util.logging.jdk.JdkLogger info
INFORMACIÓN: Choosing bean (struts) for (com.opensymphony.xwork2.ObjectFactory)
oct 20, 2015 2:56:52 PM com.opensymphony.xwork2.util.logging.jdk.JdkLogger info
INFORMACIÓN: Choosing bean (struts) for (com.opensymphony.xwork2.FileManager)
oct 20, 2015 2:56:52 PM com.opensymphony.xwork2.util.logging.jdk.JdkLogger info
INFORMACIÓN: Choosing bean (struts) for (com.opensymphony.xwork2.conversion.impl.XWorkConverter)
oct 20, 2015 2:56:52 PM com.opensymphony.xwork2.util.logging.jdk.JdkLogger info
INFORMACIÓN: Choosing bean (struts) for (com.opensymphony.xwork2.TextProvider)
oct 20, 2015 2:56:52 PM com.opensymphony.xwork2.util.logging.jdk.JdkLogger info
INFORMACIÓN: Choosing bean (struts) for (com.opensymphony.xwork2.ActionProxyFactory)
oct 20, 2015 2:56:52 PM com.opensymphony.xwork2.util.logging.jdk.JdkLogger info
INFORMACIÓN: Choosing bean (struts) for (com.opensymphony.xwork2.conversion.ObjectTypeDeterminer)
oct 20, 2015 2:56:52 PM com.opensymphony.xwork2.util.logging.jdk.JdkLogger info
INFORMACIÓN: Choosing bean (struts) for (org.apache.struts2.dispatcher.mapper.ActionMapper)
oct 20, 2015 2:56:52 PM com.opensymphony.xwork2.util.logging.jdk.JdkLogger info
INFORMACIÓN: Choosing bean (jakarta) for (org.apache.struts2.dispatcher.multipart.MultiPartRequest)
oct 20, 2015 2:56:52 PM com.opensymphony.xwork2.util.logging.jdk.JdkLogger info
INFORMACIÓN: Choosing bean (struts) for (org.apache.struts2.views.freemarker.FreemarkerManager)
oct 20, 2015 2:56:52 PM com.opensymphony.xwork2.util.logging.jdk.JdkLogger info
INFORMACIÓN: Choosing bean (struts) for (org.apache.struts2.components.UrlRenderer)
oct 20, 2015 2:56:52 PM com.opensymphony.xwork2.util.logging.jdk.JdkLogger info
INFORMACIÓN: Choosing bean (struts) for (com.opensymphony.xwork2.validator.ActionValidatorManager)
oct 20, 2015 2:56:52 PM com.opensymphony.xwork2.util.logging.jdk.JdkLogger info
INFORMACIÓN: Choosing bean (struts) for (com.opensymphony.xwork2.util.ValueStackFactory)
oct 20, 2015 2:56:52 PM com.opensymphony.xwork2.util.logging.jdk.JdkLogger info
INFORMACIÓN: Choosing bean (struts) for (com.opensymphony.xwork2.util.reflection.ReflectionProvider)
oct 20, 2015 2:56:52 PM com.opensymphony.xwork2.util.logging.jdk.JdkLogger info
INFORMACIÓN: Choosing bean (struts) for (com.opensymphony.xwork2.util.reflection.ReflectionContextFactory)
oct 20, 2015 2:56:52 PM com.opensymphony.xwork2.util.logging.jdk.JdkLogger info
INFORMACIÓN: Choosing bean (struts) for (com.opensymphony.xwork2.util.PatternMatcher)
oct 20, 2015 2:56:52 PM com.opensymphony.xwork2.util.logging.jdk.JdkLogger info
INFORMACIÓN: Choosing bean (struts) for (org.apache.struts2.dispatcher.StaticContentLoader)
oct 20, 2015 2:56:52 PM com.opensymphony.xwork2.util.logging.jdk.JdkLogger info
INFORMACIÓN: Choosing bean (struts) for (com.opensymphony.xwork2.UnknownHandlerManager)
oct 20, 2015 2:56:52 PM com.opensymphony.xwork2.util.logging.jdk.JdkLogger info
INFORMACIÓN: Choosing bean (struts) for (org.apache.struts2.views.util.UrlHelper)
oct 20, 2015 2:56:53 PM org.apache.catalina.core.StandardContext start
INFORMACIÓN: Ya ha sido arrancado el Contenedor org.apache.catalina.core.ContainerBase.[Catalina].[localhost].[/Integradora4D]
oct 20, 2015 2:58:34 PM org.apache.catalina.startup.HostConfig checkResources
INFORMACIÓN: Repliegue (undeploy) de la aplicación web que tiene como trayectoria de contexto /Integradora4D
oct 20, 2015 2:59:39 PM org.apache.coyote.http11.Http11AprProtocol pause
INFORMACIÓN: Pausando Coyote HTTP/1.1 en puerto http-8080
oct 20, 2015 2:59:39 PM org.apache.coyote.ajp.AjpAprProtocol pause
INFORMACIÓN: Pausando Coyote AJP/1.3 en ajp-8009
oct 20, 2015 2:59:40 PM org.apache.catalina.core.StandardService stop
INFORMACIÓN: Parando servicio Catalina
oct 20, 2015 2:59:41 PM org.apache.coyote.http11.Http11AprProtocol destroy
INFORMACIÓN: Parando Coyote HTTP/1.1 en puerto http-8080
oct 20, 2015 2:59:41 PM org.apache.coyote.ajp.AjpAprProtocol destroy
INFORMACIÓN: Parando Coyote AJP/1.3 en ajp-8009
oct 20, 2015 3:00:33 PM org.apache.catalina.core.AprLifecycleListener init
INFORMACIÓN: Cargada la biblioteca nativa APR de Apache Tomcat 1.1.33 con la versión APR 1.5.1.
oct 20, 2015 3:00:33 PM org.apache.catalina.core.AprLifecycleListener init
INFORMACIÓN: Capacidades APR: IPv6 [true], enviar fichero [true], aceptar filtros [false], aleatorio [true].
oct 20, 2015 3:00:34 PM org.apache.catalina.core.AprLifecycleListener initializeSSL
INFORMACIÓN: OpenSSL inicializado correctamente con versión OpenSSL 1.0.1m 19 Mar 2015
oct 20, 2015 3:00:35 PM org.apache.coyote.http11.Http11AprProtocol init
INFORMACIÓN: Inicializando Coyote HTTP/1.1 en puerto http-8080
oct 20, 2015 3:00:35 PM org.apache.coyote.ajp.AjpAprProtocol init
INFORMACIÓN: Inicializando Coyote AJP/1.3 en ajp-8009
oct 20, 2015 3:00:35 PM org.apache.catalina.startup.Catalina load
INFORMACIÓN: Initialization processed in 1466 ms
oct 20, 2015 3:00:35 PM org.apache.catalina.core.StandardService start
INFORMACIÓN: Arrancando servicio Catalina
oct 20, 2015 3:00:35 PM org.apache.catalina.core.StandardEngine start
INFORMACIÓN: Starting Servlet Engine: Apache Tomcat/6.0.44
oct 20, 2015 3:00:35 PM org.apache.catalina.startup.HostConfig deployDescriptor
INFORMACIÓN: Desplieque del descriptor de configuración host-manager.xml
oct 20, 2015 3:00:35 PM org.apache.catalina.startup.HostConfig deployDescriptor
INFORMACIÓN: Desplieque del descriptor de configuración manager.xml
oct 20, 2015 3:00:35 PM org.apache.catalina.startup.HostConfig deployDirectory
INFORMACIÓN: Despliegue del directorio docs de la aplicación web
oct 20, 2015 3:00:35 PM org.apache.catalina.startup.HostConfig deployDirectory
INFORMACIÓN: Despliegue del directorio examples de la aplicación web
oct 20, 2015 3:00:36 PM org.apache.catalina.startup.HostConfig deployDirectory
INFORMACIÓN: Despliegue del directorio ROOT de la aplicación web
oct 20, 2015 3:00:36 PM org.apache.coyote.http11.Http11AprProtocol start
INFORMACIÓN: Arrancando Coyote HTTP/1.1 en puerto http-8080
oct 20, 2015 3:00:36 PM org.apache.coyote.ajp.AjpAprProtocol start
INFORMACIÓN: Arrancando Coyote AJP/1.3 en ajp-8009
oct 20, 2015 3:00:36 PM org.apache.catalina.startup.Catalina start
INFORMACIÓN: Server startup in 1247 ms
oct 20, 2015 3:00:37 PM org.apache.catalina.startup.HostConfig deployDescriptor
INFORMACIÓN: Desplieque del descriptor de configuración Integradora4D.xml
oct 20, 2015 3:00:38 PM com.opensymphony.xwork2.util.logging.jdk.JdkLogger info
INFORMACIÓN: Parsing configuration file [struts-default.xml]
oct 20, 2015 3:00:38 PM com.opensymphony.xwork2.util.logging.jdk.JdkLogger info
INFORMACIÓN: Parsing configuration file [struts-plugin.xml]
oct 20, 2015 3:00:38 PM com.opensymphony.xwork2.util.logging.jdk.JdkLogger info
INFORMACIÓN: Parsing configuration file [struts.xml]
oct 20, 2015 3:00:38 PM com.opensymphony.xwork2.util.logging.jdk.JdkLogger info
INFORMACIÓN: Choosing bean (struts) for (com.opensymphony.xwork2.ObjectFactory)
oct 20, 2015 3:00:38 PM com.opensymphony.xwork2.util.logging.jdk.JdkLogger info
INFORMACIÓN: Choosing bean (struts) for (com.opensymphony.xwork2.FileManager)
oct 20, 2015 3:00:38 PM com.opensymphony.xwork2.util.logging.jdk.JdkLogger info
INFORMACIÓN: Choosing bean (struts) for (com.opensymphony.xwork2.conversion.impl.XWorkConverter)
oct 20, 2015 3:00:38 PM com.opensymphony.xwork2.util.logging.jdk.JdkLogger info
INFORMACIÓN: Choosing bean (struts) for (com.opensymphony.xwork2.TextProvider)
oct 20, 2015 3:00:38 PM com.opensymphony.xwork2.util.logging.jdk.JdkLogger info
INFORMACIÓN: Choosing bean (struts) for (com.opensymphony.xwork2.ActionProxyFactory)
oct 20, 2015 3:00:38 PM com.opensymphony.xwork2.util.logging.jdk.JdkLogger info
INFORMACIÓN: Choosing bean (struts) for (com.opensymphony.xwork2.conversion.ObjectTypeDeterminer)
oct 20, 2015 3:00:38 PM com.opensymphony.xwork2.util.logging.jdk.JdkLogger info
INFORMACIÓN: Choosing bean (struts) for (org.apache.struts2.dispatcher.mapper.ActionMapper)
oct 20, 2015 3:00:38 PM com.opensymphony.xwork2.util.logging.jdk.JdkLogger info
INFORMACIÓN: Choosing bean (jakarta) for (org.apache.struts2.dispatcher.multipart.MultiPartRequest)
oct 20, 2015 3:00:38 PM com.opensymphony.xwork2.util.logging.jdk.JdkLogger info
INFORMACIÓN: Choosing bean (struts) for (org.apache.struts2.views.freemarker.FreemarkerManager)
oct 20, 2015 3:00:38 PM com.opensymphony.xwork2.util.logging.jdk.JdkLogger info
INFORMACIÓN: Choosing bean (struts) for (org.apache.struts2.components.UrlRenderer)
oct 20, 2015 3:00:38 PM com.opensymphony.xwork2.util.logging.jdk.JdkLogger info
INFORMACIÓN: Choosing bean (struts) for (com.opensymphony.xwork2.validator.ActionValidatorManager)
oct 20, 2015 3:00:38 PM com.opensymphony.xwork2.util.logging.jdk.JdkLogger info
INFORMACIÓN: Choosing bean (struts) for (com.opensymphony.xwork2.util.ValueStackFactory)
oct 20, 2015 3:00:38 PM com.opensymphony.xwork2.util.logging.jdk.JdkLogger info
INFORMACIÓN: Choosing bean (struts) for (com.opensymphony.xwork2.util.reflection.ReflectionProvider)
oct 20, 2015 3:00:38 PM com.opensymphony.xwork2.util.logging.jdk.JdkLogger info
INFORMACIÓN: Choosing bean (struts) for (com.opensymphony.xwork2.util.reflection.ReflectionContextFactory)
oct 20, 2015 3:00:38 PM com.opensymphony.xwork2.util.logging.jdk.JdkLogger info
INFORMACIÓN: Choosing bean (struts) for (com.opensymphony.xwork2.util.PatternMatcher)
oct 20, 2015 3:00:38 PM com.opensymphony.xwork2.util.logging.jdk.JdkLogger info
INFORMACIÓN: Choosing bean (struts) for (org.apache.struts2.dispatcher.StaticContentLoader)
oct 20, 2015 3:00:38 PM com.opensymphony.xwork2.util.logging.jdk.JdkLogger info
INFORMACIÓN: Choosing bean (struts) for (com.opensymphony.xwork2.UnknownHandlerManager)
oct 20, 2015 3:00:38 PM com.opensymphony.xwork2.util.logging.jdk.JdkLogger info
INFORMACIÓN: Choosing bean (struts) for (org.apache.struts2.views.util.UrlHelper)
oct 20, 2015 3:00:38 PM org.apache.catalina.core.StandardContext start
INFORMACIÓN: Ya ha sido arrancado el Contenedor org.apache.catalina.core.ContainerBase.[Catalina].[localhost].[/Integradora4D]
oct 20, 2015 3:01:44 PM org.apache.coyote.http11.Http11AprProtocol pause
INFORMACIÓN: Pausando Coyote HTTP/1.1 en puerto http-8080
oct 20, 2015 3:01:44 PM org.apache.coyote.ajp.AjpAprProtocol pause
INFORMACIÓN: Pausando Coyote AJP/1.3 en ajp-8009
oct 20, 2015 3:01:45 PM org.apache.catalina.core.StandardService stop
INFORMACIÓN: Parando servicio Catalina
oct 20, 2015 3:01:46 PM org.apache.coyote.http11.Http11AprProtocol destroy
INFORMACIÓN: Parando Coyote HTTP/1.1 en puerto http-8080
oct 20, 2015 3:01:46 PM org.apache.coyote.ajp.AjpAprProtocol destroy
INFORMACIÓN: Parando Coyote AJP/1.3 en ajp-8009
oct 20, 2015 3:10:10 PM org.apache.catalina.core.AprLifecycleListener init
INFORMACIÓN: Cargada la biblioteca nativa APR de Apache Tomcat 1.1.33 con la versión APR 1.5.1.
oct 20, 2015 3:10:10 PM org.apache.catalina.core.AprLifecycleListener init
INFORMACIÓN: Capacidades APR: IPv6 [true], enviar fichero [true], aceptar filtros [false], aleatorio [true].
oct 20, 2015 3:10:11 PM org.apache.catalina.core.AprLifecycleListener initializeSSL
INFORMACIÓN: OpenSSL inicializado correctamente con versión OpenSSL 1.0.1m 19 Mar 2015
oct 20, 2015 3:10:12 PM org.apache.coyote.http11.Http11AprProtocol init
INFORMACIÓN: Inicializando Coyote HTTP/1.1 en puerto http-8080
oct 20, 2015 3:10:12 PM org.apache.coyote.ajp.AjpAprProtocol init
INFORMACIÓN: Inicializando Coyote AJP/1.3 en ajp-8009
oct 20, 2015 3:10:12 PM org.apache.catalina.startup.Catalina load
INFORMACIÓN: Initialization processed in 2455 ms
oct 20, 2015 3:10:12 PM org.apache.catalina.core.StandardService start
INFORMACIÓN: Arrancando servicio Catalina
oct 20, 2015 3:10:12 PM org.apache.catalina.core.StandardEngine start
INFORMACIÓN: Starting Servlet Engine: Apache Tomcat/6.0.44
oct 20, 2015 3:10:12 PM org.apache.catalina.startup.HostConfig deployDescriptor
INFORMACIÓN: Desplieque del descriptor de configuración host-manager.xml
oct 20, 2015 3:10:12 PM org.apache.catalina.startup.HostConfig deployDescriptor
INFORMACIÓN: Desplieque del descriptor de configuración Integradora4D.xml
oct 20, 2015 3:10:14 PM com.opensymphony.xwork2.util.logging.jdk.JdkLogger info
INFORMACIÓN: Parsing configuration file [struts-default.xml]
oct 20, 2015 3:10:14 PM com.opensymphony.xwork2.util.logging.jdk.JdkLogger info
INFORMACIÓN: Parsing configuration file [struts-plugin.xml]
oct 20, 2015 3:10:14 PM com.opensymphony.xwork2.util.logging.jdk.JdkLogger info
INFORMACIÓN: Parsing configuration file [struts.xml]
oct 20, 2015 3:10:14 PM com.opensymphony.xwork2.util.logging.jdk.JdkLogger info
INFORMACIÓN: Choosing bean (struts) for (com.opensymphony.xwork2.ObjectFactory)
oct 20, 2015 3:10:14 PM com.opensymphony.xwork2.util.logging.jdk.JdkLogger info
INFORMACIÓN: Choosing bean (struts) for (com.opensymphony.xwork2.FileManager)
oct 20, 2015 3:10:14 PM com.opensymphony.xwork2.util.logging.jdk.JdkLogger info
INFORMACIÓN: Choosing bean (struts) for (com.opensymphony.xwork2.conversion.impl.XWorkConverter)
oct 20, 2015 3:10:14 PM com.opensymphony.xwork2.util.logging.jdk.JdkLogger info
INFORMACIÓN: Choosing bean (struts) for (com.opensymphony.xwork2.TextProvider)
oct 20, 2015 3:10:14 PM com.opensymphony.xwork2.util.logging.jdk.JdkLogger info
INFORMACIÓN: Choosing bean (struts) for (com.opensymphony.xwork2.ActionProxyFactory)
oct 20, 2015 3:10:14 PM com.opensymphony.xwork2.util.logging.jdk.JdkLogger info
INFORMACIÓN: Choosing bean (struts) for (com.opensymphony.xwork2.conversion.ObjectTypeDeterminer)
oct 20, 2015 3:10:14 PM com.opensymphony.xwork2.util.logging.jdk.JdkLogger info
INFORMACIÓN: Choosing bean (struts) for (org.apache.struts2.dispatcher.mapper.ActionMapper)
oct 20, 2015 3:10:14 PM com.opensymphony.xwork2.util.logging.jdk.JdkLogger info
INFORMACIÓN: Choosing bean (jakarta) for (org.apache.struts2.dispatcher.multipart.MultiPartRequest)
oct 20, 2015 3:10:14 PM com.opensymphony.xwork2.util.logging.jdk.JdkLogger info
INFORMACIÓN: Choosing bean (struts) for (org.apache.struts2.views.freemarker.FreemarkerManager)
oct 20, 2015 3:10:14 PM com.opensymphony.xwork2.util.logging.jdk.JdkLogger info
INFORMACIÓN: Choosing bean (struts) for (org.apache.struts2.components.UrlRenderer)
oct 20, 2015 3:10:14 PM com.opensymphony.xwork2.util.logging.jdk.JdkLogger info
INFORMACIÓN: Choosing bean (struts) for (com.opensymphony.xwork2.validator.ActionValidatorManager)
oct 20, 2015 3:10:14 PM com.opensymphony.xwork2.util.logging.jdk.JdkLogger info
INFORMACIÓN: Choosing bean (struts) for (com.opensymphony.xwork2.util.ValueStackFactory)
oct 20, 2015 3:10:14 PM com.opensymphony.xwork2.util.logging.jdk.JdkLogger info
INFORMACIÓN: Choosing bean (struts) for (com.opensymphony.xwork2.util.reflection.ReflectionProvider)
oct 20, 2015 3:10:14 PM com.opensymphony.xwork2.util.logging.jdk.JdkLogger info
INFORMACIÓN: Choosing bean (struts) for (com.opensymphony.xwork2.util.reflection.ReflectionContextFactory)
oct 20, 2015 3:10:14 PM com.opensymphony.xwork2.util.logging.jdk.JdkLogger info
INFORMACIÓN: Choosing bean (struts) for (com.opensymphony.xwork2.util.PatternMatcher)
oct 20, 2015 3:10:14 PM com.opensymphony.xwork2.util.logging.jdk.JdkLogger info
INFORMACIÓN: Choosing bean (struts) for (org.apache.struts2.dispatcher.StaticContentLoader)
oct 20, 2015 3:10:14 PM com.opensymphony.xwork2.util.logging.jdk.JdkLogger info
INFORMACIÓN: Choosing bean (struts) for (com.opensymphony.xwork2.UnknownHandlerManager)
oct 20, 2015 3:10:14 PM com.opensymphony.xwork2.util.logging.jdk.JdkLogger info
INFORMACIÓN: Choosing bean (struts) for (org.apache.struts2.views.util.UrlHelper)
oct 20, 2015 3:10:15 PM org.apache.catalina.startup.HostConfig deployDescriptor
INFORMACIÓN: Desplieque del descriptor de configuración manager.xml
oct 20, 2015 3:10:15 PM org.apache.catalina.startup.HostConfig deployDirectory
INFORMACIÓN: Despliegue del directorio docs de la aplicación web
oct 20, 2015 3:10:15 PM org.apache.catalina.startup.HostConfig deployDirectory
INFORMACIÓN: Despliegue del directorio examples de la aplicación web
oct 20, 2015 3:10:15 PM org.apache.catalina.startup.HostConfig deployDirectory
INFORMACIÓN: Despliegue del directorio ROOT de la aplicación web
oct 20, 2015 3:10:16 PM org.apache.coyote.http11.Http11AprProtocol start
INFORMACIÓN: Arrancando Coyote HTTP/1.1 en puerto http-8080
oct 20, 2015 3:10:16 PM org.apache.coyote.ajp.AjpAprProtocol start
INFORMACIÓN: Arrancando Coyote AJP/1.3 en ajp-8009
oct 20, 2015 3:10:16 PM org.apache.catalina.startup.Catalina start
INFORMACIÓN: Server startup in 3977 ms
