nov 07, 2015 12:01:55 AM org.apache.catalina.core.AprLifecycleListener init
INFORMACIÓN: Cargada la biblioteca nativa APR de Apache Tomcat 1.1.33 con la versión APR 1.5.1.
nov 07, 2015 12:01:55 AM org.apache.catalina.core.AprLifecycleListener init
INFORMACIÓN: Capacidades APR: IPv6 [true], enviar fichero [true], aceptar filtros [false], aleatorio [true].
nov 07, 2015 12:01:56 AM org.apache.catalina.core.AprLifecycleListener initializeSSL
INFORMACIÓN: OpenSSL inicializado correctamente con versión OpenSSL 1.0.1m 19 Mar 2015
nov 07, 2015 12:01:57 AM org.apache.coyote.http11.Http11AprProtocol init
INFORMACIÓN: Inicializando Coyote HTTP/1.1 en puerto http-8080
nov 07, 2015 12:01:57 AM org.apache.coyote.ajp.AjpAprProtocol init
INFORMACIÓN: Inicializando Coyote AJP/1.3 en ajp-8009
nov 07, 2015 12:01:57 AM org.apache.catalina.startup.Catalina load
INFORMACIÓN: Initialization processed in 2742 ms
nov 07, 2015 12:01:57 AM org.apache.catalina.core.StandardService start
INFORMACIÓN: Arrancando servicio Catalina
nov 07, 2015 12:01:57 AM org.apache.catalina.core.StandardEngine start
INFORMACIÓN: Starting Servlet Engine: Apache Tomcat/6.0.44
nov 07, 2015 12:01:57 AM org.apache.catalina.startup.HostConfig deployDescriptor
INFORMACIÓN: Desplieque del descriptor de configuración host-manager.xml
nov 07, 2015 12:01:58 AM org.apache.catalina.startup.HostConfig deployDescriptor
INFORMACIÓN: Desplieque del descriptor de configuración Integradora4D.xml
nov 07, 2015 12:02:00 AM com.opensymphony.xwork2.util.logging.jdk.JdkLogger info
INFORMACIÓN: Parsing configuration file [struts-default.xml]
nov 07, 2015 12:02:00 AM com.opensymphony.xwork2.util.logging.jdk.JdkLogger info
INFORMACIÓN: Parsing configuration file [struts-plugin.xml]
nov 07, 2015 12:02:00 AM com.opensymphony.xwork2.util.logging.jdk.JdkLogger info
INFORMACIÓN: Parsing configuration file [struts.xml]
nov 07, 2015 12:02:00 AM com.opensymphony.xwork2.util.logging.jdk.JdkLogger info
INFORMACIÓN: Choosing bean (struts) for (com.opensymphony.xwork2.ObjectFactory)
nov 07, 2015 12:02:00 AM com.opensymphony.xwork2.util.logging.jdk.JdkLogger info
INFORMACIÓN: Choosing bean (struts) for (com.opensymphony.xwork2.FileManager)
nov 07, 2015 12:02:00 AM com.opensymphony.xwork2.util.logging.jdk.JdkLogger info
INFORMACIÓN: Choosing bean (struts) for (com.opensymphony.xwork2.conversion.impl.XWorkConverter)
nov 07, 2015 12:02:00 AM com.opensymphony.xwork2.util.logging.jdk.JdkLogger info
INFORMACIÓN: Choosing bean (struts) for (com.opensymphony.xwork2.TextProvider)
nov 07, 2015 12:02:00 AM com.opensymphony.xwork2.util.logging.jdk.JdkLogger info
INFORMACIÓN: Choosing bean (struts) for (com.opensymphony.xwork2.ActionProxyFactory)
nov 07, 2015 12:02:00 AM com.opensymphony.xwork2.util.logging.jdk.JdkLogger info
INFORMACIÓN: Choosing bean (struts) for (com.opensymphony.xwork2.conversion.ObjectTypeDeterminer)
nov 07, 2015 12:02:00 AM com.opensymphony.xwork2.util.logging.jdk.JdkLogger info
INFORMACIÓN: Choosing bean (struts) for (org.apache.struts2.dispatcher.mapper.ActionMapper)
nov 07, 2015 12:02:00 AM com.opensymphony.xwork2.util.logging.jdk.JdkLogger info
INFORMACIÓN: Choosing bean (jakarta) for (org.apache.struts2.dispatcher.multipart.MultiPartRequest)
nov 07, 2015 12:02:00 AM com.opensymphony.xwork2.util.logging.jdk.JdkLogger info
INFORMACIÓN: Choosing bean (struts) for (org.apache.struts2.views.freemarker.FreemarkerManager)
nov 07, 2015 12:02:00 AM com.opensymphony.xwork2.util.logging.jdk.JdkLogger info
INFORMACIÓN: Choosing bean (struts) for (org.apache.struts2.components.UrlRenderer)
nov 07, 2015 12:02:00 AM com.opensymphony.xwork2.util.logging.jdk.JdkLogger info
INFORMACIÓN: Choosing bean (struts) for (com.opensymphony.xwork2.validator.ActionValidatorManager)
nov 07, 2015 12:02:00 AM com.opensymphony.xwork2.util.logging.jdk.JdkLogger info
INFORMACIÓN: Choosing bean (struts) for (com.opensymphony.xwork2.util.ValueStackFactory)
nov 07, 2015 12:02:00 AM com.opensymphony.xwork2.util.logging.jdk.JdkLogger info
INFORMACIÓN: Choosing bean (struts) for (com.opensymphony.xwork2.util.reflection.ReflectionProvider)
nov 07, 2015 12:02:00 AM com.opensymphony.xwork2.util.logging.jdk.JdkLogger info
INFORMACIÓN: Choosing bean (struts) for (com.opensymphony.xwork2.util.reflection.ReflectionContextFactory)
nov 07, 2015 12:02:00 AM com.opensymphony.xwork2.util.logging.jdk.JdkLogger info
INFORMACIÓN: Choosing bean (struts) for (com.opensymphony.xwork2.util.PatternMatcher)
nov 07, 2015 12:02:00 AM com.opensymphony.xwork2.util.logging.jdk.JdkLogger info
INFORMACIÓN: Choosing bean (struts) for (org.apache.struts2.dispatcher.StaticContentLoader)
nov 07, 2015 12:02:00 AM com.opensymphony.xwork2.util.logging.jdk.JdkLogger info
INFORMACIÓN: Choosing bean (struts) for (com.opensymphony.xwork2.UnknownHandlerManager)
nov 07, 2015 12:02:00 AM com.opensymphony.xwork2.util.logging.jdk.JdkLogger info
INFORMACIÓN: Choosing bean (struts) for (org.apache.struts2.views.util.UrlHelper)
nov 07, 2015 12:02:01 AM org.apache.catalina.startup.HostConfig deployDescriptor
INFORMACIÓN: Desplieque del descriptor de configuración manager.xml
nov 07, 2015 12:02:01 AM org.apache.catalina.startup.HostConfig deployDirectory
INFORMACIÓN: Despliegue del directorio docs de la aplicación web
nov 07, 2015 12:02:01 AM org.apache.catalina.startup.HostConfig deployDirectory
INFORMACIÓN: Despliegue del directorio examples de la aplicación web
nov 07, 2015 12:02:02 AM org.apache.catalina.startup.HostConfig deployDirectory
INFORMACIÓN: Despliegue del directorio ROOT de la aplicación web
nov 07, 2015 12:02:02 AM org.apache.coyote.http11.Http11AprProtocol start
INFORMACIÓN: Arrancando Coyote HTTP/1.1 en puerto http-8080
nov 07, 2015 12:02:02 AM org.apache.coyote.ajp.AjpAprProtocol start
INFORMACIÓN: Arrancando Coyote AJP/1.3 en ajp-8009
nov 07, 2015 12:02:02 AM org.apache.catalina.startup.Catalina start
INFORMACIÓN: Server startup in 5634 ms
nov 07, 2015 1:45:53 AM com.opensymphony.xwork2.util.logging.jdk.JdkLogger info
INFORMACIÓN: Unable to find 'struts.multipart.saveDir' property setting. Defaulting to javax.servlet.context.tempdir
nov 07, 2015 1:45:54 AM com.opensymphony.xwork2.util.logging.jdk.JdkLogger info
INFORMACIÓN: Removing file archivo C:\Users\Comodin\Documents\GitHub\Integradora4D\Librerias\apache-tomcat-6.0.44\work\Catalina\localhost\Integradora4D\upload__3cf0f996_150e0e8a27d__8000_00000009.tmp
nov 07, 2015 1:51:05 AM com.opensymphony.xwork2.util.logging.jdk.JdkLogger info
INFORMACIÓN: Removing file archivo C:\Users\Comodin\Documents\GitHub\Integradora4D\Librerias\apache-tomcat-6.0.44\work\Catalina\localhost\Integradora4D\upload__3cf0f996_150e0e8a27d__8000_00000019.tmp
nov 07, 2015 1:54:41 AM org.apache.catalina.core.StandardContext reload
INFORMACIÓN: Ha comenzado la recarga de Contexto [/Integradora4D]
nov 07, 2015 1:54:41 AM org.apache.catalina.loader.WebappClassLoader clearReferencesJdbc
GRAVE: The web application [/Integradora4D] registered the JDBC driver [com.microsoft.sqlserver.jdbc.SQLServerDriver] but failed to unregister it when the web application was stopped. To prevent a memory leak, the JDBC Driver has been forcibly unregistered.
nov 07, 2015 1:54:41 AM org.apache.catalina.loader.WebappClassLoader checkThreadLocalMapForLeaks
GRAVE: The web application [/Integradora4D] created a ThreadLocal with key of type [com.microsoft.sqlserver.jdbc.ActivityCorrelator$1] (value [com.microsoft.sqlserver.jdbc.ActivityCorrelator$1@4cb16f83]) and a value of type [com.microsoft.sqlserver.jdbc.ActivityId] (value [edf19494-747e-4f35-8744-988f7b0b47c6-25]) but failed to remove it when the web application was stopped. This is very likely to create a memory leak.
nov 07, 2015 1:54:41 AM org.apache.catalina.loader.WebappClassLoader checkThreadLocalMapForLeaks
GRAVE: The web application [/Integradora4D] created a ThreadLocal with key of type [com.microsoft.sqlserver.jdbc.ActivityCorrelator$1] (value [com.microsoft.sqlserver.jdbc.ActivityCorrelator$1@4cb16f83]) and a value of type [com.microsoft.sqlserver.jdbc.ActivityId] (value [d8722e36-ef53-464b-8382-571696af0874-5]) but failed to remove it when the web application was stopped. This is very likely to create a memory leak.
nov 07, 2015 1:54:41 AM org.apache.catalina.loader.WebappClassLoader checkThreadLocalMapForLeaks
GRAVE: The web application [/Integradora4D] created a ThreadLocal with key of type [com.microsoft.sqlserver.jdbc.ActivityCorrelator$1] (value [com.microsoft.sqlserver.jdbc.ActivityCorrelator$1@4cb16f83]) and a value of type [com.microsoft.sqlserver.jdbc.ActivityId] (value [7c54621f-d980-4808-89dc-13b75f834a97-29]) but failed to remove it when the web application was stopped. This is very likely to create a memory leak.
nov 07, 2015 1:54:42 AM com.microsoft.sqlserver.jdbc.AuthenticationJNI <clinit>
ADVERTENCIA: Failed to load the sqljdbc_auth.dll cause : no sqljdbc_auth in java.library.path
nov 07, 2015 1:54:43 AM com.opensymphony.xwork2.util.logging.jdk.JdkLogger info
INFORMACIÓN: Parsing configuration file [struts-default.xml]
nov 07, 2015 1:54:44 AM com.opensymphony.xwork2.util.logging.jdk.JdkLogger info
INFORMACIÓN: Parsing configuration file [struts-plugin.xml]
nov 07, 2015 1:54:44 AM com.opensymphony.xwork2.util.logging.jdk.JdkLogger info
INFORMACIÓN: Parsing configuration file [struts.xml]
nov 07, 2015 1:54:44 AM com.opensymphony.xwork2.util.logging.jdk.JdkLogger info
INFORMACIÓN: Choosing bean (struts) for (com.opensymphony.xwork2.ObjectFactory)
nov 07, 2015 1:54:44 AM com.opensymphony.xwork2.util.logging.jdk.JdkLogger info
INFORMACIÓN: Choosing bean (struts) for (com.opensymphony.xwork2.FileManager)
nov 07, 2015 1:54:44 AM com.opensymphony.xwork2.util.logging.jdk.JdkLogger info
INFORMACIÓN: Choosing bean (struts) for (com.opensymphony.xwork2.conversion.impl.XWorkConverter)
nov 07, 2015 1:54:44 AM com.opensymphony.xwork2.util.logging.jdk.JdkLogger info
INFORMACIÓN: Choosing bean (struts) for (com.opensymphony.xwork2.TextProvider)
nov 07, 2015 1:54:44 AM com.opensymphony.xwork2.util.logging.jdk.JdkLogger info
INFORMACIÓN: Choosing bean (struts) for (com.opensymphony.xwork2.ActionProxyFactory)
nov 07, 2015 1:54:44 AM com.opensymphony.xwork2.util.logging.jdk.JdkLogger info
INFORMACIÓN: Choosing bean (struts) for (com.opensymphony.xwork2.conversion.ObjectTypeDeterminer)
nov 07, 2015 1:54:44 AM com.opensymphony.xwork2.util.logging.jdk.JdkLogger info
INFORMACIÓN: Choosing bean (struts) for (org.apache.struts2.dispatcher.mapper.ActionMapper)
nov 07, 2015 1:54:44 AM com.opensymphony.xwork2.util.logging.jdk.JdkLogger info
INFORMACIÓN: Choosing bean (jakarta) for (org.apache.struts2.dispatcher.multipart.MultiPartRequest)
nov 07, 2015 1:54:44 AM com.opensymphony.xwork2.util.logging.jdk.JdkLogger info
INFORMACIÓN: Choosing bean (struts) for (org.apache.struts2.views.freemarker.FreemarkerManager)
nov 07, 2015 1:54:44 AM com.opensymphony.xwork2.util.logging.jdk.JdkLogger info
INFORMACIÓN: Choosing bean (struts) for (org.apache.struts2.components.UrlRenderer)
nov 07, 2015 1:54:44 AM com.opensymphony.xwork2.util.logging.jdk.JdkLogger info
INFORMACIÓN: Choosing bean (struts) for (com.opensymphony.xwork2.validator.ActionValidatorManager)
nov 07, 2015 1:54:44 AM com.opensymphony.xwork2.util.logging.jdk.JdkLogger info
INFORMACIÓN: Choosing bean (struts) for (com.opensymphony.xwork2.util.ValueStackFactory)
nov 07, 2015 1:54:44 AM com.opensymphony.xwork2.util.logging.jdk.JdkLogger info
INFORMACIÓN: Choosing bean (struts) for (com.opensymphony.xwork2.util.reflection.ReflectionProvider)
nov 07, 2015 1:54:44 AM com.opensymphony.xwork2.util.logging.jdk.JdkLogger info
INFORMACIÓN: Choosing bean (struts) for (com.opensymphony.xwork2.util.reflection.ReflectionContextFactory)
nov 07, 2015 1:54:44 AM com.opensymphony.xwork2.util.logging.jdk.JdkLogger info
INFORMACIÓN: Choosing bean (struts) for (com.opensymphony.xwork2.util.PatternMatcher)
nov 07, 2015 1:54:44 AM com.opensymphony.xwork2.util.logging.jdk.JdkLogger info
INFORMACIÓN: Choosing bean (struts) for (org.apache.struts2.dispatcher.StaticContentLoader)
nov 07, 2015 1:54:44 AM com.opensymphony.xwork2.util.logging.jdk.JdkLogger info
INFORMACIÓN: Choosing bean (struts) for (com.opensymphony.xwork2.UnknownHandlerManager)
nov 07, 2015 1:54:44 AM com.opensymphony.xwork2.util.logging.jdk.JdkLogger info
INFORMACIÓN: Choosing bean (struts) for (org.apache.struts2.views.util.UrlHelper)
nov 07, 2015 1:55:09 AM com.opensymphony.xwork2.util.logging.jdk.JdkLogger info
INFORMACIÓN: Unable to find 'struts.multipart.saveDir' property setting. Defaulting to javax.servlet.context.tempdir
nov 07, 2015 1:55:19 AM com.opensymphony.xwork2.util.logging.jdk.JdkLogger info
INFORMACIÓN: Removing file archivo C:\Users\Comodin\Documents\GitHub\Integradora4D\Librerias\apache-tomcat-6.0.44\work\Catalina\localhost\Integradora4D\upload__3cf0f996_150e0e8a27d__7fff_00000009.tmp
nov 07, 2015 1:56:43 AM org.apache.catalina.core.StandardContext reload
INFORMACIÓN: Ha comenzado la recarga de Contexto [/Integradora4D]
nov 07, 2015 1:56:43 AM org.apache.catalina.loader.WebappClassLoader clearReferencesJdbc
GRAVE: The web application [/Integradora4D] registered the JDBC driver [com.microsoft.sqlserver.jdbc.SQLServerDriver] but failed to unregister it when the web application was stopped. To prevent a memory leak, the JDBC Driver has been forcibly unregistered.
nov 07, 2015 1:56:43 AM org.apache.catalina.loader.WebappClassLoader checkThreadLocalMapForLeaks
GRAVE: The web application [/Integradora4D] created a ThreadLocal with key of type [com.microsoft.sqlserver.jdbc.ActivityCorrelator$1] (value [com.microsoft.sqlserver.jdbc.ActivityCorrelator$1@1631618a]) and a value of type [com.microsoft.sqlserver.jdbc.ActivityId] (value [c277ab6c-11a4-4b5d-a204-7504ba0bee1f-3]) but failed to remove it when the web application was stopped. This is very likely to create a memory leak.
nov 07, 2015 1:56:43 AM com.microsoft.sqlserver.jdbc.AuthenticationJNI <clinit>
ADVERTENCIA: Failed to load the sqljdbc_auth.dll cause : no sqljdbc_auth in java.library.path
nov 07, 2015 1:56:44 AM com.opensymphony.xwork2.util.logging.jdk.JdkLogger info
INFORMACIÓN: Parsing configuration file [struts-default.xml]
nov 07, 2015 1:56:44 AM com.opensymphony.xwork2.util.logging.jdk.JdkLogger info
INFORMACIÓN: Parsing configuration file [struts-plugin.xml]
nov 07, 2015 1:56:44 AM com.opensymphony.xwork2.util.logging.jdk.JdkLogger info
INFORMACIÓN: Parsing configuration file [struts.xml]
nov 07, 2015 1:56:44 AM com.opensymphony.xwork2.util.logging.jdk.JdkLogger info
INFORMACIÓN: Choosing bean (struts) for (com.opensymphony.xwork2.ObjectFactory)
nov 07, 2015 1:56:44 AM com.opensymphony.xwork2.util.logging.jdk.JdkLogger info
INFORMACIÓN: Choosing bean (struts) for (com.opensymphony.xwork2.FileManager)
nov 07, 2015 1:56:44 AM com.opensymphony.xwork2.util.logging.jdk.JdkLogger info
INFORMACIÓN: Choosing bean (struts) for (com.opensymphony.xwork2.conversion.impl.XWorkConverter)
nov 07, 2015 1:56:44 AM com.opensymphony.xwork2.util.logging.jdk.JdkLogger info
INFORMACIÓN: Choosing bean (struts) for (com.opensymphony.xwork2.TextProvider)
nov 07, 2015 1:56:44 AM com.opensymphony.xwork2.util.logging.jdk.JdkLogger info
INFORMACIÓN: Choosing bean (struts) for (com.opensymphony.xwork2.ActionProxyFactory)
nov 07, 2015 1:56:44 AM com.opensymphony.xwork2.util.logging.jdk.JdkLogger info
INFORMACIÓN: Choosing bean (struts) for (com.opensymphony.xwork2.conversion.ObjectTypeDeterminer)
nov 07, 2015 1:56:44 AM com.opensymphony.xwork2.util.logging.jdk.JdkLogger info
INFORMACIÓN: Choosing bean (struts) for (org.apache.struts2.dispatcher.mapper.ActionMapper)
nov 07, 2015 1:56:44 AM com.opensymphony.xwork2.util.logging.jdk.JdkLogger info
INFORMACIÓN: Choosing bean (jakarta) for (org.apache.struts2.dispatcher.multipart.MultiPartRequest)
nov 07, 2015 1:56:44 AM com.opensymphony.xwork2.util.logging.jdk.JdkLogger info
INFORMACIÓN: Choosing bean (struts) for (org.apache.struts2.views.freemarker.FreemarkerManager)
nov 07, 2015 1:56:44 AM com.opensymphony.xwork2.util.logging.jdk.JdkLogger info
INFORMACIÓN: Choosing bean (struts) for (org.apache.struts2.components.UrlRenderer)
nov 07, 2015 1:56:44 AM com.opensymphony.xwork2.util.logging.jdk.JdkLogger info
INFORMACIÓN: Choosing bean (struts) for (com.opensymphony.xwork2.validator.ActionValidatorManager)
nov 07, 2015 1:56:44 AM com.opensymphony.xwork2.util.logging.jdk.JdkLogger info
INFORMACIÓN: Choosing bean (struts) for (com.opensymphony.xwork2.util.ValueStackFactory)
nov 07, 2015 1:56:44 AM com.opensymphony.xwork2.util.logging.jdk.JdkLogger info
INFORMACIÓN: Choosing bean (struts) for (com.opensymphony.xwork2.util.reflection.ReflectionProvider)
nov 07, 2015 1:56:44 AM com.opensymphony.xwork2.util.logging.jdk.JdkLogger info
INFORMACIÓN: Choosing bean (struts) for (com.opensymphony.xwork2.util.reflection.ReflectionContextFactory)
nov 07, 2015 1:56:44 AM com.opensymphony.xwork2.util.logging.jdk.JdkLogger info
INFORMACIÓN: Choosing bean (struts) for (com.opensymphony.xwork2.util.PatternMatcher)
nov 07, 2015 1:56:44 AM com.opensymphony.xwork2.util.logging.jdk.JdkLogger info
INFORMACIÓN: Choosing bean (struts) for (org.apache.struts2.dispatcher.StaticContentLoader)
nov 07, 2015 1:56:44 AM com.opensymphony.xwork2.util.logging.jdk.JdkLogger info
INFORMACIÓN: Choosing bean (struts) for (com.opensymphony.xwork2.UnknownHandlerManager)
nov 07, 2015 1:56:44 AM com.opensymphony.xwork2.util.logging.jdk.JdkLogger info
INFORMACIÓN: Choosing bean (struts) for (org.apache.struts2.views.util.UrlHelper)
nov 07, 2015 1:56:51 AM org.apache.catalina.core.StandardContext reload
INFORMACIÓN: Ha comenzado la recarga de Contexto [/Integradora4D]
nov 07, 2015 1:56:53 AM com.opensymphony.xwork2.util.logging.jdk.JdkLogger info
INFORMACIÓN: Parsing configuration file [struts-default.xml]
nov 07, 2015 1:56:53 AM com.opensymphony.xwork2.util.logging.jdk.JdkLogger info
INFORMACIÓN: Parsing configuration file [struts-plugin.xml]
nov 07, 2015 1:56:53 AM com.opensymphony.xwork2.util.logging.jdk.JdkLogger info
INFORMACIÓN: Parsing configuration file [struts.xml]
nov 07, 2015 1:56:53 AM com.opensymphony.xwork2.util.logging.jdk.JdkLogger info
INFORMACIÓN: Choosing bean (struts) for (com.opensymphony.xwork2.ObjectFactory)
nov 07, 2015 1:56:53 AM com.opensymphony.xwork2.util.logging.jdk.JdkLogger info
INFORMACIÓN: Choosing bean (struts) for (com.opensymphony.xwork2.FileManager)
nov 07, 2015 1:56:53 AM com.opensymphony.xwork2.util.logging.jdk.JdkLogger info
INFORMACIÓN: Choosing bean (struts) for (com.opensymphony.xwork2.conversion.impl.XWorkConverter)
nov 07, 2015 1:56:53 AM com.opensymphony.xwork2.util.logging.jdk.JdkLogger info
INFORMACIÓN: Choosing bean (struts) for (com.opensymphony.xwork2.TextProvider)
nov 07, 2015 1:56:53 AM com.opensymphony.xwork2.util.logging.jdk.JdkLogger info
INFORMACIÓN: Choosing bean (struts) for (com.opensymphony.xwork2.ActionProxyFactory)
nov 07, 2015 1:56:53 AM com.opensymphony.xwork2.util.logging.jdk.JdkLogger info
INFORMACIÓN: Choosing bean (struts) for (com.opensymphony.xwork2.conversion.ObjectTypeDeterminer)
nov 07, 2015 1:56:53 AM com.opensymphony.xwork2.util.logging.jdk.JdkLogger info
INFORMACIÓN: Choosing bean (struts) for (org.apache.struts2.dispatcher.mapper.ActionMapper)
nov 07, 2015 1:56:53 AM com.opensymphony.xwork2.util.logging.jdk.JdkLogger info
INFORMACIÓN: Choosing bean (jakarta) for (org.apache.struts2.dispatcher.multipart.MultiPartRequest)
nov 07, 2015 1:56:53 AM com.opensymphony.xwork2.util.logging.jdk.JdkLogger info
INFORMACIÓN: Choosing bean (struts) for (org.apache.struts2.views.freemarker.FreemarkerManager)
nov 07, 2015 1:56:53 AM com.opensymphony.xwork2.util.logging.jdk.JdkLogger info
INFORMACIÓN: Choosing bean (struts) for (org.apache.struts2.components.UrlRenderer)
nov 07, 2015 1:56:53 AM com.opensymphony.xwork2.util.logging.jdk.JdkLogger info
INFORMACIÓN: Choosing bean (struts) for (com.opensymphony.xwork2.validator.ActionValidatorManager)
nov 07, 2015 1:56:53 AM com.opensymphony.xwork2.util.logging.jdk.JdkLogger info
INFORMACIÓN: Choosing bean (struts) for (com.opensymphony.xwork2.util.ValueStackFactory)
nov 07, 2015 1:56:53 AM com.opensymphony.xwork2.util.logging.jdk.JdkLogger info
INFORMACIÓN: Choosing bean (struts) for (com.opensymphony.xwork2.util.reflection.ReflectionProvider)
nov 07, 2015 1:56:53 AM com.opensymphony.xwork2.util.logging.jdk.JdkLogger info
INFORMACIÓN: Choosing bean (struts) for (com.opensymphony.xwork2.util.reflection.ReflectionContextFactory)
nov 07, 2015 1:56:53 AM com.opensymphony.xwork2.util.logging.jdk.JdkLogger info
INFORMACIÓN: Choosing bean (struts) for (com.opensymphony.xwork2.util.PatternMatcher)
nov 07, 2015 1:56:53 AM com.opensymphony.xwork2.util.logging.jdk.JdkLogger info
INFORMACIÓN: Choosing bean (struts) for (org.apache.struts2.dispatcher.StaticContentLoader)
nov 07, 2015 1:56:53 AM com.opensymphony.xwork2.util.logging.jdk.JdkLogger info
INFORMACIÓN: Choosing bean (struts) for (com.opensymphony.xwork2.UnknownHandlerManager)
nov 07, 2015 1:56:53 AM com.opensymphony.xwork2.util.logging.jdk.JdkLogger info
INFORMACIÓN: Choosing bean (struts) for (org.apache.struts2.views.util.UrlHelper)
nov 07, 2015 1:57:43 AM com.opensymphony.xwork2.util.logging.jdk.JdkLogger info
INFORMACIÓN: Unable to find 'struts.multipart.saveDir' property setting. Defaulting to javax.servlet.context.tempdir
nov 07, 2015 1:57:53 AM com.opensymphony.xwork2.util.logging.jdk.JdkLogger info
INFORMACIÓN: Removing file archivo C:\Users\Comodin\Documents\GitHub\Integradora4D\Librerias\apache-tomcat-6.0.44\work\Catalina\localhost\Integradora4D\upload__3cf0f996_150e0e8a27d__7ffe_00000009.tmp
nov 07, 2015 1:58:09 AM org.apache.catalina.core.StandardContext reload
INFORMACIÓN: Ha comenzado la recarga de Contexto [/Integradora4D]
nov 07, 2015 1:58:09 AM org.apache.catalina.loader.WebappClassLoader clearReferencesJdbc
GRAVE: The web application [/Integradora4D] registered the JDBC driver [com.microsoft.sqlserver.jdbc.SQLServerDriver] but failed to unregister it when the web application was stopped. To prevent a memory leak, the JDBC Driver has been forcibly unregistered.
nov 07, 2015 1:58:09 AM org.apache.catalina.loader.WebappClassLoader checkThreadLocalMapForLeaks
GRAVE: The web application [/Integradora4D] created a ThreadLocal with key of type [com.microsoft.sqlserver.jdbc.ActivityCorrelator$1] (value [com.microsoft.sqlserver.jdbc.ActivityCorrelator$1@19e90a65]) and a value of type [com.microsoft.sqlserver.jdbc.ActivityId] (value [2985f48d-93c5-4652-b989-69dd45618ac0-3]) but failed to remove it when the web application was stopped. This is very likely to create a memory leak.
nov 07, 2015 1:58:09 AM com.microsoft.sqlserver.jdbc.AuthenticationJNI <clinit>
ADVERTENCIA: Failed to load the sqljdbc_auth.dll cause : no sqljdbc_auth in java.library.path
nov 07, 2015 1:58:11 AM com.opensymphony.xwork2.util.logging.jdk.JdkLogger info
INFORMACIÓN: Parsing configuration file [struts-default.xml]
nov 07, 2015 1:58:11 AM com.opensymphony.xwork2.util.logging.jdk.JdkLogger info
INFORMACIÓN: Parsing configuration file [struts-plugin.xml]
nov 07, 2015 1:58:11 AM com.opensymphony.xwork2.util.logging.jdk.JdkLogger info
INFORMACIÓN: Parsing configuration file [struts.xml]
nov 07, 2015 1:58:11 AM com.opensymphony.xwork2.util.logging.jdk.JdkLogger info
INFORMACIÓN: Choosing bean (struts) for (com.opensymphony.xwork2.ObjectFactory)
nov 07, 2015 1:58:11 AM com.opensymphony.xwork2.util.logging.jdk.JdkLogger info
INFORMACIÓN: Choosing bean (struts) for (com.opensymphony.xwork2.FileManager)
nov 07, 2015 1:58:11 AM com.opensymphony.xwork2.util.logging.jdk.JdkLogger info
INFORMACIÓN: Choosing bean (struts) for (com.opensymphony.xwork2.conversion.impl.XWorkConverter)
nov 07, 2015 1:58:11 AM com.opensymphony.xwork2.util.logging.jdk.JdkLogger info
INFORMACIÓN: Choosing bean (struts) for (com.opensymphony.xwork2.TextProvider)
nov 07, 2015 1:58:11 AM com.opensymphony.xwork2.util.logging.jdk.JdkLogger info
INFORMACIÓN: Choosing bean (struts) for (com.opensymphony.xwork2.ActionProxyFactory)
nov 07, 2015 1:58:11 AM com.opensymphony.xwork2.util.logging.jdk.JdkLogger info
INFORMACIÓN: Choosing bean (struts) for (com.opensymphony.xwork2.conversion.ObjectTypeDeterminer)
nov 07, 2015 1:58:11 AM com.opensymphony.xwork2.util.logging.jdk.JdkLogger info
INFORMACIÓN: Choosing bean (struts) for (org.apache.struts2.dispatcher.mapper.ActionMapper)
nov 07, 2015 1:58:11 AM com.opensymphony.xwork2.util.logging.jdk.JdkLogger info
INFORMACIÓN: Choosing bean (jakarta) for (org.apache.struts2.dispatcher.multipart.MultiPartRequest)
nov 07, 2015 1:58:11 AM com.opensymphony.xwork2.util.logging.jdk.JdkLogger info
INFORMACIÓN: Choosing bean (struts) for (org.apache.struts2.views.freemarker.FreemarkerManager)
nov 07, 2015 1:58:11 AM com.opensymphony.xwork2.util.logging.jdk.JdkLogger info
INFORMACIÓN: Choosing bean (struts) for (org.apache.struts2.components.UrlRenderer)
nov 07, 2015 1:58:11 AM com.opensymphony.xwork2.util.logging.jdk.JdkLogger info
INFORMACIÓN: Choosing bean (struts) for (com.opensymphony.xwork2.validator.ActionValidatorManager)
nov 07, 2015 1:58:11 AM com.opensymphony.xwork2.util.logging.jdk.JdkLogger info
INFORMACIÓN: Choosing bean (struts) for (com.opensymphony.xwork2.util.ValueStackFactory)
nov 07, 2015 1:58:11 AM com.opensymphony.xwork2.util.logging.jdk.JdkLogger info
INFORMACIÓN: Choosing bean (struts) for (com.opensymphony.xwork2.util.reflection.ReflectionProvider)
nov 07, 2015 1:58:11 AM com.opensymphony.xwork2.util.logging.jdk.JdkLogger info
INFORMACIÓN: Choosing bean (struts) for (com.opensymphony.xwork2.util.reflection.ReflectionContextFactory)
nov 07, 2015 1:58:11 AM com.opensymphony.xwork2.util.logging.jdk.JdkLogger info
INFORMACIÓN: Choosing bean (struts) for (com.opensymphony.xwork2.util.PatternMatcher)
nov 07, 2015 1:58:11 AM com.opensymphony.xwork2.util.logging.jdk.JdkLogger info
INFORMACIÓN: Choosing bean (struts) for (org.apache.struts2.dispatcher.StaticContentLoader)
nov 07, 2015 1:58:11 AM com.opensymphony.xwork2.util.logging.jdk.JdkLogger info
INFORMACIÓN: Choosing bean (struts) for (com.opensymphony.xwork2.UnknownHandlerManager)
nov 07, 2015 1:58:11 AM com.opensymphony.xwork2.util.logging.jdk.JdkLogger info
INFORMACIÓN: Choosing bean (struts) for (org.apache.struts2.views.util.UrlHelper)
nov 07, 2015 2:00:30 AM org.apache.catalina.core.StandardContext reload
INFORMACIÓN: Ha comenzado la recarga de Contexto [/Integradora4D]
nov 07, 2015 2:00:31 AM com.opensymphony.xwork2.util.logging.jdk.JdkLogger info
INFORMACIÓN: Parsing configuration file [struts-default.xml]
nov 07, 2015 2:00:31 AM com.opensymphony.xwork2.util.logging.jdk.JdkLogger info
INFORMACIÓN: Parsing configuration file [struts-plugin.xml]
nov 07, 2015 2:00:31 AM com.opensymphony.xwork2.util.logging.jdk.JdkLogger info
INFORMACIÓN: Parsing configuration file [struts.xml]
nov 07, 2015 2:00:31 AM com.opensymphony.xwork2.util.logging.jdk.JdkLogger info
INFORMACIÓN: Choosing bean (struts) for (com.opensymphony.xwork2.ObjectFactory)
nov 07, 2015 2:00:31 AM com.opensymphony.xwork2.util.logging.jdk.JdkLogger info
INFORMACIÓN: Choosing bean (struts) for (com.opensymphony.xwork2.FileManager)
nov 07, 2015 2:00:31 AM com.opensymphony.xwork2.util.logging.jdk.JdkLogger info
INFORMACIÓN: Choosing bean (struts) for (com.opensymphony.xwork2.conversion.impl.XWorkConverter)
nov 07, 2015 2:00:31 AM com.opensymphony.xwork2.util.logging.jdk.JdkLogger info
INFORMACIÓN: Choosing bean (struts) for (com.opensymphony.xwork2.TextProvider)
nov 07, 2015 2:00:31 AM com.opensymphony.xwork2.util.logging.jdk.JdkLogger info
INFORMACIÓN: Choosing bean (struts) for (com.opensymphony.xwork2.ActionProxyFactory)
nov 07, 2015 2:00:31 AM com.opensymphony.xwork2.util.logging.jdk.JdkLogger info
INFORMACIÓN: Choosing bean (struts) for (com.opensymphony.xwork2.conversion.ObjectTypeDeterminer)
nov 07, 2015 2:00:31 AM com.opensymphony.xwork2.util.logging.jdk.JdkLogger info
INFORMACIÓN: Choosing bean (struts) for (org.apache.struts2.dispatcher.mapper.ActionMapper)
nov 07, 2015 2:00:31 AM com.opensymphony.xwork2.util.logging.jdk.JdkLogger info
INFORMACIÓN: Choosing bean (jakarta) for (org.apache.struts2.dispatcher.multipart.MultiPartRequest)
nov 07, 2015 2:00:31 AM com.opensymphony.xwork2.util.logging.jdk.JdkLogger info
INFORMACIÓN: Choosing bean (struts) for (org.apache.struts2.views.freemarker.FreemarkerManager)
nov 07, 2015 2:00:31 AM com.opensymphony.xwork2.util.logging.jdk.JdkLogger info
INFORMACIÓN: Choosing bean (struts) for (org.apache.struts2.components.UrlRenderer)
nov 07, 2015 2:00:31 AM com.opensymphony.xwork2.util.logging.jdk.JdkLogger info
INFORMACIÓN: Choosing bean (struts) for (com.opensymphony.xwork2.validator.ActionValidatorManager)
nov 07, 2015 2:00:31 AM com.opensymphony.xwork2.util.logging.jdk.JdkLogger info
INFORMACIÓN: Choosing bean (struts) for (com.opensymphony.xwork2.util.ValueStackFactory)
nov 07, 2015 2:00:31 AM com.opensymphony.xwork2.util.logging.jdk.JdkLogger info
INFORMACIÓN: Choosing bean (struts) for (com.opensymphony.xwork2.util.reflection.ReflectionProvider)
nov 07, 2015 2:00:31 AM com.opensymphony.xwork2.util.logging.jdk.JdkLogger info
INFORMACIÓN: Choosing bean (struts) for (com.opensymphony.xwork2.util.reflection.ReflectionContextFactory)
nov 07, 2015 2:00:31 AM com.opensymphony.xwork2.util.logging.jdk.JdkLogger info
INFORMACIÓN: Choosing bean (struts) for (com.opensymphony.xwork2.util.PatternMatcher)
nov 07, 2015 2:00:31 AM com.opensymphony.xwork2.util.logging.jdk.JdkLogger info
INFORMACIÓN: Choosing bean (struts) for (org.apache.struts2.dispatcher.StaticContentLoader)
nov 07, 2015 2:00:31 AM com.opensymphony.xwork2.util.logging.jdk.JdkLogger info
INFORMACIÓN: Choosing bean (struts) for (com.opensymphony.xwork2.UnknownHandlerManager)
nov 07, 2015 2:00:31 AM com.opensymphony.xwork2.util.logging.jdk.JdkLogger info
INFORMACIÓN: Choosing bean (struts) for (org.apache.struts2.views.util.UrlHelper)
nov 07, 2015 2:00:58 AM com.opensymphony.xwork2.util.logging.jdk.JdkLogger info
INFORMACIÓN: Unable to find 'struts.multipart.saveDir' property setting. Defaulting to javax.servlet.context.tempdir
nov 07, 2015 2:01:11 AM com.opensymphony.xwork2.util.logging.jdk.JdkLogger info
INFORMACIÓN: Removing file archivo C:\Users\Comodin\Documents\GitHub\Integradora4D\Librerias\apache-tomcat-6.0.44\work\Catalina\localhost\Integradora4D\upload__3cf0f996_150e0e8a27d__7ffd_00000009.tmp
nov 07, 2015 2:06:32 AM org.apache.coyote.http11.Http11AprProtocol pause
INFORMACIÓN: Pausando Coyote HTTP/1.1 en puerto http-8080
nov 07, 2015 2:06:32 AM org.apache.coyote.ajp.AjpAprProtocol pause
INFORMACIÓN: Pausando Coyote AJP/1.3 en ajp-8009
nov 07, 2015 2:06:33 AM org.apache.catalina.core.StandardService stop
INFORMACIÓN: Parando servicio Catalina
nov 07, 2015 2:06:33 AM org.apache.catalina.loader.WebappClassLoader clearReferencesJdbc
GRAVE: The web application [/Integradora4D] registered the JDBC driver [com.microsoft.sqlserver.jdbc.SQLServerDriver] but failed to unregister it when the web application was stopped. To prevent a memory leak, the JDBC Driver has been forcibly unregistered.
nov 07, 2015 2:06:33 AM org.apache.catalina.loader.WebappClassLoader checkThreadLocalMapForLeaks
GRAVE: The web application [/Integradora4D] created a ThreadLocal with key of type [com.microsoft.sqlserver.jdbc.ActivityCorrelator$1] (value [com.microsoft.sqlserver.jdbc.ActivityCorrelator$1@7161d8d1]) and a value of type [com.microsoft.sqlserver.jdbc.ActivityId] (value [85d1a18f-92ab-45d5-b6ff-69be682424c1-3]) but failed to remove it when the web application was stopped. This is very likely to create a memory leak.
nov 07, 2015 2:06:33 AM com.microsoft.sqlserver.jdbc.AuthenticationJNI <clinit>
ADVERTENCIA: Failed to load the sqljdbc_auth.dll cause : no sqljdbc_auth in java.library.path
nov 07, 2015 2:06:33 AM org.apache.coyote.http11.Http11AprProtocol destroy
INFORMACIÓN: Parando Coyote HTTP/1.1 en puerto http-8080
nov 07, 2015 2:06:33 AM org.apache.coyote.ajp.AjpAprProtocol destroy
INFORMACIÓN: Parando Coyote AJP/1.3 en ajp-8009
nov 07, 2015 9:02:11 AM org.apache.catalina.core.AprLifecycleListener init
INFORMACIÓN: Cargada la biblioteca nativa APR de Apache Tomcat 1.1.33 con la versión APR 1.5.1.
nov 07, 2015 9:02:11 AM org.apache.catalina.core.AprLifecycleListener init
INFORMACIÓN: Capacidades APR: IPv6 [true], enviar fichero [true], aceptar filtros [false], aleatorio [true].
nov 07, 2015 9:02:12 AM org.apache.catalina.core.AprLifecycleListener initializeSSL
INFORMACIÓN: OpenSSL inicializado correctamente con versión OpenSSL 1.0.1m 19 Mar 2015
nov 07, 2015 9:02:13 AM org.apache.coyote.http11.Http11AprProtocol init
INFORMACIÓN: Inicializando Coyote HTTP/1.1 en puerto http-8080
nov 07, 2015 9:02:13 AM org.apache.coyote.ajp.AjpAprProtocol init
INFORMACIÓN: Inicializando Coyote AJP/1.3 en ajp-8009
nov 07, 2015 9:02:13 AM org.apache.catalina.startup.Catalina load
INFORMACIÓN: Initialization processed in 3286 ms
nov 07, 2015 9:02:14 AM org.apache.catalina.core.StandardService start
INFORMACIÓN: Arrancando servicio Catalina
nov 07, 2015 9:02:14 AM org.apache.catalina.core.StandardEngine start
INFORMACIÓN: Starting Servlet Engine: Apache Tomcat/6.0.44
nov 07, 2015 9:02:14 AM org.apache.catalina.startup.HostConfig deployDescriptor
INFORMACIÓN: Desplieque del descriptor de configuración host-manager.xml
nov 07, 2015 9:02:14 AM org.apache.catalina.startup.HostConfig deployDescriptor
INFORMACIÓN: Desplieque del descriptor de configuración Integradora4D.xml
nov 07, 2015 9:02:17 AM com.opensymphony.xwork2.util.logging.jdk.JdkLogger info
INFORMACIÓN: Parsing configuration file [struts-default.xml]
nov 07, 2015 9:02:17 AM com.opensymphony.xwork2.util.logging.jdk.JdkLogger info
INFORMACIÓN: Parsing configuration file [struts-plugin.xml]
nov 07, 2015 9:02:17 AM com.opensymphony.xwork2.util.logging.jdk.JdkLogger info
INFORMACIÓN: Parsing configuration file [struts.xml]
nov 07, 2015 9:02:17 AM com.opensymphony.xwork2.util.logging.jdk.JdkLogger info
INFORMACIÓN: Choosing bean (struts) for (com.opensymphony.xwork2.ObjectFactory)
nov 07, 2015 9:02:17 AM com.opensymphony.xwork2.util.logging.jdk.JdkLogger info
INFORMACIÓN: Choosing bean (struts) for (com.opensymphony.xwork2.FileManager)
nov 07, 2015 9:02:17 AM com.opensymphony.xwork2.util.logging.jdk.JdkLogger info
INFORMACIÓN: Choosing bean (struts) for (com.opensymphony.xwork2.conversion.impl.XWorkConverter)
nov 07, 2015 9:02:17 AM com.opensymphony.xwork2.util.logging.jdk.JdkLogger info
INFORMACIÓN: Choosing bean (struts) for (com.opensymphony.xwork2.TextProvider)
nov 07, 2015 9:02:17 AM com.opensymphony.xwork2.util.logging.jdk.JdkLogger info
INFORMACIÓN: Choosing bean (struts) for (com.opensymphony.xwork2.ActionProxyFactory)
nov 07, 2015 9:02:17 AM com.opensymphony.xwork2.util.logging.jdk.JdkLogger info
INFORMACIÓN: Choosing bean (struts) for (com.opensymphony.xwork2.conversion.ObjectTypeDeterminer)
nov 07, 2015 9:02:17 AM com.opensymphony.xwork2.util.logging.jdk.JdkLogger info
INFORMACIÓN: Choosing bean (struts) for (org.apache.struts2.dispatcher.mapper.ActionMapper)
nov 07, 2015 9:02:17 AM com.opensymphony.xwork2.util.logging.jdk.JdkLogger info
INFORMACIÓN: Choosing bean (jakarta) for (org.apache.struts2.dispatcher.multipart.MultiPartRequest)
nov 07, 2015 9:02:17 AM com.opensymphony.xwork2.util.logging.jdk.JdkLogger info
INFORMACIÓN: Choosing bean (struts) for (org.apache.struts2.views.freemarker.FreemarkerManager)
nov 07, 2015 9:02:17 AM com.opensymphony.xwork2.util.logging.jdk.JdkLogger info
INFORMACIÓN: Choosing bean (struts) for (org.apache.struts2.components.UrlRenderer)
nov 07, 2015 9:02:17 AM com.opensymphony.xwork2.util.logging.jdk.JdkLogger info
INFORMACIÓN: Choosing bean (struts) for (com.opensymphony.xwork2.validator.ActionValidatorManager)
nov 07, 2015 9:02:17 AM com.opensymphony.xwork2.util.logging.jdk.JdkLogger info
INFORMACIÓN: Choosing bean (struts) for (com.opensymphony.xwork2.util.ValueStackFactory)
nov 07, 2015 9:02:17 AM com.opensymphony.xwork2.util.logging.jdk.JdkLogger info
INFORMACIÓN: Choosing bean (struts) for (com.opensymphony.xwork2.util.reflection.ReflectionProvider)
nov 07, 2015 9:02:17 AM com.opensymphony.xwork2.util.logging.jdk.JdkLogger info
INFORMACIÓN: Choosing bean (struts) for (com.opensymphony.xwork2.util.reflection.ReflectionContextFactory)
nov 07, 2015 9:02:17 AM com.opensymphony.xwork2.util.logging.jdk.JdkLogger info
INFORMACIÓN: Choosing bean (struts) for (com.opensymphony.xwork2.util.PatternMatcher)
nov 07, 2015 9:02:17 AM com.opensymphony.xwork2.util.logging.jdk.JdkLogger info
INFORMACIÓN: Choosing bean (struts) for (org.apache.struts2.dispatcher.StaticContentLoader)
nov 07, 2015 9:02:17 AM com.opensymphony.xwork2.util.logging.jdk.JdkLogger info
INFORMACIÓN: Choosing bean (struts) for (com.opensymphony.xwork2.UnknownHandlerManager)
nov 07, 2015 9:02:17 AM com.opensymphony.xwork2.util.logging.jdk.JdkLogger info
INFORMACIÓN: Choosing bean (struts) for (org.apache.struts2.views.util.UrlHelper)
nov 07, 2015 9:02:18 AM org.apache.catalina.startup.HostConfig deployDescriptor
INFORMACIÓN: Desplieque del descriptor de configuración manager.xml
nov 07, 2015 9:02:18 AM org.apache.catalina.startup.HostConfig deployDirectory
INFORMACIÓN: Despliegue del directorio docs de la aplicación web
nov 07, 2015 9:02:18 AM org.apache.catalina.startup.HostConfig deployDirectory
INFORMACIÓN: Despliegue del directorio examples de la aplicación web
nov 07, 2015 9:02:19 AM org.apache.catalina.startup.HostConfig deployDirectory
INFORMACIÓN: Despliegue del directorio ROOT de la aplicación web
nov 07, 2015 9:02:19 AM org.apache.coyote.http11.Http11AprProtocol start
INFORMACIÓN: Arrancando Coyote HTTP/1.1 en puerto http-8080
nov 07, 2015 9:02:19 AM org.apache.coyote.ajp.AjpAprProtocol start
INFORMACIÓN: Arrancando Coyote AJP/1.3 en ajp-8009
nov 07, 2015 9:02:19 AM org.apache.catalina.startup.Catalina start
INFORMACIÓN: Server startup in 5426 ms
nov 07, 2015 9:02:22 AM org.apache.catalina.core.StandardContext reload
INFORMACIÓN: Ha comenzado la recarga de Contexto [/Integradora4D]
nov 07, 2015 9:02:24 AM com.opensymphony.xwork2.util.logging.jdk.JdkLogger info
INFORMACIÓN: Parsing configuration file [struts-default.xml]
nov 07, 2015 9:02:25 AM com.opensymphony.xwork2.util.logging.jdk.JdkLogger info
INFORMACIÓN: Parsing configuration file [struts-plugin.xml]
nov 07, 2015 9:02:25 AM com.opensymphony.xwork2.util.logging.jdk.JdkLogger info
INFORMACIÓN: Parsing configuration file [struts.xml]
nov 07, 2015 9:02:25 AM com.opensymphony.xwork2.util.logging.jdk.JdkLogger info
INFORMACIÓN: Choosing bean (struts) for (com.opensymphony.xwork2.ObjectFactory)
nov 07, 2015 9:02:25 AM com.opensymphony.xwork2.util.logging.jdk.JdkLogger info
INFORMACIÓN: Choosing bean (struts) for (com.opensymphony.xwork2.FileManager)
nov 07, 2015 9:02:25 AM com.opensymphony.xwork2.util.logging.jdk.JdkLogger info
INFORMACIÓN: Choosing bean (struts) for (com.opensymphony.xwork2.conversion.impl.XWorkConverter)
nov 07, 2015 9:02:25 AM com.opensymphony.xwork2.util.logging.jdk.JdkLogger info
INFORMACIÓN: Choosing bean (struts) for (com.opensymphony.xwork2.TextProvider)
nov 07, 2015 9:02:25 AM com.opensymphony.xwork2.util.logging.jdk.JdkLogger info
INFORMACIÓN: Choosing bean (struts) for (com.opensymphony.xwork2.ActionProxyFactory)
nov 07, 2015 9:02:25 AM com.opensymphony.xwork2.util.logging.jdk.JdkLogger info
INFORMACIÓN: Choosing bean (struts) for (com.opensymphony.xwork2.conversion.ObjectTypeDeterminer)
nov 07, 2015 9:02:25 AM com.opensymphony.xwork2.util.logging.jdk.JdkLogger info
INFORMACIÓN: Choosing bean (struts) for (org.apache.struts2.dispatcher.mapper.ActionMapper)
nov 07, 2015 9:02:25 AM com.opensymphony.xwork2.util.logging.jdk.JdkLogger info
INFORMACIÓN: Choosing bean (jakarta) for (org.apache.struts2.dispatcher.multipart.MultiPartRequest)
nov 07, 2015 9:02:25 AM com.opensymphony.xwork2.util.logging.jdk.JdkLogger info
INFORMACIÓN: Choosing bean (struts) for (org.apache.struts2.views.freemarker.FreemarkerManager)
nov 07, 2015 9:02:25 AM com.opensymphony.xwork2.util.logging.jdk.JdkLogger info
INFORMACIÓN: Choosing bean (struts) for (org.apache.struts2.components.UrlRenderer)
nov 07, 2015 9:02:25 AM com.opensymphony.xwork2.util.logging.jdk.JdkLogger info
INFORMACIÓN: Choosing bean (struts) for (com.opensymphony.xwork2.validator.ActionValidatorManager)
nov 07, 2015 9:02:25 AM com.opensymphony.xwork2.util.logging.jdk.JdkLogger info
INFORMACIÓN: Choosing bean (struts) for (com.opensymphony.xwork2.util.ValueStackFactory)
nov 07, 2015 9:02:25 AM com.opensymphony.xwork2.util.logging.jdk.JdkLogger info
INFORMACIÓN: Choosing bean (struts) for (com.opensymphony.xwork2.util.reflection.ReflectionProvider)
nov 07, 2015 9:02:25 AM com.opensymphony.xwork2.util.logging.jdk.JdkLogger info
INFORMACIÓN: Choosing bean (struts) for (com.opensymphony.xwork2.util.reflection.ReflectionContextFactory)
nov 07, 2015 9:02:25 AM com.opensymphony.xwork2.util.logging.jdk.JdkLogger info
INFORMACIÓN: Choosing bean (struts) for (com.opensymphony.xwork2.util.PatternMatcher)
nov 07, 2015 9:02:25 AM com.opensymphony.xwork2.util.logging.jdk.JdkLogger info
INFORMACIÓN: Choosing bean (struts) for (org.apache.struts2.dispatcher.StaticContentLoader)
nov 07, 2015 9:02:25 AM com.opensymphony.xwork2.util.logging.jdk.JdkLogger info
INFORMACIÓN: Choosing bean (struts) for (com.opensymphony.xwork2.UnknownHandlerManager)
nov 07, 2015 9:02:25 AM com.opensymphony.xwork2.util.logging.jdk.JdkLogger info
INFORMACIÓN: Choosing bean (struts) for (org.apache.struts2.views.util.UrlHelper)
