nov 26, 2015 2:42:38 AM org.apache.catalina.core.AprLifecycleListener init
INFORMACIÓN: Cargada la biblioteca nativa APR de Apache Tomcat 1.1.33 con la versión APR 1.5.1.
nov 26, 2015 2:42:38 AM org.apache.catalina.core.AprLifecycleListener init
INFORMACIÓN: Capacidades APR: IPv6 [true], enviar fichero [true], aceptar filtros [false], aleatorio [true].
nov 26, 2015 2:42:39 AM org.apache.catalina.core.AprLifecycleListener initializeSSL
INFORMACIÓN: OpenSSL inicializado correctamente con versión OpenSSL 1.0.1m 19 Mar 2015
nov 26, 2015 2:42:40 AM org.apache.coyote.http11.Http11AprProtocol init
INFORMACIÓN: Inicializando Coyote HTTP/1.1 en puerto http-8081
nov 26, 2015 2:42:40 AM org.apache.coyote.ajp.AjpAprProtocol init
INFORMACIÓN: Inicializando Coyote AJP/1.3 en ajp-8009
nov 26, 2015 2:42:40 AM org.apache.catalina.startup.Catalina load
INFORMACIÓN: Initialization processed in 2480 ms
nov 26, 2015 2:42:40 AM org.apache.catalina.core.StandardService start
INFORMACIÓN: Arrancando servicio Catalina
nov 26, 2015 2:42:40 AM org.apache.catalina.core.StandardEngine start
INFORMACIÓN: Starting Servlet Engine: Apache Tomcat/6.0.44
nov 26, 2015 2:42:40 AM org.apache.catalina.startup.HostConfig deployDescriptor
INFORMACIÓN: Desplieque del descriptor de configuración host-manager.xml
nov 26, 2015 2:42:41 AM org.apache.catalina.startup.HostConfig deployDescriptor
INFORMACIÓN: Desplieque del descriptor de configuración Integradora4D.xml
nov 26, 2015 2:42:41 AM org.apache.catalina.core.StandardContext resourcesStart
GRAVE: Error arrancando Recursos estáticos
java.lang.IllegalArgumentException: El Documento base C:\Users\Comodin\Documents\GitHub\Integradora4D\Integradora4D\build\web no existe o no es un directorio legible
	at org.apache.naming.resources.FileDirContext.setDocBase(FileDirContext.java:142)
	at org.apache.catalina.core.StandardContext.resourcesStart(StandardContext.java:4324)
	at org.apache.catalina.core.StandardContext.start(StandardContext.java:4493)
	at org.apache.catalina.core.ContainerBase.addChildInternal(ContainerBase.java:802)
	at org.apache.catalina.core.ContainerBase.addChild(ContainerBase.java:779)
	at org.apache.catalina.core.StandardHost.addChild(StandardHost.java:583)
	at org.apache.catalina.startup.HostConfig.deployDescriptor(HostConfig.java:676)
	at org.apache.catalina.startup.HostConfig.deployDescriptors(HostConfig.java:602)
	at org.apache.catalina.startup.HostConfig.deployApps(HostConfig.java:503)
	at org.apache.catalina.startup.HostConfig.start(HostConfig.java:1322)
	at org.apache.catalina.startup.HostConfig.lifecycleEvent(HostConfig.java:325)
	at org.apache.catalina.util.LifecycleSupport.fireLifecycleEvent(LifecycleSupport.java:142)
	at org.apache.catalina.core.ContainerBase.start(ContainerBase.java:1068)
	at org.apache.catalina.core.StandardHost.start(StandardHost.java:822)
	at org.apache.catalina.core.ContainerBase.start(ContainerBase.java:1060)
	at org.apache.catalina.core.StandardEngine.start(StandardEngine.java:463)
	at org.apache.catalina.core.StandardService.start(StandardService.java:525)
	at org.apache.catalina.core.StandardServer.start(StandardServer.java:759)
	at org.apache.catalina.startup.Catalina.start(Catalina.java:595)
	at sun.reflect.NativeMethodAccessorImpl.invoke0(Native Method)
	at sun.reflect.NativeMethodAccessorImpl.invoke(NativeMethodAccessorImpl.java:62)
	at sun.reflect.DelegatingMethodAccessorImpl.invoke(DelegatingMethodAccessorImpl.java:43)
	at java.lang.reflect.Method.invoke(Method.java:497)
	at org.apache.catalina.startup.Bootstrap.start(Bootstrap.java:289)
	at org.apache.catalina.startup.Bootstrap.main(Bootstrap.java:414)

nov 26, 2015 2:42:41 AM org.apache.catalina.core.StandardContext start
GRAVE: Error in resourceStart()
nov 26, 2015 2:42:41 AM org.apache.catalina.core.StandardContext start
GRAVE: Error getConfigured
nov 26, 2015 2:42:41 AM org.apache.catalina.core.StandardContext start
GRAVE: Falló en arranque del Contexto [/Integradora4D] debido a errores previos
nov 26, 2015 2:42:41 AM org.apache.catalina.core.StandardContext stop
INFORMACIÓN: No se ha arrancado el Contenedor org.apache.catalina.core.ContainerBase.[Catalina].[localhost].[/Integradora4D]
nov 26, 2015 2:42:41 AM org.apache.catalina.startup.HostConfig deployDescriptor
INFORMACIÓN: Desplieque del descriptor de configuración manager.xml
nov 26, 2015 2:42:41 AM org.apache.catalina.startup.HostConfig deployDirectory
INFORMACIÓN: Despliegue del directorio docs de la aplicación web
nov 26, 2015 2:42:42 AM org.apache.catalina.startup.HostConfig deployDirectory
INFORMACIÓN: Despliegue del directorio examples de la aplicación web
nov 26, 2015 2:42:43 AM org.apache.catalina.startup.HostConfig deployDirectory
INFORMACIÓN: Despliegue del directorio ROOT de la aplicación web
nov 26, 2015 2:42:43 AM org.apache.coyote.http11.Http11AprProtocol start
INFORMACIÓN: Arrancando Coyote HTTP/1.1 en puerto http-8081
nov 26, 2015 2:42:43 AM org.apache.coyote.ajp.AjpAprProtocol start
INFORMACIÓN: Arrancando Coyote AJP/1.3 en ajp-8009
nov 26, 2015 2:42:43 AM org.apache.catalina.startup.Catalina start
INFORMACIÓN: Server startup in 3244 ms
nov 26, 2015 2:42:45 AM org.apache.catalina.core.StandardContext stop
INFORMACIÓN: No se ha arrancado el Contenedor org.apache.catalina.core.ContainerBase.[Catalina].[localhost].[/Integradora4D]
nov 26, 2015 2:42:45 AM org.apache.catalina.startup.HostConfig checkResources
INFORMACIÓN: Repliegue (undeploy) de la aplicación web que tiene como trayectoria de contexto /Integradora4D
nov 26, 2015 2:42:46 AM org.apache.catalina.startup.HostConfig deployDescriptor
INFORMACIÓN: Desplieque del descriptor de configuración Integradora4D.xml
nov 26, 2015 2:42:48 AM com.opensymphony.xwork2.util.logging.commons.CommonsLogger info
INFORMACIÓN: Parsing configuration file [struts-default.xml]
nov 26, 2015 2:42:48 AM com.opensymphony.xwork2.util.logging.commons.CommonsLogger info
INFORMACIÓN: Parsing configuration file [struts-plugin.xml]
nov 26, 2015 2:42:49 AM com.opensymphony.xwork2.util.logging.commons.CommonsLogger info
INFORMACIÓN: Parsing configuration file [struts.xml]
nov 26, 2015 2:42:49 AM com.opensymphony.xwork2.util.logging.commons.CommonsLogger info
INFORMACIÓN: Choosing bean (struts) for (com.opensymphony.xwork2.ObjectFactory)
nov 26, 2015 2:42:49 AM com.opensymphony.xwork2.util.logging.commons.CommonsLogger info
INFORMACIÓN: Choosing bean (struts) for (com.opensymphony.xwork2.FileManager)
nov 26, 2015 2:42:49 AM com.opensymphony.xwork2.util.logging.commons.CommonsLogger info
INFORMACIÓN: Choosing bean (struts) for (com.opensymphony.xwork2.conversion.impl.XWorkConverter)
nov 26, 2015 2:42:49 AM com.opensymphony.xwork2.util.logging.commons.CommonsLogger info
INFORMACIÓN: Choosing bean (struts) for (com.opensymphony.xwork2.TextProvider)
nov 26, 2015 2:42:49 AM com.opensymphony.xwork2.util.logging.commons.CommonsLogger info
INFORMACIÓN: Choosing bean (struts) for (com.opensymphony.xwork2.ActionProxyFactory)
nov 26, 2015 2:42:49 AM com.opensymphony.xwork2.util.logging.commons.CommonsLogger info
INFORMACIÓN: Choosing bean (struts) for (com.opensymphony.xwork2.conversion.ObjectTypeDeterminer)
nov 26, 2015 2:42:49 AM com.opensymphony.xwork2.util.logging.commons.CommonsLogger info
INFORMACIÓN: Choosing bean (struts) for (org.apache.struts2.dispatcher.mapper.ActionMapper)
nov 26, 2015 2:42:49 AM com.opensymphony.xwork2.util.logging.commons.CommonsLogger info
INFORMACIÓN: Choosing bean (jakarta) for (org.apache.struts2.dispatcher.multipart.MultiPartRequest)
nov 26, 2015 2:42:49 AM com.opensymphony.xwork2.util.logging.commons.CommonsLogger info
INFORMACIÓN: Choosing bean (struts) for (org.apache.struts2.views.freemarker.FreemarkerManager)
nov 26, 2015 2:42:49 AM com.opensymphony.xwork2.util.logging.commons.CommonsLogger info
INFORMACIÓN: Choosing bean (struts) for (org.apache.struts2.components.UrlRenderer)
nov 26, 2015 2:42:49 AM com.opensymphony.xwork2.util.logging.commons.CommonsLogger info
INFORMACIÓN: Choosing bean (struts) for (com.opensymphony.xwork2.validator.ActionValidatorManager)
nov 26, 2015 2:42:49 AM com.opensymphony.xwork2.util.logging.commons.CommonsLogger info
INFORMACIÓN: Choosing bean (struts) for (com.opensymphony.xwork2.util.ValueStackFactory)
nov 26, 2015 2:42:49 AM com.opensymphony.xwork2.util.logging.commons.CommonsLogger info
INFORMACIÓN: Choosing bean (struts) for (com.opensymphony.xwork2.util.reflection.ReflectionProvider)
nov 26, 2015 2:42:49 AM com.opensymphony.xwork2.util.logging.commons.CommonsLogger info
INFORMACIÓN: Choosing bean (struts) for (com.opensymphony.xwork2.util.reflection.ReflectionContextFactory)
nov 26, 2015 2:42:49 AM com.opensymphony.xwork2.util.logging.commons.CommonsLogger info
INFORMACIÓN: Choosing bean (struts) for (com.opensymphony.xwork2.util.PatternMatcher)
nov 26, 2015 2:42:49 AM com.opensymphony.xwork2.util.logging.commons.CommonsLogger info
INFORMACIÓN: Choosing bean (struts) for (org.apache.struts2.dispatcher.StaticContentLoader)
nov 26, 2015 2:42:49 AM com.opensymphony.xwork2.util.logging.commons.CommonsLogger info
INFORMACIÓN: Choosing bean (struts) for (com.opensymphony.xwork2.UnknownHandlerManager)
nov 26, 2015 2:42:49 AM com.opensymphony.xwork2.util.logging.commons.CommonsLogger info
INFORMACIÓN: Choosing bean (struts) for (org.apache.struts2.views.util.UrlHelper)
nov 26, 2015 2:42:49 AM com.opensymphony.xwork2.util.logging.commons.CommonsLogger error
GRAVE: Dispatcher initialization failed
Unable to load configuration. - action - file:/C:/Users/spown/Documents/GitHub/Integradora4D/Integradora4D/build/web/WEB-INF/classes/struts.xml:164:84
	at com.opensymphony.xwork2.config.ConfigurationManager.getConfiguration(ConfigurationManager.java:69)
	at org.apache.struts2.dispatcher.Dispatcher.init_PreloadConfiguration(Dispatcher.java:390)
	at org.apache.struts2.dispatcher.Dispatcher.init(Dispatcher.java:437)
	at org.apache.struts2.dispatcher.FilterDispatcher.init(FilterDispatcher.java:193)
	at org.apache.catalina.core.ApplicationFilterConfig.getFilter(ApplicationFilterConfig.java:298)
	at org.apache.catalina.core.ApplicationFilterConfig.<init>(ApplicationFilterConfig.java:119)
	at org.apache.catalina.core.StandardContext.filterStart(StandardContext.java:4076)
	at org.apache.catalina.core.StandardContext.start(StandardContext.java:4730)
	at org.apache.catalina.core.ContainerBase.addChildInternal(ContainerBase.java:802)
	at org.apache.catalina.core.ContainerBase.addChild(ContainerBase.java:779)
	at org.apache.catalina.core.StandardHost.addChild(StandardHost.java:583)
	at org.apache.catalina.startup.HostConfig.deployDescriptor(HostConfig.java:676)
	at org.apache.catalina.startup.HostConfig.deployApps(HostConfig.java:560)
	at org.apache.catalina.startup.HostConfig.check(HostConfig.java:1402)
	at sun.reflect.NativeMethodAccessorImpl.invoke0(Native Method)
	at sun.reflect.NativeMethodAccessorImpl.invoke(NativeMethodAccessorImpl.java:62)
	at sun.reflect.DelegatingMethodAccessorImpl.invoke(DelegatingMethodAccessorImpl.java:43)
	at java.lang.reflect.Method.invoke(Method.java:497)
	at org.apache.tomcat.util.modeler.BaseModelMBean.invoke(BaseModelMBean.java:297)
	at com.sun.jmx.interceptor.DefaultMBeanServerInterceptor.invoke(DefaultMBeanServerInterceptor.java:819)
	at com.sun.jmx.mbeanserver.JmxMBeanServer.invoke(JmxMBeanServer.java:801)
	at org.apache.catalina.manager.ManagerServlet.check(ManagerServlet.java:1500)
	at org.apache.catalina.manager.ManagerServlet.deploy(ManagerServlet.java:849)
	at org.apache.catalina.manager.ManagerServlet.doGet(ManagerServlet.java:351)
	at javax.servlet.http.HttpServlet.service(HttpServlet.java:617)
	at javax.servlet.http.HttpServlet.service(HttpServlet.java:723)
	at org.apache.catalina.core.ApplicationFilterChain.internalDoFilter(ApplicationFilterChain.java:290)
	at org.apache.catalina.core.ApplicationFilterChain.doFilter(ApplicationFilterChain.java:206)
	at org.apache.catalina.core.StandardWrapperValve.invoke(StandardWrapperValve.java:233)
	at org.apache.catalina.core.StandardContextValve.invoke(StandardContextValve.java:191)
	at org.apache.catalina.authenticator.AuthenticatorBase.invoke(AuthenticatorBase.java:563)
	at org.apache.catalina.core.StandardHostValve.invoke(StandardHostValve.java:127)
	at org.apache.catalina.valves.ErrorReportValve.invoke(ErrorReportValve.java:103)
	at org.apache.catalina.core.StandardEngineValve.invoke(StandardEngineValve.java:109)
	at org.apache.catalina.connector.CoyoteAdapter.service(CoyoteAdapter.java:293)
	at org.apache.coyote.http11.Http11AprProcessor.process(Http11AprProcessor.java:879)
	at org.apache.coyote.http11.Http11AprProtocol$Http11ConnectionHandler.process(Http11AprProtocol.java:617)
	at org.apache.tomcat.util.net.AprEndpoint$Worker.run(AprEndpoint.java:1778)
	at java.lang.Thread.run(Thread.java:745)
Caused by: Error building results for action FullReportAdmin in namespace  - action - file:/C:/Users/spown/Documents/GitHub/Integradora4D/Integradora4D/build/web/WEB-INF/classes/struts.xml:164:84
	at com.opensymphony.xwork2.config.providers.XmlConfigurationProvider.addAction(XmlConfigurationProvider.java:389)
	at com.opensymphony.xwork2.config.providers.XmlConfigurationProvider.addPackage(XmlConfigurationProvider.java:495)
	at com.opensymphony.xwork2.config.providers.XmlConfigurationProvider.loadPackages(XmlConfigurationProvider.java:286)
	at org.apache.struts2.config.StrutsXmlConfigurationProvider.loadPackages(StrutsXmlConfigurationProvider.java:112)
	at com.opensymphony.xwork2.config.impl.DefaultConfiguration.reloadContainer(DefaultConfiguration.java:234)
	at com.opensymphony.xwork2.config.ConfigurationManager.getConfiguration(ConfigurationManager.java:66)
	... 38 more
Caused by: There is no result type defined for type 'jasper' mapped with name 'success'.  Did you mean 'jasper'? - result - file:/C:/Users/spown/Documents/GitHub/Integradora4D/Integradora4D/build/web/WEB-INF/classes/struts.xml:165:54
	at com.opensymphony.xwork2.config.providers.XmlConfigurationProvider.buildResults(XmlConfigurationProvider.java:653)
	at com.opensymphony.xwork2.config.providers.XmlConfigurationProvider.addAction(XmlConfigurationProvider.java:387)
	... 43 more

nov 26, 2015 2:42:49 AM org.apache.catalina.core.StandardContext start
GRAVE: Error filterStart
nov 26, 2015 2:42:49 AM org.apache.catalina.core.StandardContext start
GRAVE: Falló en arranque del Contexto [/Integradora4D] debido a errores previos
nov 26, 2015 2:45:45 AM org.apache.catalina.core.StandardContext stop
INFORMACIÓN: No se ha arrancado el Contenedor org.apache.catalina.core.ContainerBase.[Catalina].[localhost].[/Integradora4D]
nov 26, 2015 2:45:46 AM org.apache.catalina.startup.HostConfig checkResources
INFORMACIÓN: Repliegue (undeploy) de la aplicación web que tiene como trayectoria de contexto /Integradora4D
nov 26, 2015 2:45:46 AM org.apache.catalina.startup.HostConfig deployDescriptor
INFORMACIÓN: Desplieque del descriptor de configuración Integradora4D.xml
nov 26, 2015 2:45:48 AM com.opensymphony.xwork2.util.logging.commons.CommonsLogger info
INFORMACIÓN: Parsing configuration file [struts-default.xml]
nov 26, 2015 2:45:48 AM com.opensymphony.xwork2.util.logging.commons.CommonsLogger info
INFORMACIÓN: Parsing configuration file [struts-plugin.xml]
nov 26, 2015 2:45:48 AM com.opensymphony.xwork2.util.logging.commons.CommonsLogger info
INFORMACIÓN: Parsing configuration file [struts.xml]
nov 26, 2015 2:45:48 AM com.opensymphony.xwork2.util.logging.commons.CommonsLogger info
INFORMACIÓN: Choosing bean (struts) for (com.opensymphony.xwork2.ObjectFactory)
nov 26, 2015 2:45:48 AM com.opensymphony.xwork2.util.logging.commons.CommonsLogger info
INFORMACIÓN: Choosing bean (struts) for (com.opensymphony.xwork2.FileManager)
nov 26, 2015 2:45:48 AM com.opensymphony.xwork2.util.logging.commons.CommonsLogger info
INFORMACIÓN: Choosing bean (struts) for (com.opensymphony.xwork2.conversion.impl.XWorkConverter)
nov 26, 2015 2:45:48 AM com.opensymphony.xwork2.util.logging.commons.CommonsLogger info
INFORMACIÓN: Choosing bean (struts) for (com.opensymphony.xwork2.TextProvider)
nov 26, 2015 2:45:48 AM com.opensymphony.xwork2.util.logging.commons.CommonsLogger info
INFORMACIÓN: Choosing bean (struts) for (com.opensymphony.xwork2.ActionProxyFactory)
nov 26, 2015 2:45:48 AM com.opensymphony.xwork2.util.logging.commons.CommonsLogger info
INFORMACIÓN: Choosing bean (struts) for (com.opensymphony.xwork2.conversion.ObjectTypeDeterminer)
nov 26, 2015 2:45:48 AM com.opensymphony.xwork2.util.logging.commons.CommonsLogger info
INFORMACIÓN: Choosing bean (struts) for (org.apache.struts2.dispatcher.mapper.ActionMapper)
nov 26, 2015 2:45:48 AM com.opensymphony.xwork2.util.logging.commons.CommonsLogger info
INFORMACIÓN: Choosing bean (jakarta) for (org.apache.struts2.dispatcher.multipart.MultiPartRequest)
nov 26, 2015 2:45:48 AM com.opensymphony.xwork2.util.logging.commons.CommonsLogger info
INFORMACIÓN: Choosing bean (struts) for (org.apache.struts2.views.freemarker.FreemarkerManager)
nov 26, 2015 2:45:48 AM com.opensymphony.xwork2.util.logging.commons.CommonsLogger info
INFORMACIÓN: Choosing bean (struts) for (org.apache.struts2.components.UrlRenderer)
nov 26, 2015 2:45:48 AM com.opensymphony.xwork2.util.logging.commons.CommonsLogger info
INFORMACIÓN: Choosing bean (struts) for (com.opensymphony.xwork2.validator.ActionValidatorManager)
nov 26, 2015 2:45:48 AM com.opensymphony.xwork2.util.logging.commons.CommonsLogger info
INFORMACIÓN: Choosing bean (struts) for (com.opensymphony.xwork2.util.ValueStackFactory)
nov 26, 2015 2:45:48 AM com.opensymphony.xwork2.util.logging.commons.CommonsLogger info
INFORMACIÓN: Choosing bean (struts) for (com.opensymphony.xwork2.util.reflection.ReflectionProvider)
nov 26, 2015 2:45:48 AM com.opensymphony.xwork2.util.logging.commons.CommonsLogger info
INFORMACIÓN: Choosing bean (struts) for (com.opensymphony.xwork2.util.reflection.ReflectionContextFactory)
nov 26, 2015 2:45:48 AM com.opensymphony.xwork2.util.logging.commons.CommonsLogger info
INFORMACIÓN: Choosing bean (struts) for (com.opensymphony.xwork2.util.PatternMatcher)
nov 26, 2015 2:45:48 AM com.opensymphony.xwork2.util.logging.commons.CommonsLogger info
INFORMACIÓN: Choosing bean (struts) for (org.apache.struts2.dispatcher.StaticContentLoader)
nov 26, 2015 2:45:48 AM com.opensymphony.xwork2.util.logging.commons.CommonsLogger info
INFORMACIÓN: Choosing bean (struts) for (com.opensymphony.xwork2.UnknownHandlerManager)
nov 26, 2015 2:45:48 AM com.opensymphony.xwork2.util.logging.commons.CommonsLogger info
INFORMACIÓN: Choosing bean (struts) for (org.apache.struts2.views.util.UrlHelper)
nov 26, 2015 2:45:48 AM org.apache.catalina.core.StandardContext start
INFORMACIÓN: Ya ha sido arrancado el Contenedor org.apache.catalina.core.ContainerBase.[Catalina].[localhost].[/Integradora4D]
nov 26, 2015 3:05:20 AM org.apache.coyote.http11.Http11AprProtocol pause
INFORMACIÓN: Pausando Coyote HTTP/1.1 en puerto http-8081
nov 26, 2015 3:05:20 AM org.apache.coyote.ajp.AjpAprProtocol pause
INFORMACIÓN: Pausando Coyote AJP/1.3 en ajp-8009
nov 26, 2015 3:05:21 AM org.apache.catalina.core.StandardService stop
INFORMACIÓN: Parando servicio Catalina
nov 26, 2015 3:05:21 AM org.apache.catalina.loader.WebappClassLoader clearReferencesJdbc
GRAVE: The web application [/Integradora4D] registered the JDBC driver [com.microsoft.sqlserver.jdbc.SQLServerDriver] but failed to unregister it when the web application was stopped. To prevent a memory leak, the JDBC Driver has been forcibly unregistered.
nov 26, 2015 3:05:21 AM org.apache.catalina.loader.WebappClassLoader checkThreadLocalMapForLeaks
GRAVE: The web application [/Integradora4D] created a ThreadLocal with key of type [com.microsoft.sqlserver.jdbc.ActivityCorrelator$1] (value [com.microsoft.sqlserver.jdbc.ActivityCorrelator$1@6b67034]) and a value of type [com.microsoft.sqlserver.jdbc.ActivityId] (value [810bebfd-736a-4cce-bf3c-b89a07fd08d9-2]) but failed to remove it when the web application was stopped. This is very likely to create a memory leak.
nov 26, 2015 3:05:21 AM org.apache.catalina.loader.WebappClassLoader checkThreadLocalMapForLeaks
GRAVE: The web application [/Integradora4D] created a ThreadLocal with key of type [net.sf.jasperreports.engine.fonts.FontUtil$1] (value [net.sf.jasperreports.engine.fonts.FontUtil$1@16267862]) and a value of type [java.util.HashSet] (value [[]]) but failed to remove it when the web application was stopped. This is very likely to create a memory leak.
nov 26, 2015 3:05:22 AM com.microsoft.sqlserver.jdbc.AuthenticationJNI <clinit>
ADVERTENCIA: Failed to load the sqljdbc_auth.dll cause : no sqljdbc_auth in java.library.path
nov 26, 2015 3:05:22 AM org.apache.coyote.http11.Http11AprProtocol destroy
INFORMACIÓN: Parando Coyote HTTP/1.1 en puerto http-8081
nov 26, 2015 3:05:22 AM org.apache.coyote.ajp.AjpAprProtocol destroy
INFORMACIÓN: Parando Coyote AJP/1.3 en ajp-8009
