oct 22, 2015 12:00:43 AM org.apache.catalina.core.StandardContext reload
INFORMACIÓN: Ha comenzado la recarga de Contexto [/Integradora4D]
oct 22, 2015 12:00:45 AM com.opensymphony.xwork2.util.logging.jdk.JdkLogger info
INFORMACIÓN: Parsing configuration file [struts-default.xml]
oct 22, 2015 12:00:45 AM com.opensymphony.xwork2.util.logging.jdk.JdkLogger info
INFORMACIÓN: Parsing configuration file [struts-plugin.xml]
oct 22, 2015 12:00:45 AM com.opensymphony.xwork2.util.logging.jdk.JdkLogger info
INFORMACIÓN: Parsing configuration file [struts.xml]
oct 22, 2015 12:00:45 AM com.opensymphony.xwork2.util.logging.jdk.JdkLogger info
INFORMACIÓN: Choosing bean (struts) for (com.opensymphony.xwork2.ObjectFactory)
oct 22, 2015 12:00:45 AM com.opensymphony.xwork2.util.logging.jdk.JdkLogger info
INFORMACIÓN: Choosing bean (struts) for (com.opensymphony.xwork2.FileManager)
oct 22, 2015 12:00:45 AM com.opensymphony.xwork2.util.logging.jdk.JdkLogger info
INFORMACIÓN: Choosing bean (struts) for (com.opensymphony.xwork2.conversion.impl.XWorkConverter)
oct 22, 2015 12:00:45 AM com.opensymphony.xwork2.util.logging.jdk.JdkLogger info
INFORMACIÓN: Choosing bean (struts) for (com.opensymphony.xwork2.TextProvider)
oct 22, 2015 12:00:45 AM com.opensymphony.xwork2.util.logging.jdk.JdkLogger info
INFORMACIÓN: Choosing bean (struts) for (com.opensymphony.xwork2.ActionProxyFactory)
oct 22, 2015 12:00:45 AM com.opensymphony.xwork2.util.logging.jdk.JdkLogger info
INFORMACIÓN: Choosing bean (struts) for (com.opensymphony.xwork2.conversion.ObjectTypeDeterminer)
oct 22, 2015 12:00:45 AM com.opensymphony.xwork2.util.logging.jdk.JdkLogger info
INFORMACIÓN: Choosing bean (struts) for (org.apache.struts2.dispatcher.mapper.ActionMapper)
oct 22, 2015 12:00:45 AM com.opensymphony.xwork2.util.logging.jdk.JdkLogger info
INFORMACIÓN: Choosing bean (jakarta) for (org.apache.struts2.dispatcher.multipart.MultiPartRequest)
oct 22, 2015 12:00:45 AM com.opensymphony.xwork2.util.logging.jdk.JdkLogger info
INFORMACIÓN: Choosing bean (struts) for (org.apache.struts2.views.freemarker.FreemarkerManager)
oct 22, 2015 12:00:45 AM com.opensymphony.xwork2.util.logging.jdk.JdkLogger info
INFORMACIÓN: Choosing bean (struts) for (org.apache.struts2.components.UrlRenderer)
oct 22, 2015 12:00:45 AM com.opensymphony.xwork2.util.logging.jdk.JdkLogger info
INFORMACIÓN: Choosing bean (struts) for (com.opensymphony.xwork2.validator.ActionValidatorManager)
oct 22, 2015 12:00:45 AM com.opensymphony.xwork2.util.logging.jdk.JdkLogger info
INFORMACIÓN: Choosing bean (struts) for (com.opensymphony.xwork2.util.ValueStackFactory)
oct 22, 2015 12:00:45 AM com.opensymphony.xwork2.util.logging.jdk.JdkLogger info
INFORMACIÓN: Choosing bean (struts) for (com.opensymphony.xwork2.util.reflection.ReflectionProvider)
oct 22, 2015 12:00:45 AM com.opensymphony.xwork2.util.logging.jdk.JdkLogger info
INFORMACIÓN: Choosing bean (struts) for (com.opensymphony.xwork2.util.reflection.ReflectionContextFactory)
oct 22, 2015 12:00:45 AM com.opensymphony.xwork2.util.logging.jdk.JdkLogger info
INFORMACIÓN: Choosing bean (struts) for (com.opensymphony.xwork2.util.PatternMatcher)
oct 22, 2015 12:00:45 AM com.opensymphony.xwork2.util.logging.jdk.JdkLogger info
INFORMACIÓN: Choosing bean (struts) for (org.apache.struts2.dispatcher.StaticContentLoader)
oct 22, 2015 12:00:45 AM com.opensymphony.xwork2.util.logging.jdk.JdkLogger info
INFORMACIÓN: Choosing bean (struts) for (com.opensymphony.xwork2.UnknownHandlerManager)
oct 22, 2015 12:00:45 AM com.opensymphony.xwork2.util.logging.jdk.JdkLogger info
INFORMACIÓN: Choosing bean (struts) for (org.apache.struts2.views.util.UrlHelper)
oct 22, 2015 12:00:55 AM org.apache.catalina.core.StandardContext reload
INFORMACIÓN: Ha comenzado la recarga de Contexto [/Integradora4D]
oct 22, 2015 12:00:56 AM com.opensymphony.xwork2.util.logging.jdk.JdkLogger info
INFORMACIÓN: Parsing configuration file [struts-default.xml]
oct 22, 2015 12:00:56 AM com.opensymphony.xwork2.util.logging.jdk.JdkLogger info
INFORMACIÓN: Parsing configuration file [struts-plugin.xml]
oct 22, 2015 12:00:56 AM com.opensymphony.xwork2.util.logging.jdk.JdkLogger info
INFORMACIÓN: Parsing configuration file [struts.xml]
oct 22, 2015 12:00:56 AM com.opensymphony.xwork2.util.logging.jdk.JdkLogger info
INFORMACIÓN: Choosing bean (struts) for (com.opensymphony.xwork2.ObjectFactory)
oct 22, 2015 12:00:56 AM com.opensymphony.xwork2.util.logging.jdk.JdkLogger info
INFORMACIÓN: Choosing bean (struts) for (com.opensymphony.xwork2.FileManager)
oct 22, 2015 12:00:56 AM com.opensymphony.xwork2.util.logging.jdk.JdkLogger info
INFORMACIÓN: Choosing bean (struts) for (com.opensymphony.xwork2.conversion.impl.XWorkConverter)
oct 22, 2015 12:00:56 AM com.opensymphony.xwork2.util.logging.jdk.JdkLogger info
INFORMACIÓN: Choosing bean (struts) for (com.opensymphony.xwork2.TextProvider)
oct 22, 2015 12:00:56 AM com.opensymphony.xwork2.util.logging.jdk.JdkLogger info
INFORMACIÓN: Choosing bean (struts) for (com.opensymphony.xwork2.ActionProxyFactory)
oct 22, 2015 12:00:56 AM com.opensymphony.xwork2.util.logging.jdk.JdkLogger info
INFORMACIÓN: Choosing bean (struts) for (com.opensymphony.xwork2.conversion.ObjectTypeDeterminer)
oct 22, 2015 12:00:56 AM com.opensymphony.xwork2.util.logging.jdk.JdkLogger info
INFORMACIÓN: Choosing bean (struts) for (org.apache.struts2.dispatcher.mapper.ActionMapper)
oct 22, 2015 12:00:56 AM com.opensymphony.xwork2.util.logging.jdk.JdkLogger info
INFORMACIÓN: Choosing bean (jakarta) for (org.apache.struts2.dispatcher.multipart.MultiPartRequest)
oct 22, 2015 12:00:56 AM com.opensymphony.xwork2.util.logging.jdk.JdkLogger info
INFORMACIÓN: Choosing bean (struts) for (org.apache.struts2.views.freemarker.FreemarkerManager)
oct 22, 2015 12:00:56 AM com.opensymphony.xwork2.util.logging.jdk.JdkLogger info
INFORMACIÓN: Choosing bean (struts) for (org.apache.struts2.components.UrlRenderer)
oct 22, 2015 12:00:56 AM com.opensymphony.xwork2.util.logging.jdk.JdkLogger info
INFORMACIÓN: Choosing bean (struts) for (com.opensymphony.xwork2.validator.ActionValidatorManager)
oct 22, 2015 12:00:56 AM com.opensymphony.xwork2.util.logging.jdk.JdkLogger info
INFORMACIÓN: Choosing bean (struts) for (com.opensymphony.xwork2.util.ValueStackFactory)
oct 22, 2015 12:00:56 AM com.opensymphony.xwork2.util.logging.jdk.JdkLogger info
INFORMACIÓN: Choosing bean (struts) for (com.opensymphony.xwork2.util.reflection.ReflectionProvider)
oct 22, 2015 12:00:56 AM com.opensymphony.xwork2.util.logging.jdk.JdkLogger info
INFORMACIÓN: Choosing bean (struts) for (com.opensymphony.xwork2.util.reflection.ReflectionContextFactory)
oct 22, 2015 12:00:56 AM com.opensymphony.xwork2.util.logging.jdk.JdkLogger info
INFORMACIÓN: Choosing bean (struts) for (com.opensymphony.xwork2.util.PatternMatcher)
oct 22, 2015 12:00:56 AM com.opensymphony.xwork2.util.logging.jdk.JdkLogger info
INFORMACIÓN: Choosing bean (struts) for (org.apache.struts2.dispatcher.StaticContentLoader)
oct 22, 2015 12:00:56 AM com.opensymphony.xwork2.util.logging.jdk.JdkLogger info
INFORMACIÓN: Choosing bean (struts) for (com.opensymphony.xwork2.UnknownHandlerManager)
oct 22, 2015 12:00:56 AM com.opensymphony.xwork2.util.logging.jdk.JdkLogger info
INFORMACIÓN: Choosing bean (struts) for (org.apache.struts2.views.util.UrlHelper)
oct 22, 2015 12:05:44 AM org.apache.catalina.loader.WebappClassLoader clearReferencesJdbc
GRAVE: The web application [/Integradora4D] registered the JDBC driver [com.microsoft.sqlserver.jdbc.SQLServerDriver] but failed to unregister it when the web application was stopped. To prevent a memory leak, the JDBC Driver has been forcibly unregistered.
oct 22, 2015 12:05:44 AM org.apache.catalina.loader.WebappClassLoader checkThreadLocalMapForLeaks
GRAVE: The web application [/Integradora4D] created a ThreadLocal with key of type [com.microsoft.sqlserver.jdbc.ActivityCorrelator$1] (value [com.microsoft.sqlserver.jdbc.ActivityCorrelator$1@3a701074]) and a value of type [com.microsoft.sqlserver.jdbc.ActivityId] (value [4efa1884-a36c-43fe-9978-df99eced7b41-2]) but failed to remove it when the web application was stopped. This is very likely to create a memory leak.
oct 22, 2015 12:05:44 AM com.microsoft.sqlserver.jdbc.AuthenticationJNI <clinit>
ADVERTENCIA: Failed to load the sqljdbc_auth.dll cause : no sqljdbc_auth in java.library.path
oct 22, 2015 12:05:45 AM org.apache.catalina.startup.HostConfig checkResources
INFORMACIÓN: Repliegue (undeploy) de la aplicación web que tiene como trayectoria de contexto /Integradora4D
oct 22, 2015 12:05:54 AM org.apache.catalina.startup.HostConfig deployDescriptor
INFORMACIÓN: Desplieque del descriptor de configuración Integradora4D.xml
oct 22, 2015 12:05:54 AM com.opensymphony.xwork2.util.logging.jdk.JdkLogger info
INFORMACIÓN: Parsing configuration file [struts-default.xml]
oct 22, 2015 12:05:54 AM com.opensymphony.xwork2.util.logging.jdk.JdkLogger info
INFORMACIÓN: Parsing configuration file [struts-plugin.xml]
oct 22, 2015 12:05:54 AM com.opensymphony.xwork2.util.logging.jdk.JdkLogger info
INFORMACIÓN: Parsing configuration file [struts.xml]
oct 22, 2015 12:05:54 AM com.opensymphony.xwork2.util.logging.jdk.JdkLogger info
INFORMACIÓN: Choosing bean (struts) for (com.opensymphony.xwork2.ObjectFactory)
oct 22, 2015 12:05:54 AM com.opensymphony.xwork2.util.logging.jdk.JdkLogger info
INFORMACIÓN: Choosing bean (struts) for (com.opensymphony.xwork2.FileManager)
oct 22, 2015 12:05:54 AM com.opensymphony.xwork2.util.logging.jdk.JdkLogger info
INFORMACIÓN: Choosing bean (struts) for (com.opensymphony.xwork2.conversion.impl.XWorkConverter)
oct 22, 2015 12:05:54 AM com.opensymphony.xwork2.util.logging.jdk.JdkLogger info
INFORMACIÓN: Choosing bean (struts) for (com.opensymphony.xwork2.TextProvider)
oct 22, 2015 12:05:54 AM com.opensymphony.xwork2.util.logging.jdk.JdkLogger info
INFORMACIÓN: Choosing bean (struts) for (com.opensymphony.xwork2.ActionProxyFactory)
oct 22, 2015 12:05:54 AM com.opensymphony.xwork2.util.logging.jdk.JdkLogger info
INFORMACIÓN: Choosing bean (struts) for (com.opensymphony.xwork2.conversion.ObjectTypeDeterminer)
oct 22, 2015 12:05:54 AM com.opensymphony.xwork2.util.logging.jdk.JdkLogger info
INFORMACIÓN: Choosing bean (struts) for (org.apache.struts2.dispatcher.mapper.ActionMapper)
oct 22, 2015 12:05:54 AM com.opensymphony.xwork2.util.logging.jdk.JdkLogger info
INFORMACIÓN: Choosing bean (jakarta) for (org.apache.struts2.dispatcher.multipart.MultiPartRequest)
oct 22, 2015 12:05:54 AM com.opensymphony.xwork2.util.logging.jdk.JdkLogger info
INFORMACIÓN: Choosing bean (struts) for (org.apache.struts2.views.freemarker.FreemarkerManager)
oct 22, 2015 12:05:54 AM com.opensymphony.xwork2.util.logging.jdk.JdkLogger info
INFORMACIÓN: Choosing bean (struts) for (org.apache.struts2.components.UrlRenderer)
oct 22, 2015 12:05:54 AM com.opensymphony.xwork2.util.logging.jdk.JdkLogger info
INFORMACIÓN: Choosing bean (struts) for (com.opensymphony.xwork2.validator.ActionValidatorManager)
oct 22, 2015 12:05:54 AM com.opensymphony.xwork2.util.logging.jdk.JdkLogger info
INFORMACIÓN: Choosing bean (struts) for (com.opensymphony.xwork2.util.ValueStackFactory)
oct 22, 2015 12:05:54 AM com.opensymphony.xwork2.util.logging.jdk.JdkLogger info
INFORMACIÓN: Choosing bean (struts) for (com.opensymphony.xwork2.util.reflection.ReflectionProvider)
oct 22, 2015 12:05:54 AM com.opensymphony.xwork2.util.logging.jdk.JdkLogger info
INFORMACIÓN: Choosing bean (struts) for (com.opensymphony.xwork2.util.reflection.ReflectionContextFactory)
oct 22, 2015 12:05:54 AM com.opensymphony.xwork2.util.logging.jdk.JdkLogger info
INFORMACIÓN: Choosing bean (struts) for (com.opensymphony.xwork2.util.PatternMatcher)
oct 22, 2015 12:05:54 AM com.opensymphony.xwork2.util.logging.jdk.JdkLogger info
INFORMACIÓN: Choosing bean (struts) for (org.apache.struts2.dispatcher.StaticContentLoader)
oct 22, 2015 12:05:54 AM com.opensymphony.xwork2.util.logging.jdk.JdkLogger info
INFORMACIÓN: Choosing bean (struts) for (com.opensymphony.xwork2.UnknownHandlerManager)
oct 22, 2015 12:05:54 AM com.opensymphony.xwork2.util.logging.jdk.JdkLogger info
INFORMACIÓN: Choosing bean (struts) for (org.apache.struts2.views.util.UrlHelper)
oct 22, 2015 12:05:55 AM org.apache.catalina.core.StandardContext start
INFORMACIÓN: Ya ha sido arrancado el Contenedor org.apache.catalina.core.ContainerBase.[Catalina].[localhost].[/Integradora4D]
oct 22, 2015 12:07:00 AM org.apache.catalina.core.StandardContext reload
INFORMACIÓN: Ha comenzado la recarga de Contexto [/Integradora4D]
oct 22, 2015 12:07:00 AM org.apache.catalina.loader.WebappClassLoader clearReferencesJdbc
GRAVE: The web application [/Integradora4D] registered the JDBC driver [com.microsoft.sqlserver.jdbc.SQLServerDriver] but failed to unregister it when the web application was stopped. To prevent a memory leak, the JDBC Driver has been forcibly unregistered.
oct 22, 2015 12:07:00 AM org.apache.catalina.loader.WebappClassLoader checkThreadLocalMapForLeaks
GRAVE: The web application [/Integradora4D] created a ThreadLocal with key of type [com.microsoft.sqlserver.jdbc.ActivityCorrelator$1] (value [com.microsoft.sqlserver.jdbc.ActivityCorrelator$1@5ebb1699]) and a value of type [com.microsoft.sqlserver.jdbc.ActivityId] (value [bb9c6b41-5b30-4c07-a383-a4b209ced0fe-1]) but failed to remove it when the web application was stopped. This is very likely to create a memory leak.
oct 22, 2015 12:07:00 AM com.microsoft.sqlserver.jdbc.AuthenticationJNI <clinit>
ADVERTENCIA: Failed to load the sqljdbc_auth.dll cause : no sqljdbc_auth in java.library.path
oct 22, 2015 12:07:01 AM com.opensymphony.xwork2.util.logging.jdk.JdkLogger info
INFORMACIÓN: Parsing configuration file [struts-default.xml]
oct 22, 2015 12:07:01 AM com.opensymphony.xwork2.util.logging.jdk.JdkLogger info
INFORMACIÓN: Parsing configuration file [struts-plugin.xml]
oct 22, 2015 12:07:01 AM com.opensymphony.xwork2.util.logging.jdk.JdkLogger info
INFORMACIÓN: Parsing configuration file [struts.xml]
oct 22, 2015 12:07:01 AM com.opensymphony.xwork2.util.logging.jdk.JdkLogger info
INFORMACIÓN: Choosing bean (struts) for (com.opensymphony.xwork2.ObjectFactory)
oct 22, 2015 12:07:01 AM com.opensymphony.xwork2.util.logging.jdk.JdkLogger info
INFORMACIÓN: Choosing bean (struts) for (com.opensymphony.xwork2.FileManager)
oct 22, 2015 12:07:01 AM com.opensymphony.xwork2.util.logging.jdk.JdkLogger info
INFORMACIÓN: Choosing bean (struts) for (com.opensymphony.xwork2.conversion.impl.XWorkConverter)
oct 22, 2015 12:07:01 AM com.opensymphony.xwork2.util.logging.jdk.JdkLogger info
INFORMACIÓN: Choosing bean (struts) for (com.opensymphony.xwork2.TextProvider)
oct 22, 2015 12:07:01 AM com.opensymphony.xwork2.util.logging.jdk.JdkLogger info
INFORMACIÓN: Choosing bean (struts) for (com.opensymphony.xwork2.ActionProxyFactory)
oct 22, 2015 12:07:01 AM com.opensymphony.xwork2.util.logging.jdk.JdkLogger info
INFORMACIÓN: Choosing bean (struts) for (com.opensymphony.xwork2.conversion.ObjectTypeDeterminer)
oct 22, 2015 12:07:01 AM com.opensymphony.xwork2.util.logging.jdk.JdkLogger info
INFORMACIÓN: Choosing bean (struts) for (org.apache.struts2.dispatcher.mapper.ActionMapper)
oct 22, 2015 12:07:01 AM com.opensymphony.xwork2.util.logging.jdk.JdkLogger info
INFORMACIÓN: Choosing bean (jakarta) for (org.apache.struts2.dispatcher.multipart.MultiPartRequest)
oct 22, 2015 12:07:01 AM com.opensymphony.xwork2.util.logging.jdk.JdkLogger info
INFORMACIÓN: Choosing bean (struts) for (org.apache.struts2.views.freemarker.FreemarkerManager)
oct 22, 2015 12:07:01 AM com.opensymphony.xwork2.util.logging.jdk.JdkLogger info
INFORMACIÓN: Choosing bean (struts) for (org.apache.struts2.components.UrlRenderer)
oct 22, 2015 12:07:01 AM com.opensymphony.xwork2.util.logging.jdk.JdkLogger info
INFORMACIÓN: Choosing bean (struts) for (com.opensymphony.xwork2.validator.ActionValidatorManager)
oct 22, 2015 12:07:01 AM com.opensymphony.xwork2.util.logging.jdk.JdkLogger info
INFORMACIÓN: Choosing bean (struts) for (com.opensymphony.xwork2.util.ValueStackFactory)
oct 22, 2015 12:07:01 AM com.opensymphony.xwork2.util.logging.jdk.JdkLogger info
INFORMACIÓN: Choosing bean (struts) for (com.opensymphony.xwork2.util.reflection.ReflectionProvider)
oct 22, 2015 12:07:01 AM com.opensymphony.xwork2.util.logging.jdk.JdkLogger info
INFORMACIÓN: Choosing bean (struts) for (com.opensymphony.xwork2.util.reflection.ReflectionContextFactory)
oct 22, 2015 12:07:01 AM com.opensymphony.xwork2.util.logging.jdk.JdkLogger info
INFORMACIÓN: Choosing bean (struts) for (com.opensymphony.xwork2.util.PatternMatcher)
oct 22, 2015 12:07:01 AM com.opensymphony.xwork2.util.logging.jdk.JdkLogger info
INFORMACIÓN: Choosing bean (struts) for (org.apache.struts2.dispatcher.StaticContentLoader)
oct 22, 2015 12:07:01 AM com.opensymphony.xwork2.util.logging.jdk.JdkLogger info
INFORMACIÓN: Choosing bean (struts) for (com.opensymphony.xwork2.UnknownHandlerManager)
oct 22, 2015 12:07:01 AM com.opensymphony.xwork2.util.logging.jdk.JdkLogger info
INFORMACIÓN: Choosing bean (struts) for (org.apache.struts2.views.util.UrlHelper)
oct 22, 2015 12:07:38 AM org.apache.catalina.core.StandardContext reload
INFORMACIÓN: Ha comenzado la recarga de Contexto [/Integradora4D]
oct 22, 2015 12:07:39 AM com.opensymphony.xwork2.util.logging.jdk.JdkLogger info
INFORMACIÓN: Parsing configuration file [struts-default.xml]
oct 22, 2015 12:07:39 AM com.opensymphony.xwork2.util.logging.jdk.JdkLogger info
INFORMACIÓN: Parsing configuration file [struts-plugin.xml]
oct 22, 2015 12:07:39 AM com.opensymphony.xwork2.util.logging.jdk.JdkLogger info
INFORMACIÓN: Parsing configuration file [struts.xml]
oct 22, 2015 12:07:39 AM com.opensymphony.xwork2.util.logging.jdk.JdkLogger info
INFORMACIÓN: Choosing bean (struts) for (com.opensymphony.xwork2.ObjectFactory)
oct 22, 2015 12:07:39 AM com.opensymphony.xwork2.util.logging.jdk.JdkLogger info
INFORMACIÓN: Choosing bean (struts) for (com.opensymphony.xwork2.FileManager)
oct 22, 2015 12:07:39 AM com.opensymphony.xwork2.util.logging.jdk.JdkLogger info
INFORMACIÓN: Choosing bean (struts) for (com.opensymphony.xwork2.conversion.impl.XWorkConverter)
oct 22, 2015 12:07:39 AM com.opensymphony.xwork2.util.logging.jdk.JdkLogger info
INFORMACIÓN: Choosing bean (struts) for (com.opensymphony.xwork2.TextProvider)
oct 22, 2015 12:07:39 AM com.opensymphony.xwork2.util.logging.jdk.JdkLogger info
INFORMACIÓN: Choosing bean (struts) for (com.opensymphony.xwork2.ActionProxyFactory)
oct 22, 2015 12:07:39 AM com.opensymphony.xwork2.util.logging.jdk.JdkLogger info
INFORMACIÓN: Choosing bean (struts) for (com.opensymphony.xwork2.conversion.ObjectTypeDeterminer)
oct 22, 2015 12:07:39 AM com.opensymphony.xwork2.util.logging.jdk.JdkLogger info
INFORMACIÓN: Choosing bean (struts) for (org.apache.struts2.dispatcher.mapper.ActionMapper)
oct 22, 2015 12:07:39 AM com.opensymphony.xwork2.util.logging.jdk.JdkLogger info
INFORMACIÓN: Choosing bean (jakarta) for (org.apache.struts2.dispatcher.multipart.MultiPartRequest)
oct 22, 2015 12:07:39 AM com.opensymphony.xwork2.util.logging.jdk.JdkLogger info
INFORMACIÓN: Choosing bean (struts) for (org.apache.struts2.views.freemarker.FreemarkerManager)
oct 22, 2015 12:07:39 AM com.opensymphony.xwork2.util.logging.jdk.JdkLogger info
INFORMACIÓN: Choosing bean (struts) for (org.apache.struts2.components.UrlRenderer)
oct 22, 2015 12:07:39 AM com.opensymphony.xwork2.util.logging.jdk.JdkLogger info
INFORMACIÓN: Choosing bean (struts) for (com.opensymphony.xwork2.validator.ActionValidatorManager)
oct 22, 2015 12:07:39 AM com.opensymphony.xwork2.util.logging.jdk.JdkLogger info
INFORMACIÓN: Choosing bean (struts) for (com.opensymphony.xwork2.util.ValueStackFactory)
oct 22, 2015 12:07:39 AM com.opensymphony.xwork2.util.logging.jdk.JdkLogger info
INFORMACIÓN: Choosing bean (struts) for (com.opensymphony.xwork2.util.reflection.ReflectionProvider)
oct 22, 2015 12:07:39 AM com.opensymphony.xwork2.util.logging.jdk.JdkLogger info
INFORMACIÓN: Choosing bean (struts) for (com.opensymphony.xwork2.util.reflection.ReflectionContextFactory)
oct 22, 2015 12:07:39 AM com.opensymphony.xwork2.util.logging.jdk.JdkLogger info
INFORMACIÓN: Choosing bean (struts) for (com.opensymphony.xwork2.util.PatternMatcher)
oct 22, 2015 12:07:39 AM com.opensymphony.xwork2.util.logging.jdk.JdkLogger info
INFORMACIÓN: Choosing bean (struts) for (org.apache.struts2.dispatcher.StaticContentLoader)
oct 22, 2015 12:07:39 AM com.opensymphony.xwork2.util.logging.jdk.JdkLogger info
INFORMACIÓN: Choosing bean (struts) for (com.opensymphony.xwork2.UnknownHandlerManager)
oct 22, 2015 12:07:39 AM com.opensymphony.xwork2.util.logging.jdk.JdkLogger info
INFORMACIÓN: Choosing bean (struts) for (org.apache.struts2.views.util.UrlHelper)
oct 22, 2015 12:09:09 AM org.apache.catalina.core.StandardContext reload
INFORMACIÓN: Ha comenzado la recarga de Contexto [/Integradora4D]
oct 22, 2015 12:09:09 AM org.apache.catalina.loader.WebappClassLoader clearReferencesJdbc
GRAVE: The web application [/Integradora4D] registered the JDBC driver [com.microsoft.sqlserver.jdbc.SQLServerDriver] but failed to unregister it when the web application was stopped. To prevent a memory leak, the JDBC Driver has been forcibly unregistered.
oct 22, 2015 12:09:09 AM org.apache.catalina.loader.WebappClassLoader checkThreadLocalMapForLeaks
GRAVE: The web application [/Integradora4D] created a ThreadLocal with key of type [com.microsoft.sqlserver.jdbc.ActivityCorrelator$1] (value [com.microsoft.sqlserver.jdbc.ActivityCorrelator$1@62e4f29f]) and a value of type [com.microsoft.sqlserver.jdbc.ActivityId] (value [c6077356-bdb8-4fc2-9889-3aea8cda1e28-1]) but failed to remove it when the web application was stopped. This is very likely to create a memory leak.
oct 22, 2015 12:09:09 AM com.microsoft.sqlserver.jdbc.AuthenticationJNI <clinit>
ADVERTENCIA: Failed to load the sqljdbc_auth.dll cause : no sqljdbc_auth in java.library.path
oct 22, 2015 12:09:10 AM com.opensymphony.xwork2.util.logging.jdk.JdkLogger info
INFORMACIÓN: Parsing configuration file [struts-default.xml]
oct 22, 2015 12:09:10 AM com.opensymphony.xwork2.util.logging.jdk.JdkLogger info
INFORMACIÓN: Parsing configuration file [struts-plugin.xml]
oct 22, 2015 12:09:10 AM com.opensymphony.xwork2.util.logging.jdk.JdkLogger info
INFORMACIÓN: Parsing configuration file [struts.xml]
oct 22, 2015 12:09:10 AM com.opensymphony.xwork2.util.logging.jdk.JdkLogger info
INFORMACIÓN: Choosing bean (struts) for (com.opensymphony.xwork2.ObjectFactory)
oct 22, 2015 12:09:10 AM com.opensymphony.xwork2.util.logging.jdk.JdkLogger info
INFORMACIÓN: Choosing bean (struts) for (com.opensymphony.xwork2.FileManager)
oct 22, 2015 12:09:10 AM com.opensymphony.xwork2.util.logging.jdk.JdkLogger info
INFORMACIÓN: Choosing bean (struts) for (com.opensymphony.xwork2.conversion.impl.XWorkConverter)
oct 22, 2015 12:09:10 AM com.opensymphony.xwork2.util.logging.jdk.JdkLogger info
INFORMACIÓN: Choosing bean (struts) for (com.opensymphony.xwork2.TextProvider)
oct 22, 2015 12:09:10 AM com.opensymphony.xwork2.util.logging.jdk.JdkLogger info
INFORMACIÓN: Choosing bean (struts) for (com.opensymphony.xwork2.ActionProxyFactory)
oct 22, 2015 12:09:10 AM com.opensymphony.xwork2.util.logging.jdk.JdkLogger info
INFORMACIÓN: Choosing bean (struts) for (com.opensymphony.xwork2.conversion.ObjectTypeDeterminer)
oct 22, 2015 12:09:10 AM com.opensymphony.xwork2.util.logging.jdk.JdkLogger info
INFORMACIÓN: Choosing bean (struts) for (org.apache.struts2.dispatcher.mapper.ActionMapper)
oct 22, 2015 12:09:10 AM com.opensymphony.xwork2.util.logging.jdk.JdkLogger info
INFORMACIÓN: Choosing bean (jakarta) for (org.apache.struts2.dispatcher.multipart.MultiPartRequest)
oct 22, 2015 12:09:10 AM com.opensymphony.xwork2.util.logging.jdk.JdkLogger info
INFORMACIÓN: Choosing bean (struts) for (org.apache.struts2.views.freemarker.FreemarkerManager)
oct 22, 2015 12:09:10 AM com.opensymphony.xwork2.util.logging.jdk.JdkLogger info
INFORMACIÓN: Choosing bean (struts) for (org.apache.struts2.components.UrlRenderer)
oct 22, 2015 12:09:10 AM com.opensymphony.xwork2.util.logging.jdk.JdkLogger info
INFORMACIÓN: Choosing bean (struts) for (com.opensymphony.xwork2.validator.ActionValidatorManager)
oct 22, 2015 12:09:10 AM com.opensymphony.xwork2.util.logging.jdk.JdkLogger info
INFORMACIÓN: Choosing bean (struts) for (com.opensymphony.xwork2.util.ValueStackFactory)
oct 22, 2015 12:09:10 AM com.opensymphony.xwork2.util.logging.jdk.JdkLogger info
INFORMACIÓN: Choosing bean (struts) for (com.opensymphony.xwork2.util.reflection.ReflectionProvider)
oct 22, 2015 12:09:10 AM com.opensymphony.xwork2.util.logging.jdk.JdkLogger info
INFORMACIÓN: Choosing bean (struts) for (com.opensymphony.xwork2.util.reflection.ReflectionContextFactory)
oct 22, 2015 12:09:10 AM com.opensymphony.xwork2.util.logging.jdk.JdkLogger info
INFORMACIÓN: Choosing bean (struts) for (com.opensymphony.xwork2.util.PatternMatcher)
oct 22, 2015 12:09:10 AM com.opensymphony.xwork2.util.logging.jdk.JdkLogger info
INFORMACIÓN: Choosing bean (struts) for (org.apache.struts2.dispatcher.StaticContentLoader)
oct 22, 2015 12:09:10 AM com.opensymphony.xwork2.util.logging.jdk.JdkLogger info
INFORMACIÓN: Choosing bean (struts) for (com.opensymphony.xwork2.UnknownHandlerManager)
oct 22, 2015 12:09:10 AM com.opensymphony.xwork2.util.logging.jdk.JdkLogger info
INFORMACIÓN: Choosing bean (struts) for (org.apache.struts2.views.util.UrlHelper)
oct 22, 2015 12:09:17 AM org.apache.catalina.core.StandardContext reload
INFORMACIÓN: Ha comenzado la recarga de Contexto [/Integradora4D]
oct 22, 2015 12:09:18 AM com.opensymphony.xwork2.util.logging.jdk.JdkLogger info
INFORMACIÓN: Parsing configuration file [struts-default.xml]
oct 22, 2015 12:09:18 AM com.opensymphony.xwork2.util.logging.jdk.JdkLogger info
INFORMACIÓN: Parsing configuration file [struts-plugin.xml]
oct 22, 2015 12:09:18 AM com.opensymphony.xwork2.util.logging.jdk.JdkLogger info
INFORMACIÓN: Parsing configuration file [struts.xml]
oct 22, 2015 12:09:18 AM com.opensymphony.xwork2.util.logging.jdk.JdkLogger info
INFORMACIÓN: Choosing bean (struts) for (com.opensymphony.xwork2.ObjectFactory)
oct 22, 2015 12:09:18 AM com.opensymphony.xwork2.util.logging.jdk.JdkLogger info
INFORMACIÓN: Choosing bean (struts) for (com.opensymphony.xwork2.FileManager)
oct 22, 2015 12:09:18 AM com.opensymphony.xwork2.util.logging.jdk.JdkLogger info
INFORMACIÓN: Choosing bean (struts) for (com.opensymphony.xwork2.conversion.impl.XWorkConverter)
oct 22, 2015 12:09:18 AM com.opensymphony.xwork2.util.logging.jdk.JdkLogger info
INFORMACIÓN: Choosing bean (struts) for (com.opensymphony.xwork2.TextProvider)
oct 22, 2015 12:09:18 AM com.opensymphony.xwork2.util.logging.jdk.JdkLogger info
INFORMACIÓN: Choosing bean (struts) for (com.opensymphony.xwork2.ActionProxyFactory)
oct 22, 2015 12:09:18 AM com.opensymphony.xwork2.util.logging.jdk.JdkLogger info
INFORMACIÓN: Choosing bean (struts) for (com.opensymphony.xwork2.conversion.ObjectTypeDeterminer)
oct 22, 2015 12:09:18 AM com.opensymphony.xwork2.util.logging.jdk.JdkLogger info
INFORMACIÓN: Choosing bean (struts) for (org.apache.struts2.dispatcher.mapper.ActionMapper)
oct 22, 2015 12:09:18 AM com.opensymphony.xwork2.util.logging.jdk.JdkLogger info
INFORMACIÓN: Choosing bean (jakarta) for (org.apache.struts2.dispatcher.multipart.MultiPartRequest)
oct 22, 2015 12:09:18 AM com.opensymphony.xwork2.util.logging.jdk.JdkLogger info
INFORMACIÓN: Choosing bean (struts) for (org.apache.struts2.views.freemarker.FreemarkerManager)
oct 22, 2015 12:09:18 AM com.opensymphony.xwork2.util.logging.jdk.JdkLogger info
INFORMACIÓN: Choosing bean (struts) for (org.apache.struts2.components.UrlRenderer)
oct 22, 2015 12:09:18 AM com.opensymphony.xwork2.util.logging.jdk.JdkLogger info
INFORMACIÓN: Choosing bean (struts) for (com.opensymphony.xwork2.validator.ActionValidatorManager)
oct 22, 2015 12:09:18 AM com.opensymphony.xwork2.util.logging.jdk.JdkLogger info
INFORMACIÓN: Choosing bean (struts) for (com.opensymphony.xwork2.util.ValueStackFactory)
oct 22, 2015 12:09:18 AM com.opensymphony.xwork2.util.logging.jdk.JdkLogger info
INFORMACIÓN: Choosing bean (struts) for (com.opensymphony.xwork2.util.reflection.ReflectionProvider)
oct 22, 2015 12:09:18 AM com.opensymphony.xwork2.util.logging.jdk.JdkLogger info
INFORMACIÓN: Choosing bean (struts) for (com.opensymphony.xwork2.util.reflection.ReflectionContextFactory)
oct 22, 2015 12:09:18 AM com.opensymphony.xwork2.util.logging.jdk.JdkLogger info
INFORMACIÓN: Choosing bean (struts) for (com.opensymphony.xwork2.util.PatternMatcher)
oct 22, 2015 12:09:18 AM com.opensymphony.xwork2.util.logging.jdk.JdkLogger info
INFORMACIÓN: Choosing bean (struts) for (org.apache.struts2.dispatcher.StaticContentLoader)
oct 22, 2015 12:09:18 AM com.opensymphony.xwork2.util.logging.jdk.JdkLogger info
INFORMACIÓN: Choosing bean (struts) for (com.opensymphony.xwork2.UnknownHandlerManager)
oct 22, 2015 12:09:18 AM com.opensymphony.xwork2.util.logging.jdk.JdkLogger info
INFORMACIÓN: Choosing bean (struts) for (org.apache.struts2.views.util.UrlHelper)
oct 22, 2015 12:09:22 AM Dao.CategoriaDao get
GRAVE: null
com.microsoft.sqlserver.jdbc.SQLServerException: El nombre de columna 'idCtegoria' no es válido.
	at com.microsoft.sqlserver.jdbc.SQLServerException.makeFromDatabaseError(SQLServerException.java:216)
	at com.microsoft.sqlserver.jdbc.SQLServerStatement.getNextResult(SQLServerStatement.java:1515)
	at com.microsoft.sqlserver.jdbc.SQLServerPreparedStatement.doExecutePreparedStatement(SQLServerPreparedStatement.java:404)
	at com.microsoft.sqlserver.jdbc.SQLServerPreparedStatement$PrepStmtExecCmd.doExecute(SQLServerPreparedStatement.java:350)
	at com.microsoft.sqlserver.jdbc.TDSCommand.execute(IOBuffer.java:5696)
	at com.microsoft.sqlserver.jdbc.SQLServerConnection.executeCommand(SQLServerConnection.java:1715)
	at com.microsoft.sqlserver.jdbc.SQLServerStatement.executeCommand(SQLServerStatement.java:180)
	at com.microsoft.sqlserver.jdbc.SQLServerStatement.executeStatement(SQLServerStatement.java:155)
	at com.microsoft.sqlserver.jdbc.SQLServerPreparedStatement.executeQuery(SQLServerPreparedStatement.java:285)
	at Dao.CategoriaDao.get(CategoriaDao.java:48)
	at Dao.ProductoDao.passResultSet(ProductoDao.java:45)
	at Dao.ProductoDao.getAll(ProductoDao.java:63)
	at Operaciones.Producto.llenarLista(Producto.java:46)
	at sun.reflect.NativeMethodAccessorImpl.invoke0(Native Method)
	at sun.reflect.NativeMethodAccessorImpl.invoke(NativeMethodAccessorImpl.java:62)
	at sun.reflect.DelegatingMethodAccessorImpl.invoke(DelegatingMethodAccessorImpl.java:43)
	at java.lang.reflect.Method.invoke(Method.java:497)
	at com.opensymphony.xwork2.DefaultActionInvocation.invokeAction(DefaultActionInvocation.java:453)
	at com.opensymphony.xwork2.DefaultActionInvocation.invokeActionOnly(DefaultActionInvocation.java:292)
	at com.opensymphony.xwork2.DefaultActionInvocation.invoke(DefaultActionInvocation.java:255)
	at org.apache.struts2.interceptor.debugging.DebuggingInterceptor.intercept(DebuggingInterceptor.java:256)
	at com.opensymphony.xwork2.DefaultActionInvocation.invoke(DefaultActionInvocation.java:249)
	at com.opensymphony.xwork2.interceptor.DefaultWorkflowInterceptor.doIntercept(DefaultWorkflowInterceptor.java:176)
	at com.opensymphony.xwork2.interceptor.MethodFilterInterceptor.intercept(MethodFilterInterceptor.java:98)
	at com.opensymphony.xwork2.DefaultActionInvocation.invoke(DefaultActionInvocation.java:249)
	at com.opensymphony.xwork2.validator.ValidationInterceptor.doIntercept(ValidationInterceptor.java:265)
	at org.apache.struts2.interceptor.validation.AnnotationValidationInterceptor.doIntercept(AnnotationValidationInterceptor.java:68)
	at com.opensymphony.xwork2.interceptor.MethodFilterInterceptor.intercept(MethodFilterInterceptor.java:98)
	at com.opensymphony.xwork2.DefaultActionInvocation.invoke(DefaultActionInvocation.java:249)
	at com.opensymphony.xwork2.interceptor.ConversionErrorInterceptor.intercept(ConversionErrorInterceptor.java:138)
	at com.opensymphony.xwork2.DefaultActionInvocation.invoke(DefaultActionInvocation.java:249)
	at com.opensymphony.xwork2.interceptor.ParametersInterceptor.doIntercept(ParametersInterceptor.java:211)
	at com.opensymphony.xwork2.interceptor.MethodFilterInterceptor.intercept(MethodFilterInterceptor.java:98)
	at com.opensymphony.xwork2.DefaultActionInvocation.invoke(DefaultActionInvocation.java:249)
	at com.opensymphony.xwork2.interceptor.ParametersInterceptor.doIntercept(ParametersInterceptor.java:211)
	at com.opensymphony.xwork2.interceptor.MethodFilterInterceptor.intercept(MethodFilterInterceptor.java:98)
	at com.opensymphony.xwork2.DefaultActionInvocation.invoke(DefaultActionInvocation.java:249)
	at com.opensymphony.xwork2.interceptor.StaticParametersInterceptor.intercept(StaticParametersInterceptor.java:190)
	at com.opensymphony.xwork2.DefaultActionInvocation.invoke(DefaultActionInvocation.java:249)
	at org.apache.struts2.interceptor.MultiselectInterceptor.intercept(MultiselectInterceptor.java:75)
	at com.opensymphony.xwork2.DefaultActionInvocation.invoke(DefaultActionInvocation.java:249)
	at org.apache.struts2.interceptor.CheckboxInterceptor.intercept(CheckboxInterceptor.java:90)
	at com.opensymphony.xwork2.DefaultActionInvocation.invoke(DefaultActionInvocation.java:249)
	at org.apache.struts2.interceptor.FileUploadInterceptor.intercept(FileUploadInterceptor.java:243)
	at com.opensymphony.xwork2.DefaultActionInvocation.invoke(DefaultActionInvocation.java:249)
	at com.opensymphony.xwork2.interceptor.ModelDrivenInterceptor.intercept(ModelDrivenInterceptor.java:100)
	at com.opensymphony.xwork2.DefaultActionInvocation.invoke(DefaultActionInvocation.java:249)
	at com.opensymphony.xwork2.interceptor.ScopedModelDrivenInterceptor.intercept(ScopedModelDrivenInterceptor.java:141)
	at com.opensymphony.xwork2.DefaultActionInvocation.invoke(DefaultActionInvocation.java:249)
	at com.opensymphony.xwork2.interceptor.ChainingInterceptor.intercept(ChainingInterceptor.java:145)
	at com.opensymphony.xwork2.DefaultActionInvocation.invoke(DefaultActionInvocation.java:249)
	at com.opensymphony.xwork2.interceptor.PrepareInterceptor.doIntercept(PrepareInterceptor.java:171)
	at com.opensymphony.xwork2.interceptor.MethodFilterInterceptor.intercept(MethodFilterInterceptor.java:98)
	at com.opensymphony.xwork2.DefaultActionInvocation.invoke(DefaultActionInvocation.java:249)
	at com.opensymphony.xwork2.interceptor.I18nInterceptor.intercept(I18nInterceptor.java:176)
	at com.opensymphony.xwork2.DefaultActionInvocation.invoke(DefaultActionInvocation.java:249)
	at org.apache.struts2.interceptor.ServletConfigInterceptor.intercept(ServletConfigInterceptor.java:164)
	at com.opensymphony.xwork2.DefaultActionInvocation.invoke(DefaultActionInvocation.java:249)
	at com.opensymphony.xwork2.interceptor.AliasInterceptor.intercept(AliasInterceptor.java:192)
	at com.opensymphony.xwork2.DefaultActionInvocation.invoke(DefaultActionInvocation.java:249)
	at com.opensymphony.xwork2.interceptor.ExceptionMappingInterceptor.intercept(ExceptionMappingInterceptor.java:187)
	at com.opensymphony.xwork2.DefaultActionInvocation.invoke(DefaultActionInvocation.java:249)
	at org.apache.struts2.impl.StrutsActionProxy.execute(StrutsActionProxy.java:54)
	at org.apache.struts2.dispatcher.Dispatcher.serviceAction(Dispatcher.java:511)
	at org.apache.struts2.dispatcher.FilterDispatcher.doFilter(FilterDispatcher.java:432)
	at org.apache.catalina.core.ApplicationFilterChain.internalDoFilter(ApplicationFilterChain.java:235)
	at org.apache.catalina.core.ApplicationFilterChain.doFilter(ApplicationFilterChain.java:206)
	at org.apache.catalina.core.StandardWrapperValve.invoke(StandardWrapperValve.java:233)
	at org.apache.catalina.core.StandardContextValve.invoke(StandardContextValve.java:191)
	at org.apache.catalina.core.StandardHostValve.invoke(StandardHostValve.java:127)
	at org.apache.catalina.valves.ErrorReportValve.invoke(ErrorReportValve.java:103)
	at org.apache.catalina.core.StandardEngineValve.invoke(StandardEngineValve.java:109)
	at org.apache.catalina.connector.CoyoteAdapter.service(CoyoteAdapter.java:293)
	at org.apache.coyote.http11.Http11AprProcessor.process(Http11AprProcessor.java:879)
	at org.apache.coyote.http11.Http11AprProtocol$Http11ConnectionHandler.process(Http11AprProtocol.java:617)
	at org.apache.tomcat.util.net.AprEndpoint$Worker.run(AprEndpoint.java:1778)
	at java.lang.Thread.run(Thread.java:745)

oct 22, 2015 12:10:03 AM org.apache.catalina.core.StandardContext reload
INFORMACIÓN: Ha comenzado la recarga de Contexto [/Integradora4D]
oct 22, 2015 12:10:03 AM org.apache.catalina.loader.WebappClassLoader clearReferencesJdbc
GRAVE: The web application [/Integradora4D] registered the JDBC driver [com.microsoft.sqlserver.jdbc.SQLServerDriver] but failed to unregister it when the web application was stopped. To prevent a memory leak, the JDBC Driver has been forcibly unregistered.
oct 22, 2015 12:10:03 AM org.apache.catalina.loader.WebappClassLoader checkThreadLocalMapForLeaks
GRAVE: The web application [/Integradora4D] created a ThreadLocal with key of type [com.microsoft.sqlserver.jdbc.ActivityCorrelator$1] (value [com.microsoft.sqlserver.jdbc.ActivityCorrelator$1@62ced1a7]) and a value of type [com.microsoft.sqlserver.jdbc.ActivityId] (value [e40df98d-c0a3-4d88-b7fe-b3e3b0deb411-1]) but failed to remove it when the web application was stopped. This is very likely to create a memory leak.
oct 22, 2015 12:10:04 AM com.microsoft.sqlserver.jdbc.AuthenticationJNI <clinit>
ADVERTENCIA: Failed to load the sqljdbc_auth.dll cause : no sqljdbc_auth in java.library.path
oct 22, 2015 12:10:05 AM com.opensymphony.xwork2.util.logging.jdk.JdkLogger info
INFORMACIÓN: Parsing configuration file [struts-default.xml]
oct 22, 2015 12:10:05 AM com.opensymphony.xwork2.util.logging.jdk.JdkLogger info
INFORMACIÓN: Parsing configuration file [struts-plugin.xml]
oct 22, 2015 12:10:05 AM com.opensymphony.xwork2.util.logging.jdk.JdkLogger info
INFORMACIÓN: Parsing configuration file [struts.xml]
oct 22, 2015 12:10:05 AM com.opensymphony.xwork2.util.logging.jdk.JdkLogger info
INFORMACIÓN: Choosing bean (struts) for (com.opensymphony.xwork2.ObjectFactory)
oct 22, 2015 12:10:05 AM com.opensymphony.xwork2.util.logging.jdk.JdkLogger info
INFORMACIÓN: Choosing bean (struts) for (com.opensymphony.xwork2.FileManager)
oct 22, 2015 12:10:05 AM com.opensymphony.xwork2.util.logging.jdk.JdkLogger info
INFORMACIÓN: Choosing bean (struts) for (com.opensymphony.xwork2.conversion.impl.XWorkConverter)
oct 22, 2015 12:10:05 AM com.opensymphony.xwork2.util.logging.jdk.JdkLogger info
INFORMACIÓN: Choosing bean (struts) for (com.opensymphony.xwork2.TextProvider)
oct 22, 2015 12:10:05 AM com.opensymphony.xwork2.util.logging.jdk.JdkLogger info
INFORMACIÓN: Choosing bean (struts) for (com.opensymphony.xwork2.ActionProxyFactory)
oct 22, 2015 12:10:05 AM com.opensymphony.xwork2.util.logging.jdk.JdkLogger info
INFORMACIÓN: Choosing bean (struts) for (com.opensymphony.xwork2.conversion.ObjectTypeDeterminer)
oct 22, 2015 12:10:05 AM com.opensymphony.xwork2.util.logging.jdk.JdkLogger info
INFORMACIÓN: Choosing bean (struts) for (org.apache.struts2.dispatcher.mapper.ActionMapper)
oct 22, 2015 12:10:05 AM com.opensymphony.xwork2.util.logging.jdk.JdkLogger info
INFORMACIÓN: Choosing bean (jakarta) for (org.apache.struts2.dispatcher.multipart.MultiPartRequest)
oct 22, 2015 12:10:05 AM com.opensymphony.xwork2.util.logging.jdk.JdkLogger info
INFORMACIÓN: Choosing bean (struts) for (org.apache.struts2.views.freemarker.FreemarkerManager)
oct 22, 2015 12:10:05 AM com.opensymphony.xwork2.util.logging.jdk.JdkLogger info
INFORMACIÓN: Choosing bean (struts) for (org.apache.struts2.components.UrlRenderer)
oct 22, 2015 12:10:05 AM com.opensymphony.xwork2.util.logging.jdk.JdkLogger info
INFORMACIÓN: Choosing bean (struts) for (com.opensymphony.xwork2.validator.ActionValidatorManager)
oct 22, 2015 12:10:05 AM com.opensymphony.xwork2.util.logging.jdk.JdkLogger info
INFORMACIÓN: Choosing bean (struts) for (com.opensymphony.xwork2.util.ValueStackFactory)
oct 22, 2015 12:10:05 AM com.opensymphony.xwork2.util.logging.jdk.JdkLogger info
INFORMACIÓN: Choosing bean (struts) for (com.opensymphony.xwork2.util.reflection.ReflectionProvider)
oct 22, 2015 12:10:05 AM com.opensymphony.xwork2.util.logging.jdk.JdkLogger info
INFORMACIÓN: Choosing bean (struts) for (com.opensymphony.xwork2.util.reflection.ReflectionContextFactory)
oct 22, 2015 12:10:05 AM com.opensymphony.xwork2.util.logging.jdk.JdkLogger info
INFORMACIÓN: Choosing bean (struts) for (com.opensymphony.xwork2.util.PatternMatcher)
oct 22, 2015 12:10:05 AM com.opensymphony.xwork2.util.logging.jdk.JdkLogger info
INFORMACIÓN: Choosing bean (struts) for (org.apache.struts2.dispatcher.StaticContentLoader)
oct 22, 2015 12:10:05 AM com.opensymphony.xwork2.util.logging.jdk.JdkLogger info
INFORMACIÓN: Choosing bean (struts) for (com.opensymphony.xwork2.UnknownHandlerManager)
oct 22, 2015 12:10:05 AM com.opensymphony.xwork2.util.logging.jdk.JdkLogger info
INFORMACIÓN: Choosing bean (struts) for (org.apache.struts2.views.util.UrlHelper)
oct 22, 2015 12:10:16 AM org.apache.catalina.core.StandardContext reload
INFORMACIÓN: Ha comenzado la recarga de Contexto [/Integradora4D]
oct 22, 2015 12:10:17 AM com.opensymphony.xwork2.util.logging.jdk.JdkLogger info
INFORMACIÓN: Parsing configuration file [struts-default.xml]
oct 22, 2015 12:10:17 AM com.opensymphony.xwork2.util.logging.jdk.JdkLogger info
INFORMACIÓN: Parsing configuration file [struts-plugin.xml]
oct 22, 2015 12:10:17 AM com.opensymphony.xwork2.util.logging.jdk.JdkLogger info
INFORMACIÓN: Parsing configuration file [struts.xml]
oct 22, 2015 12:10:17 AM com.opensymphony.xwork2.util.logging.jdk.JdkLogger info
INFORMACIÓN: Choosing bean (struts) for (com.opensymphony.xwork2.ObjectFactory)
oct 22, 2015 12:10:17 AM com.opensymphony.xwork2.util.logging.jdk.JdkLogger info
INFORMACIÓN: Choosing bean (struts) for (com.opensymphony.xwork2.FileManager)
oct 22, 2015 12:10:17 AM com.opensymphony.xwork2.util.logging.jdk.JdkLogger info
INFORMACIÓN: Choosing bean (struts) for (com.opensymphony.xwork2.conversion.impl.XWorkConverter)
oct 22, 2015 12:10:17 AM com.opensymphony.xwork2.util.logging.jdk.JdkLogger info
INFORMACIÓN: Choosing bean (struts) for (com.opensymphony.xwork2.TextProvider)
oct 22, 2015 12:10:17 AM com.opensymphony.xwork2.util.logging.jdk.JdkLogger info
INFORMACIÓN: Choosing bean (struts) for (com.opensymphony.xwork2.ActionProxyFactory)
oct 22, 2015 12:10:17 AM com.opensymphony.xwork2.util.logging.jdk.JdkLogger info
INFORMACIÓN: Choosing bean (struts) for (com.opensymphony.xwork2.conversion.ObjectTypeDeterminer)
oct 22, 2015 12:10:17 AM com.opensymphony.xwork2.util.logging.jdk.JdkLogger info
INFORMACIÓN: Choosing bean (struts) for (org.apache.struts2.dispatcher.mapper.ActionMapper)
oct 22, 2015 12:10:17 AM com.opensymphony.xwork2.util.logging.jdk.JdkLogger info
INFORMACIÓN: Choosing bean (jakarta) for (org.apache.struts2.dispatcher.multipart.MultiPartRequest)
oct 22, 2015 12:10:17 AM com.opensymphony.xwork2.util.logging.jdk.JdkLogger info
INFORMACIÓN: Choosing bean (struts) for (org.apache.struts2.views.freemarker.FreemarkerManager)
oct 22, 2015 12:10:17 AM com.opensymphony.xwork2.util.logging.jdk.JdkLogger info
INFORMACIÓN: Choosing bean (struts) for (org.apache.struts2.components.UrlRenderer)
oct 22, 2015 12:10:17 AM com.opensymphony.xwork2.util.logging.jdk.JdkLogger info
INFORMACIÓN: Choosing bean (struts) for (com.opensymphony.xwork2.validator.ActionValidatorManager)
oct 22, 2015 12:10:17 AM com.opensymphony.xwork2.util.logging.jdk.JdkLogger info
INFORMACIÓN: Choosing bean (struts) for (com.opensymphony.xwork2.util.ValueStackFactory)
oct 22, 2015 12:10:17 AM com.opensymphony.xwork2.util.logging.jdk.JdkLogger info
INFORMACIÓN: Choosing bean (struts) for (com.opensymphony.xwork2.util.reflection.ReflectionProvider)
oct 22, 2015 12:10:17 AM com.opensymphony.xwork2.util.logging.jdk.JdkLogger info
INFORMACIÓN: Choosing bean (struts) for (com.opensymphony.xwork2.util.reflection.ReflectionContextFactory)
oct 22, 2015 12:10:17 AM com.opensymphony.xwork2.util.logging.jdk.JdkLogger info
INFORMACIÓN: Choosing bean (struts) for (com.opensymphony.xwork2.util.PatternMatcher)
oct 22, 2015 12:10:17 AM com.opensymphony.xwork2.util.logging.jdk.JdkLogger info
INFORMACIÓN: Choosing bean (struts) for (org.apache.struts2.dispatcher.StaticContentLoader)
oct 22, 2015 12:10:17 AM com.opensymphony.xwork2.util.logging.jdk.JdkLogger info
INFORMACIÓN: Choosing bean (struts) for (com.opensymphony.xwork2.UnknownHandlerManager)
oct 22, 2015 12:10:17 AM com.opensymphony.xwork2.util.logging.jdk.JdkLogger info
INFORMACIÓN: Choosing bean (struts) for (org.apache.struts2.views.util.UrlHelper)
oct 22, 2015 12:30:37 AM org.apache.coyote.http11.Http11AprProtocol pause
INFORMACIÓN: Pausando Coyote HTTP/1.1 en puerto http-8080
oct 22, 2015 12:30:37 AM org.apache.coyote.ajp.AjpAprProtocol pause
INFORMACIÓN: Pausando Coyote AJP/1.3 en ajp-8009
oct 22, 2015 12:30:38 AM org.apache.catalina.core.StandardService stop
INFORMACIÓN: Parando servicio Catalina
oct 22, 2015 12:30:39 AM org.apache.catalina.loader.WebappClassLoader clearReferencesJdbc
GRAVE: The web application [/Integradora4D] registered the JDBC driver [com.microsoft.sqlserver.jdbc.SQLServerDriver] but failed to unregister it when the web application was stopped. To prevent a memory leak, the JDBC Driver has been forcibly unregistered.
oct 22, 2015 12:30:39 AM org.apache.catalina.loader.WebappClassLoader checkThreadLocalMapForLeaks
GRAVE: The web application [/Integradora4D] created a ThreadLocal with key of type [com.microsoft.sqlserver.jdbc.ActivityCorrelator$1] (value [com.microsoft.sqlserver.jdbc.ActivityCorrelator$1@21a947fe]) and a value of type [com.microsoft.sqlserver.jdbc.ActivityId] (value [08a223e8-e152-48b4-9b74-4d93b65a7487-3]) but failed to remove it when the web application was stopped. This is very likely to create a memory leak.
oct 22, 2015 12:30:40 AM com.microsoft.sqlserver.jdbc.AuthenticationJNI <clinit>
ADVERTENCIA: Failed to load the sqljdbc_auth.dll cause : no sqljdbc_auth in java.library.path
oct 22, 2015 12:30:41 AM org.apache.coyote.http11.Http11AprProtocol destroy
INFORMACIÓN: Parando Coyote HTTP/1.1 en puerto http-8080
oct 22, 2015 12:30:41 AM org.apache.coyote.ajp.AjpAprProtocol destroy
INFORMACIÓN: Parando Coyote AJP/1.3 en ajp-8009
