oct 20, 2015 12:39:07 PM org.apache.catalina.core.ApplicationContext log
INFORMACIÓN: ContextListener: contextInitialized()
oct 20, 2015 12:39:07 PM org.apache.catalina.core.ApplicationContext log
INFORMACIÓN: SessionListener: contextInitialized()
oct 20, 2015 12:39:20 PM org.apache.catalina.core.StandardWrapperValve invoke
GRAVE: Servlet.service() para servlet jsp lanzó excepción
tag 'select', field 'list', name 'departamentos': The requested list key 'departamentos' could not be resolved as a collection/array/map/enumeration/iterator type. Example: people or people.{name} - [unknown location]
	at org.apache.struts2.components.Component.fieldError(Component.java:240)
	at org.apache.struts2.components.Component.findValue(Component.java:361)
	at org.apache.struts2.components.ListUIBean.evaluateExtraParams(ListUIBean.java:80)
	at org.apache.struts2.components.Select.evaluateExtraParams(Select.java:105)
	at org.apache.struts2.components.UIBean.evaluateParams(UIBean.java:864)
	at org.apache.struts2.components.UIBean.end(UIBean.java:516)
	at org.apache.struts2.views.jsp.ComponentTagSupport.doEndTag(ComponentTagSupport.java:42)
	at org.apache.jsp.Registrar.Categoria_jsp._jspx_meth_s_005fselect_005f0(Categoria_jsp.java:191)
	at org.apache.jsp.Registrar.Categoria_jsp._jspx_meth_s_005fform_005f0(Categoria_jsp.java:122)
	at org.apache.jsp.Registrar.Categoria_jsp._jspService(Categoria_jsp.java:80)
	at org.apache.jasper.runtime.HttpJspBase.service(HttpJspBase.java:70)
	at javax.servlet.http.HttpServlet.service(HttpServlet.java:723)
	at org.apache.jasper.servlet.JspServletWrapper.service(JspServletWrapper.java:388)
	at org.apache.jasper.servlet.JspServlet.serviceJspFile(JspServlet.java:313)
	at org.apache.jasper.servlet.JspServlet.service(JspServlet.java:260)
	at javax.servlet.http.HttpServlet.service(HttpServlet.java:723)
	at org.apache.catalina.core.ApplicationFilterChain.internalDoFilter(ApplicationFilterChain.java:290)
	at org.apache.catalina.core.ApplicationFilterChain.doFilter(ApplicationFilterChain.java:206)
	at org.apache.struts2.dispatcher.FilterDispatcher.doFilter(FilterDispatcher.java:426)
	at org.apache.catalina.core.ApplicationFilterChain.internalDoFilter(ApplicationFilterChain.java:235)
	at org.apache.catalina.core.ApplicationFilterChain.doFilter(ApplicationFilterChain.java:206)
	at org.apache.catalina.core.StandardWrapperValve.invoke(StandardWrapperValve.java:233)
	at org.apache.catalina.core.StandardContextValve.invoke(StandardContextValve.java:191)
	at org.apache.catalina.core.StandardHostValve.invoke(StandardHostValve.java:127)
	at org.apache.catalina.valves.ErrorReportValve.invoke(ErrorReportValve.java:103)
	at org.apache.catalina.core.StandardEngineValve.invoke(StandardEngineValve.java:109)
	at org.apache.catalina.connector.CoyoteAdapter.service(CoyoteAdapter.java:293)
	at org.apache.coyote.http11.Http11AprProcessor.process(Http11AprProcessor.java:879)
	at org.apache.coyote.http11.Http11AprProtocol$Http11ConnectionHandler.process(Http11AprProtocol.java:617)
	at org.apache.tomcat.util.net.AprEndpoint$Worker.run(AprEndpoint.java:1778)
	at java.lang.Thread.run(Thread.java:745)

oct 20, 2015 2:22:23 PM org.apache.catalina.core.StandardWrapperValve invoke
GRAVE: Servlet.service() para servlet jsp lanzó excepción
tag 'select', field 'list', name 'idDepartamento': The requested list key 'departamentos' could not be resolved as a collection/array/map/enumeration/iterator type. Example: people or people.{name} - [unknown location]
	at org.apache.struts2.components.Component.fieldError(Component.java:240)
	at org.apache.struts2.components.Component.findValue(Component.java:361)
	at org.apache.struts2.components.ListUIBean.evaluateExtraParams(ListUIBean.java:80)
	at org.apache.struts2.components.Select.evaluateExtraParams(Select.java:105)
	at org.apache.struts2.components.UIBean.evaluateParams(UIBean.java:864)
	at org.apache.struts2.components.UIBean.end(UIBean.java:516)
	at org.apache.struts2.views.jsp.ComponentTagSupport.doEndTag(ComponentTagSupport.java:42)
	at org.apache.jsp.Registrar.Categoria_jsp._jspx_meth_s_005fselect_005f0(Categoria_jsp.java:191)
	at org.apache.jsp.Registrar.Categoria_jsp._jspx_meth_s_005fform_005f0(Categoria_jsp.java:122)
	at org.apache.jsp.Registrar.Categoria_jsp._jspService(Categoria_jsp.java:80)
	at org.apache.jasper.runtime.HttpJspBase.service(HttpJspBase.java:70)
	at javax.servlet.http.HttpServlet.service(HttpServlet.java:723)
	at org.apache.jasper.servlet.JspServletWrapper.service(JspServletWrapper.java:388)
	at org.apache.jasper.servlet.JspServlet.serviceJspFile(JspServlet.java:313)
	at org.apache.jasper.servlet.JspServlet.service(JspServlet.java:260)
	at javax.servlet.http.HttpServlet.service(HttpServlet.java:723)
	at org.apache.catalina.core.ApplicationFilterChain.internalDoFilter(ApplicationFilterChain.java:290)
	at org.apache.catalina.core.ApplicationFilterChain.doFilter(ApplicationFilterChain.java:206)
	at org.apache.struts2.dispatcher.FilterDispatcher.doFilter(FilterDispatcher.java:426)
	at org.apache.catalina.core.ApplicationFilterChain.internalDoFilter(ApplicationFilterChain.java:235)
	at org.apache.catalina.core.ApplicationFilterChain.doFilter(ApplicationFilterChain.java:206)
	at org.apache.catalina.core.StandardWrapperValve.invoke(StandardWrapperValve.java:233)
	at org.apache.catalina.core.StandardContextValve.invoke(StandardContextValve.java:191)
	at org.apache.catalina.core.StandardHostValve.invoke(StandardHostValve.java:127)
	at org.apache.catalina.valves.ErrorReportValve.invoke(ErrorReportValve.java:103)
	at org.apache.catalina.core.StandardEngineValve.invoke(StandardEngineValve.java:109)
	at org.apache.catalina.connector.CoyoteAdapter.service(CoyoteAdapter.java:293)
	at org.apache.coyote.http11.Http11AprProcessor.process(Http11AprProcessor.java:879)
	at org.apache.coyote.http11.Http11AprProtocol$Http11ConnectionHandler.process(Http11AprProtocol.java:617)
	at org.apache.tomcat.util.net.AprEndpoint$Worker.run(AprEndpoint.java:1778)
	at java.lang.Thread.run(Thread.java:745)

oct 20, 2015 2:28:02 PM org.apache.catalina.core.StandardWrapperValve invoke
GRAVE: Servlet.service() para servlet jsp lanzó excepción
tag 'select', field 'list', name 'idDepartamento': The requested list key 'departamentos' could not be resolved as a collection/array/map/enumeration/iterator type. Example: people or people.{name} - [unknown location]
	at org.apache.struts2.components.Component.fieldError(Component.java:240)
	at org.apache.struts2.components.Component.findValue(Component.java:361)
	at org.apache.struts2.components.ListUIBean.evaluateExtraParams(ListUIBean.java:80)
	at org.apache.struts2.components.Select.evaluateExtraParams(Select.java:105)
	at org.apache.struts2.components.UIBean.evaluateParams(UIBean.java:864)
	at org.apache.struts2.components.UIBean.end(UIBean.java:516)
	at org.apache.struts2.views.jsp.ComponentTagSupport.doEndTag(ComponentTagSupport.java:42)
	at org.apache.jsp.Registrar.Categoria_jsp._jspx_meth_s_005fselect_005f0(Categoria_jsp.java:191)
	at org.apache.jsp.Registrar.Categoria_jsp._jspx_meth_s_005fform_005f0(Categoria_jsp.java:122)
	at org.apache.jsp.Registrar.Categoria_jsp._jspService(Categoria_jsp.java:80)
	at org.apache.jasper.runtime.HttpJspBase.service(HttpJspBase.java:70)
	at javax.servlet.http.HttpServlet.service(HttpServlet.java:723)
	at org.apache.jasper.servlet.JspServletWrapper.service(JspServletWrapper.java:388)
	at org.apache.jasper.servlet.JspServlet.serviceJspFile(JspServlet.java:313)
	at org.apache.jasper.servlet.JspServlet.service(JspServlet.java:260)
	at javax.servlet.http.HttpServlet.service(HttpServlet.java:723)
	at org.apache.catalina.core.ApplicationFilterChain.internalDoFilter(ApplicationFilterChain.java:290)
	at org.apache.catalina.core.ApplicationFilterChain.doFilter(ApplicationFilterChain.java:206)
	at org.apache.struts2.dispatcher.FilterDispatcher.doFilter(FilterDispatcher.java:426)
	at org.apache.catalina.core.ApplicationFilterChain.internalDoFilter(ApplicationFilterChain.java:235)
	at org.apache.catalina.core.ApplicationFilterChain.doFilter(ApplicationFilterChain.java:206)
	at org.apache.catalina.core.StandardWrapperValve.invoke(StandardWrapperValve.java:233)
	at org.apache.catalina.core.StandardContextValve.invoke(StandardContextValve.java:191)
	at org.apache.catalina.core.StandardHostValve.invoke(StandardHostValve.java:127)
	at org.apache.catalina.valves.ErrorReportValve.invoke(ErrorReportValve.java:103)
	at org.apache.catalina.core.StandardEngineValve.invoke(StandardEngineValve.java:109)
	at org.apache.catalina.connector.CoyoteAdapter.service(CoyoteAdapter.java:293)
	at org.apache.coyote.http11.Http11AprProcessor.process(Http11AprProcessor.java:879)
	at org.apache.coyote.http11.Http11AprProtocol$Http11ConnectionHandler.process(Http11AprProtocol.java:617)
	at org.apache.tomcat.util.net.AprEndpoint$Worker.run(AprEndpoint.java:1778)
	at java.lang.Thread.run(Thread.java:745)

oct 20, 2015 2:29:50 PM org.apache.catalina.core.ApplicationContext log
INFORMACIÓN: SessionListener: contextDestroyed()
oct 20, 2015 2:29:50 PM org.apache.catalina.core.ApplicationContext log
INFORMACIÓN: ContextListener: contextDestroyed()
oct 20, 2015 2:30:55 PM org.apache.catalina.core.ApplicationContext log
INFORMACIÓN: ContextListener: contextInitialized()
oct 20, 2015 2:30:55 PM org.apache.catalina.core.ApplicationContext log
INFORMACIÓN: SessionListener: contextInitialized()
oct 20, 2015 2:31:38 PM org.apache.catalina.core.ApplicationContext log
INFORMACIÓN: SessionListener: contextDestroyed()
oct 20, 2015 2:31:38 PM org.apache.catalina.core.ApplicationContext log
INFORMACIÓN: ContextListener: contextDestroyed()
oct 20, 2015 2:31:44 PM org.apache.catalina.core.ApplicationContext log
INFORMACIÓN: ContextListener: contextInitialized()
oct 20, 2015 2:31:44 PM org.apache.catalina.core.ApplicationContext log
INFORMACIÓN: SessionListener: contextInitialized()
oct 20, 2015 2:32:15 PM org.apache.catalina.core.ApplicationContext log
INFORMACIÓN: SessionListener: contextDestroyed()
oct 20, 2015 2:32:15 PM org.apache.catalina.core.ApplicationContext log
INFORMACIÓN: ContextListener: contextDestroyed()
oct 20, 2015 2:32:51 PM org.apache.catalina.core.ApplicationContext log
INFORMACIÓN: ContextListener: contextInitialized()
oct 20, 2015 2:32:51 PM org.apache.catalina.core.ApplicationContext log
INFORMACIÓN: SessionListener: contextInitialized()
oct 20, 2015 2:34:56 PM org.apache.catalina.core.StandardWrapperValve invoke
GRAVE: Servlet.service() para servlet jsp lanzó excepción
tag 'select', field 'list', name 'idDepartamento': The requested list key 'departamentos' could not be resolved as a collection/array/map/enumeration/iterator type. Example: people or people.{name} - [unknown location]
	at org.apache.struts2.components.Component.fieldError(Component.java:240)
	at org.apache.struts2.components.Component.findValue(Component.java:361)
	at org.apache.struts2.components.ListUIBean.evaluateExtraParams(ListUIBean.java:80)
	at org.apache.struts2.components.Select.evaluateExtraParams(Select.java:105)
	at org.apache.struts2.components.UIBean.evaluateParams(UIBean.java:864)
	at org.apache.struts2.components.UIBean.end(UIBean.java:516)
	at org.apache.struts2.views.jsp.ComponentTagSupport.doEndTag(ComponentTagSupport.java:42)
	at org.apache.jsp.Registrar.Categoria_jsp._jspx_meth_s_005fselect_005f0(Categoria_jsp.java:191)
	at org.apache.jsp.Registrar.Categoria_jsp._jspx_meth_s_005fform_005f0(Categoria_jsp.java:122)
	at org.apache.jsp.Registrar.Categoria_jsp._jspService(Categoria_jsp.java:80)
	at org.apache.jasper.runtime.HttpJspBase.service(HttpJspBase.java:70)
	at javax.servlet.http.HttpServlet.service(HttpServlet.java:723)
	at org.apache.jasper.servlet.JspServletWrapper.service(JspServletWrapper.java:388)
	at org.apache.jasper.servlet.JspServlet.serviceJspFile(JspServlet.java:313)
	at org.apache.jasper.servlet.JspServlet.service(JspServlet.java:260)
	at javax.servlet.http.HttpServlet.service(HttpServlet.java:723)
	at org.apache.catalina.core.ApplicationFilterChain.internalDoFilter(ApplicationFilterChain.java:290)
	at org.apache.catalina.core.ApplicationFilterChain.doFilter(ApplicationFilterChain.java:206)
	at org.apache.struts2.dispatcher.FilterDispatcher.doFilter(FilterDispatcher.java:426)
	at org.apache.catalina.core.ApplicationFilterChain.internalDoFilter(ApplicationFilterChain.java:235)
	at org.apache.catalina.core.ApplicationFilterChain.doFilter(ApplicationFilterChain.java:206)
	at org.apache.catalina.core.StandardWrapperValve.invoke(StandardWrapperValve.java:233)
	at org.apache.catalina.core.StandardContextValve.invoke(StandardContextValve.java:191)
	at org.apache.catalina.core.StandardHostValve.invoke(StandardHostValve.java:127)
	at org.apache.catalina.valves.ErrorReportValve.invoke(ErrorReportValve.java:103)
	at org.apache.catalina.core.StandardEngineValve.invoke(StandardEngineValve.java:109)
	at org.apache.catalina.connector.CoyoteAdapter.service(CoyoteAdapter.java:293)
	at org.apache.coyote.http11.Http11AprProcessor.process(Http11AprProcessor.java:879)
	at org.apache.coyote.http11.Http11AprProtocol$Http11ConnectionHandler.process(Http11AprProtocol.java:617)
	at org.apache.tomcat.util.net.AprEndpoint$Worker.run(AprEndpoint.java:1778)
	at java.lang.Thread.run(Thread.java:745)

oct 20, 2015 2:36:54 PM org.apache.catalina.core.StandardWrapperValve invoke
GRAVE: Servlet.service() para servlet jsp lanzó excepción
tag 'select', field 'list', name 'idDepartamento': The requested list key 'departamentos' could not be resolved as a collection/array/map/enumeration/iterator type. Example: people or people.{name} - [unknown location]
	at org.apache.struts2.components.Component.fieldError(Component.java:240)
	at org.apache.struts2.components.Component.findValue(Component.java:361)
	at org.apache.struts2.components.ListUIBean.evaluateExtraParams(ListUIBean.java:80)
	at org.apache.struts2.components.Select.evaluateExtraParams(Select.java:105)
	at org.apache.struts2.components.UIBean.evaluateParams(UIBean.java:864)
	at org.apache.struts2.components.UIBean.end(UIBean.java:516)
	at org.apache.struts2.views.jsp.ComponentTagSupport.doEndTag(ComponentTagSupport.java:42)
	at org.apache.jsp.Registrar.Categoria_jsp._jspx_meth_s_005fselect_005f0(Categoria_jsp.java:191)
	at org.apache.jsp.Registrar.Categoria_jsp._jspx_meth_s_005fform_005f0(Categoria_jsp.java:122)
	at org.apache.jsp.Registrar.Categoria_jsp._jspService(Categoria_jsp.java:80)
	at org.apache.jasper.runtime.HttpJspBase.service(HttpJspBase.java:70)
	at javax.servlet.http.HttpServlet.service(HttpServlet.java:723)
	at org.apache.jasper.servlet.JspServletWrapper.service(JspServletWrapper.java:388)
	at org.apache.jasper.servlet.JspServlet.serviceJspFile(JspServlet.java:313)
	at org.apache.jasper.servlet.JspServlet.service(JspServlet.java:260)
	at javax.servlet.http.HttpServlet.service(HttpServlet.java:723)
	at org.apache.catalina.core.ApplicationFilterChain.internalDoFilter(ApplicationFilterChain.java:290)
	at org.apache.catalina.core.ApplicationFilterChain.doFilter(ApplicationFilterChain.java:206)
	at org.apache.struts2.dispatcher.FilterDispatcher.doFilter(FilterDispatcher.java:426)
	at org.apache.catalina.core.ApplicationFilterChain.internalDoFilter(ApplicationFilterChain.java:235)
	at org.apache.catalina.core.ApplicationFilterChain.doFilter(ApplicationFilterChain.java:206)
	at org.apache.catalina.core.StandardWrapperValve.invoke(StandardWrapperValve.java:233)
	at org.apache.catalina.core.StandardContextValve.invoke(StandardContextValve.java:191)
	at org.apache.catalina.core.StandardHostValve.invoke(StandardHostValve.java:127)
	at org.apache.catalina.valves.ErrorReportValve.invoke(ErrorReportValve.java:103)
	at org.apache.catalina.core.StandardEngineValve.invoke(StandardEngineValve.java:109)
	at org.apache.catalina.connector.CoyoteAdapter.service(CoyoteAdapter.java:293)
	at org.apache.coyote.http11.Http11AprProcessor.process(Http11AprProcessor.java:879)
	at org.apache.coyote.http11.Http11AprProtocol$Http11ConnectionHandler.process(Http11AprProtocol.java:617)
	at org.apache.tomcat.util.net.AprEndpoint$Worker.run(AprEndpoint.java:1778)
	at java.lang.Thread.run(Thread.java:745)

oct 20, 2015 2:43:42 PM org.apache.catalina.core.StandardWrapperValve invoke
GRAVE: Servlet.service() para servlet jsp lanzó excepción
tag 'select', field 'list', name 'idDepartamento': The requested list key 'departamentos' could not be resolved as a collection/array/map/enumeration/iterator type. Example: people or people.{name} - [unknown location]
	at org.apache.struts2.components.Component.fieldError(Component.java:240)
	at org.apache.struts2.components.Component.findValue(Component.java:361)
	at org.apache.struts2.components.ListUIBean.evaluateExtraParams(ListUIBean.java:80)
	at org.apache.struts2.components.Select.evaluateExtraParams(Select.java:105)
	at org.apache.struts2.components.UIBean.evaluateParams(UIBean.java:864)
	at org.apache.struts2.components.UIBean.end(UIBean.java:516)
	at org.apache.struts2.views.jsp.ComponentTagSupport.doEndTag(ComponentTagSupport.java:42)
	at org.apache.jsp.Registrar.Categoria_jsp._jspx_meth_s_005fselect_005f0(Categoria_jsp.java:191)
	at org.apache.jsp.Registrar.Categoria_jsp._jspx_meth_s_005fform_005f0(Categoria_jsp.java:122)
	at org.apache.jsp.Registrar.Categoria_jsp._jspService(Categoria_jsp.java:80)
	at org.apache.jasper.runtime.HttpJspBase.service(HttpJspBase.java:70)
	at javax.servlet.http.HttpServlet.service(HttpServlet.java:723)
	at org.apache.jasper.servlet.JspServletWrapper.service(JspServletWrapper.java:388)
	at org.apache.jasper.servlet.JspServlet.serviceJspFile(JspServlet.java:313)
	at org.apache.jasper.servlet.JspServlet.service(JspServlet.java:260)
	at javax.servlet.http.HttpServlet.service(HttpServlet.java:723)
	at org.apache.catalina.core.ApplicationFilterChain.internalDoFilter(ApplicationFilterChain.java:290)
	at org.apache.catalina.core.ApplicationFilterChain.doFilter(ApplicationFilterChain.java:206)
	at org.apache.struts2.dispatcher.FilterDispatcher.doFilter(FilterDispatcher.java:426)
	at org.apache.catalina.core.ApplicationFilterChain.internalDoFilter(ApplicationFilterChain.java:235)
	at org.apache.catalina.core.ApplicationFilterChain.doFilter(ApplicationFilterChain.java:206)
	at org.apache.catalina.core.StandardWrapperValve.invoke(StandardWrapperValve.java:233)
	at org.apache.catalina.core.StandardContextValve.invoke(StandardContextValve.java:191)
	at org.apache.catalina.core.StandardHostValve.invoke(StandardHostValve.java:127)
	at org.apache.catalina.valves.ErrorReportValve.invoke(ErrorReportValve.java:103)
	at org.apache.catalina.core.StandardEngineValve.invoke(StandardEngineValve.java:109)
	at org.apache.catalina.connector.CoyoteAdapter.service(CoyoteAdapter.java:293)
	at org.apache.coyote.http11.Http11AprProcessor.process(Http11AprProcessor.java:879)
	at org.apache.coyote.http11.Http11AprProtocol$Http11ConnectionHandler.process(Http11AprProtocol.java:617)
	at org.apache.tomcat.util.net.AprEndpoint$Worker.run(AprEndpoint.java:1778)
	at java.lang.Thread.run(Thread.java:745)

oct 20, 2015 2:51:02 PM org.apache.catalina.core.StandardWrapperValve invoke
GRAVE: Servlet.service() para servlet jsp lanzó excepción
tag 'select', field 'list', name 'idDepartamento': The requested list key 'departamentos' could not be resolved as a collection/array/map/enumeration/iterator type. Example: people or people.{name} - [unknown location]
	at org.apache.struts2.components.Component.fieldError(Component.java:240)
	at org.apache.struts2.components.Component.findValue(Component.java:361)
	at org.apache.struts2.components.ListUIBean.evaluateExtraParams(ListUIBean.java:80)
	at org.apache.struts2.components.Select.evaluateExtraParams(Select.java:105)
	at org.apache.struts2.components.UIBean.evaluateParams(UIBean.java:864)
	at org.apache.struts2.components.UIBean.end(UIBean.java:516)
	at org.apache.struts2.views.jsp.ComponentTagSupport.doEndTag(ComponentTagSupport.java:42)
	at org.apache.jsp.Registrar.Categoria_jsp._jspx_meth_s_005fselect_005f0(Categoria_jsp.java:191)
	at org.apache.jsp.Registrar.Categoria_jsp._jspx_meth_s_005fform_005f0(Categoria_jsp.java:122)
	at org.apache.jsp.Registrar.Categoria_jsp._jspService(Categoria_jsp.java:80)
	at org.apache.jasper.runtime.HttpJspBase.service(HttpJspBase.java:70)
	at javax.servlet.http.HttpServlet.service(HttpServlet.java:723)
	at org.apache.jasper.servlet.JspServletWrapper.service(JspServletWrapper.java:388)
	at org.apache.jasper.servlet.JspServlet.serviceJspFile(JspServlet.java:313)
	at org.apache.jasper.servlet.JspServlet.service(JspServlet.java:260)
	at javax.servlet.http.HttpServlet.service(HttpServlet.java:723)
	at org.apache.catalina.core.ApplicationFilterChain.internalDoFilter(ApplicationFilterChain.java:290)
	at org.apache.catalina.core.ApplicationFilterChain.doFilter(ApplicationFilterChain.java:206)
	at org.apache.struts2.dispatcher.FilterDispatcher.doFilter(FilterDispatcher.java:426)
	at org.apache.catalina.core.ApplicationFilterChain.internalDoFilter(ApplicationFilterChain.java:235)
	at org.apache.catalina.core.ApplicationFilterChain.doFilter(ApplicationFilterChain.java:206)
	at org.apache.catalina.core.StandardWrapperValve.invoke(StandardWrapperValve.java:233)
	at org.apache.catalina.core.StandardContextValve.invoke(StandardContextValve.java:191)
	at org.apache.catalina.core.StandardHostValve.invoke(StandardHostValve.java:127)
	at org.apache.catalina.valves.ErrorReportValve.invoke(ErrorReportValve.java:103)
	at org.apache.catalina.core.StandardEngineValve.invoke(StandardEngineValve.java:109)
	at org.apache.catalina.connector.CoyoteAdapter.service(CoyoteAdapter.java:293)
	at org.apache.coyote.http11.Http11AprProcessor.process(Http11AprProcessor.java:879)
	at org.apache.coyote.http11.Http11AprProtocol$Http11ConnectionHandler.process(Http11AprProtocol.java:617)
	at org.apache.tomcat.util.net.AprEndpoint$Worker.run(AprEndpoint.java:1778)
	at java.lang.Thread.run(Thread.java:745)

oct 20, 2015 2:55:05 PM org.apache.catalina.core.ApplicationContext log
INFORMACIÓN: SessionListener: contextDestroyed()
oct 20, 2015 2:55:05 PM org.apache.catalina.core.ApplicationContext log
INFORMACIÓN: ContextListener: contextDestroyed()
oct 20, 2015 2:56:50 PM org.apache.catalina.core.ApplicationContext log
INFORMACIÓN: ContextListener: contextInitialized()
oct 20, 2015 2:56:50 PM org.apache.catalina.core.ApplicationContext log
INFORMACIÓN: SessionListener: contextInitialized()
oct 20, 2015 2:59:40 PM org.apache.catalina.core.ApplicationContext log
INFORMACIÓN: SessionListener: contextDestroyed()
oct 20, 2015 2:59:40 PM org.apache.catalina.core.ApplicationContext log
INFORMACIÓN: ContextListener: contextDestroyed()
oct 20, 2015 3:00:36 PM org.apache.catalina.core.ApplicationContext log
INFORMACIÓN: ContextListener: contextInitialized()
oct 20, 2015 3:00:36 PM org.apache.catalina.core.ApplicationContext log
INFORMACIÓN: SessionListener: contextInitialized()
oct 20, 2015 3:01:45 PM org.apache.catalina.core.ApplicationContext log
INFORMACIÓN: SessionListener: contextDestroyed()
oct 20, 2015 3:01:45 PM org.apache.catalina.core.ApplicationContext log
INFORMACIÓN: ContextListener: contextDestroyed()
oct 20, 2015 3:10:15 PM org.apache.catalina.core.ApplicationContext log
INFORMACIÓN: ContextListener: contextInitialized()
oct 20, 2015 3:10:15 PM org.apache.catalina.core.ApplicationContext log
INFORMACIÓN: SessionListener: contextInitialized()
oct 20, 2015 3:10:36 PM org.apache.catalina.core.StandardWrapperValve invoke
GRAVE: Servlet.service() para servlet jsp lanzó excepción
tag 'select', field 'list', name 'idDepartamentos': The requested list key 'departamentos' could not be resolved as a collection/array/map/enumeration/iterator type. Example: people or people.{name} - [unknown location]
	at org.apache.struts2.components.Component.fieldError(Component.java:240)
	at org.apache.struts2.components.Component.findValue(Component.java:361)
	at org.apache.struts2.components.ListUIBean.evaluateExtraParams(ListUIBean.java:80)
	at org.apache.struts2.components.Select.evaluateExtraParams(Select.java:105)
	at org.apache.struts2.components.UIBean.evaluateParams(UIBean.java:864)
	at org.apache.struts2.components.UIBean.end(UIBean.java:516)
	at org.apache.struts2.views.jsp.ComponentTagSupport.doEndTag(ComponentTagSupport.java:42)
	at org.apache.jsp.Registrar.Categoria_jsp._jspx_meth_s_005fselect_005f0(Categoria_jsp.java:191)
	at org.apache.jsp.Registrar.Categoria_jsp._jspx_meth_s_005fform_005f0(Categoria_jsp.java:122)
	at org.apache.jsp.Registrar.Categoria_jsp._jspService(Categoria_jsp.java:80)
	at org.apache.jasper.runtime.HttpJspBase.service(HttpJspBase.java:70)
	at javax.servlet.http.HttpServlet.service(HttpServlet.java:723)
	at org.apache.jasper.servlet.JspServletWrapper.service(JspServletWrapper.java:388)
	at org.apache.jasper.servlet.JspServlet.serviceJspFile(JspServlet.java:313)
	at org.apache.jasper.servlet.JspServlet.service(JspServlet.java:260)
	at javax.servlet.http.HttpServlet.service(HttpServlet.java:723)
	at org.apache.catalina.core.ApplicationFilterChain.internalDoFilter(ApplicationFilterChain.java:290)
	at org.apache.catalina.core.ApplicationFilterChain.doFilter(ApplicationFilterChain.java:206)
	at org.apache.struts2.dispatcher.FilterDispatcher.doFilter(FilterDispatcher.java:426)
	at org.apache.catalina.core.ApplicationFilterChain.internalDoFilter(ApplicationFilterChain.java:235)
	at org.apache.catalina.core.ApplicationFilterChain.doFilter(ApplicationFilterChain.java:206)
	at org.apache.catalina.core.StandardWrapperValve.invoke(StandardWrapperValve.java:233)
	at org.apache.catalina.core.StandardContextValve.invoke(StandardContextValve.java:191)
	at org.apache.catalina.core.StandardHostValve.invoke(StandardHostValve.java:127)
	at org.apache.catalina.valves.ErrorReportValve.invoke(ErrorReportValve.java:103)
	at org.apache.catalina.core.StandardEngineValve.invoke(StandardEngineValve.java:109)
	at org.apache.catalina.connector.CoyoteAdapter.service(CoyoteAdapter.java:293)
	at org.apache.coyote.http11.Http11AprProcessor.process(Http11AprProcessor.java:879)
	at org.apache.coyote.http11.Http11AprProtocol$Http11ConnectionHandler.process(Http11AprProtocol.java:617)
	at org.apache.tomcat.util.net.AprEndpoint$Worker.run(AprEndpoint.java:1778)
	at java.lang.Thread.run(Thread.java:745)

oct 20, 2015 3:14:19 PM org.apache.catalina.core.StandardWrapperValve invoke
GRAVE: Servlet.service() para servlet jsp lanzó excepción
tag 'select', field 'list', name 'idDepartamentos': The requested list key 'departamentos' could not be resolved as a collection/array/map/enumeration/iterator type. Example: people or people.{name} - [unknown location]
	at org.apache.struts2.components.Component.fieldError(Component.java:240)
	at org.apache.struts2.components.Component.findValue(Component.java:361)
	at org.apache.struts2.components.ListUIBean.evaluateExtraParams(ListUIBean.java:80)
	at org.apache.struts2.components.Select.evaluateExtraParams(Select.java:105)
	at org.apache.struts2.components.UIBean.evaluateParams(UIBean.java:864)
	at org.apache.struts2.components.UIBean.end(UIBean.java:516)
	at org.apache.struts2.views.jsp.ComponentTagSupport.doEndTag(ComponentTagSupport.java:42)
	at org.apache.jsp.Registrar.Categoria_jsp._jspx_meth_s_005fselect_005f0(Categoria_jsp.java:191)
	at org.apache.jsp.Registrar.Categoria_jsp._jspx_meth_s_005fform_005f0(Categoria_jsp.java:122)
	at org.apache.jsp.Registrar.Categoria_jsp._jspService(Categoria_jsp.java:80)
	at org.apache.jasper.runtime.HttpJspBase.service(HttpJspBase.java:70)
	at javax.servlet.http.HttpServlet.service(HttpServlet.java:723)
	at org.apache.jasper.servlet.JspServletWrapper.service(JspServletWrapper.java:388)
	at org.apache.jasper.servlet.JspServlet.serviceJspFile(JspServlet.java:313)
	at org.apache.jasper.servlet.JspServlet.service(JspServlet.java:260)
	at javax.servlet.http.HttpServlet.service(HttpServlet.java:723)
	at org.apache.catalina.core.ApplicationFilterChain.internalDoFilter(ApplicationFilterChain.java:290)
	at org.apache.catalina.core.ApplicationFilterChain.doFilter(ApplicationFilterChain.java:206)
	at org.apache.struts2.dispatcher.FilterDispatcher.doFilter(FilterDispatcher.java:426)
	at org.apache.catalina.core.ApplicationFilterChain.internalDoFilter(ApplicationFilterChain.java:235)
	at org.apache.catalina.core.ApplicationFilterChain.doFilter(ApplicationFilterChain.java:206)
	at org.apache.catalina.core.StandardWrapperValve.invoke(StandardWrapperValve.java:233)
	at org.apache.catalina.core.StandardContextValve.invoke(StandardContextValve.java:191)
	at org.apache.catalina.core.StandardHostValve.invoke(StandardHostValve.java:127)
	at org.apache.catalina.valves.ErrorReportValve.invoke(ErrorReportValve.java:103)
	at org.apache.catalina.core.StandardEngineValve.invoke(StandardEngineValve.java:109)
	at org.apache.catalina.connector.CoyoteAdapter.service(CoyoteAdapter.java:293)
	at org.apache.coyote.http11.Http11AprProcessor.process(Http11AprProcessor.java:879)
	at org.apache.coyote.http11.Http11AprProtocol$Http11ConnectionHandler.process(Http11AprProtocol.java:617)
	at org.apache.tomcat.util.net.AprEndpoint$Worker.run(AprEndpoint.java:1778)
	at java.lang.Thread.run(Thread.java:745)

oct 20, 2015 3:15:04 PM org.apache.catalina.core.StandardWrapperValve invoke
GRAVE: Servlet.service() para servlet jsp lanzó excepción
tag 'select', field 'list', name 'idDepartamentos': The requested list key 'departamentos' could not be resolved as a collection/array/map/enumeration/iterator type. Example: people or people.{name} - [unknown location]
	at org.apache.struts2.components.Component.fieldError(Component.java:240)
	at org.apache.struts2.components.Component.findValue(Component.java:361)
	at org.apache.struts2.components.ListUIBean.evaluateExtraParams(ListUIBean.java:80)
	at org.apache.struts2.components.Select.evaluateExtraParams(Select.java:105)
	at org.apache.struts2.components.UIBean.evaluateParams(UIBean.java:864)
	at org.apache.struts2.components.UIBean.end(UIBean.java:516)
	at org.apache.struts2.views.jsp.ComponentTagSupport.doEndTag(ComponentTagSupport.java:42)
	at org.apache.jsp.Registrar.Categoria_jsp._jspx_meth_s_005fselect_005f0(Categoria_jsp.java:191)
	at org.apache.jsp.Registrar.Categoria_jsp._jspx_meth_s_005fform_005f0(Categoria_jsp.java:122)
	at org.apache.jsp.Registrar.Categoria_jsp._jspService(Categoria_jsp.java:80)
	at org.apache.jasper.runtime.HttpJspBase.service(HttpJspBase.java:70)
	at javax.servlet.http.HttpServlet.service(HttpServlet.java:723)
	at org.apache.jasper.servlet.JspServletWrapper.service(JspServletWrapper.java:388)
	at org.apache.jasper.servlet.JspServlet.serviceJspFile(JspServlet.java:313)
	at org.apache.jasper.servlet.JspServlet.service(JspServlet.java:260)
	at javax.servlet.http.HttpServlet.service(HttpServlet.java:723)
	at org.apache.catalina.core.ApplicationFilterChain.internalDoFilter(ApplicationFilterChain.java:290)
	at org.apache.catalina.core.ApplicationFilterChain.doFilter(ApplicationFilterChain.java:206)
	at org.apache.struts2.dispatcher.FilterDispatcher.doFilter(FilterDispatcher.java:426)
	at org.apache.catalina.core.ApplicationFilterChain.internalDoFilter(ApplicationFilterChain.java:235)
	at org.apache.catalina.core.ApplicationFilterChain.doFilter(ApplicationFilterChain.java:206)
	at org.apache.catalina.core.StandardWrapperValve.invoke(StandardWrapperValve.java:233)
	at org.apache.catalina.core.StandardContextValve.invoke(StandardContextValve.java:191)
	at org.apache.catalina.core.StandardHostValve.invoke(StandardHostValve.java:127)
	at org.apache.catalina.valves.ErrorReportValve.invoke(ErrorReportValve.java:103)
	at org.apache.catalina.core.StandardEngineValve.invoke(StandardEngineValve.java:109)
	at org.apache.catalina.connector.CoyoteAdapter.service(CoyoteAdapter.java:293)
	at org.apache.coyote.http11.Http11AprProcessor.process(Http11AprProcessor.java:879)
	at org.apache.coyote.http11.Http11AprProtocol$Http11ConnectionHandler.process(Http11AprProtocol.java:617)
	at org.apache.tomcat.util.net.AprEndpoint$Worker.run(AprEndpoint.java:1778)
	at java.lang.Thread.run(Thread.java:745)

