nov 04, 2015 10:03:46 AM org.apache.catalina.core.ApplicationContext log
INFORMACIÓN: ContextListener: contextInitialized()
nov 04, 2015 10:03:46 AM org.apache.catalina.core.ApplicationContext log
INFORMACIÓN: SessionListener: contextInitialized()
nov 04, 2015 10:59:23 AM org.apache.catalina.core.StandardContext filterStart
GRAVE: Excepción arrancando filtro struts2
Unable to load configuration. - action - file:/C:/Users/Comodin/Documents/GitHub/Integradora4D/Integradora4D/build/web/WEB-INF/classes/struts.xml:86:93
	at org.apache.struts2.dispatcher.Dispatcher.init(Dispatcher.java:450)
	at org.apache.struts2.dispatcher.FilterDispatcher.init(FilterDispatcher.java:193)
	at org.apache.catalina.core.ApplicationFilterConfig.getFilter(ApplicationFilterConfig.java:298)
	at org.apache.catalina.core.ApplicationFilterConfig.<init>(ApplicationFilterConfig.java:119)
	at org.apache.catalina.core.StandardContext.filterStart(StandardContext.java:4076)
	at org.apache.catalina.core.StandardContext.start(StandardContext.java:4730)
	at org.apache.catalina.core.StandardContext.reload(StandardContext.java:3465)
	at org.apache.catalina.manager.ManagerServlet.reload(ManagerServlet.java:943)
	at org.apache.catalina.manager.ManagerServlet.doGet(ManagerServlet.java:361)
	at javax.servlet.http.HttpServlet.service(HttpServlet.java:617)
	at javax.servlet.http.HttpServlet.service(HttpServlet.java:723)
	at org.apache.catalina.core.ApplicationFilterChain.internalDoFilter(ApplicationFilterChain.java:290)
	at org.apache.catalina.core.ApplicationFilterChain.doFilter(ApplicationFilterChain.java:206)
	at org.apache.catalina.core.StandardWrapperValve.invoke(StandardWrapperValve.java:233)
	at org.apache.catalina.core.StandardContextValve.invoke(StandardContextValve.java:191)
	at org.apache.catalina.authenticator.AuthenticatorBase.invoke(AuthenticatorBase.java:563)
	at org.apache.catalina.core.StandardHostValve.invoke(StandardHostValve.java:127)
	at org.apache.catalina.valves.ErrorReportValve.invoke(ErrorReportValve.java:103)
	at org.apache.catalina.core.StandardEngineValve.invoke(StandardEngineValve.java:109)
	at org.apache.catalina.connector.CoyoteAdapter.service(CoyoteAdapter.java:293)
	at org.apache.coyote.http11.Http11AprProcessor.process(Http11AprProcessor.java:879)
	at org.apache.coyote.http11.Http11AprProtocol$Http11ConnectionHandler.process(Http11AprProtocol.java:617)
	at org.apache.tomcat.util.net.AprEndpoint$Worker.run(AprEndpoint.java:1778)
	at java.lang.Thread.run(Thread.java:745)
Caused by: Unable to load configuration. - action - file:/C:/Users/Comodin/Documents/GitHub/Integradora4D/Integradora4D/build/web/WEB-INF/classes/struts.xml:86:93
	at com.opensymphony.xwork2.config.ConfigurationManager.getConfiguration(ConfigurationManager.java:69)
	at org.apache.struts2.dispatcher.Dispatcher.init_PreloadConfiguration(Dispatcher.java:390)
	at org.apache.struts2.dispatcher.Dispatcher.init(Dispatcher.java:437)
	... 23 more
Caused by: Action class [Operaciones.DEPARTAMENTO] not found - action - file:/C:/Users/Comodin/Documents/GitHub/Integradora4D/Integradora4D/build/web/WEB-INF/classes/struts.xml:86:93
	at com.opensymphony.xwork2.config.providers.XmlConfigurationProvider.verifyAction(XmlConfigurationProvider.java:434)
	at com.opensymphony.xwork2.config.providers.XmlConfigurationProvider.addAction(XmlConfigurationProvider.java:378)
	at com.opensymphony.xwork2.config.providers.XmlConfigurationProvider.addPackage(XmlConfigurationProvider.java:495)
	at com.opensymphony.xwork2.config.providers.XmlConfigurationProvider.loadPackages(XmlConfigurationProvider.java:286)
	at org.apache.struts2.config.StrutsXmlConfigurationProvider.loadPackages(StrutsXmlConfigurationProvider.java:112)
	at com.opensymphony.xwork2.config.impl.DefaultConfiguration.reloadContainer(DefaultConfiguration.java:234)
	at com.opensymphony.xwork2.config.ConfigurationManager.getConfiguration(ConfigurationManager.java:66)
	... 25 more

nov 04, 2015 11:42:47 AM org.apache.catalina.core.ApplicationContext log
INFORMACIÓN: SessionListener: contextDestroyed()
nov 04, 2015 11:42:47 AM org.apache.catalina.core.ApplicationContext log
INFORMACIÓN: ContextListener: contextDestroyed()
nov 04, 2015 4:24:23 PM org.apache.catalina.core.ApplicationContext log
INFORMACIÓN: ContextListener: contextInitialized()
nov 04, 2015 4:24:23 PM org.apache.catalina.core.ApplicationContext log
INFORMACIÓN: SessionListener: contextInitialized()
nov 04, 2015 11:16:51 PM org.apache.catalina.core.ApplicationContext log
INFORMACIÓN: SessionListener: contextDestroyed()
nov 04, 2015 11:16:51 PM org.apache.catalina.core.ApplicationContext log
INFORMACIÓN: ContextListener: contextDestroyed()
