nov 26, 2015 2:42:43 AM org.apache.catalina.core.ApplicationContext log
INFORMACIÓN: ContextListener: contextInitialized()
nov 26, 2015 2:42:43 AM org.apache.catalina.core.ApplicationContext log
INFORMACIÓN: SessionListener: contextInitialized()
nov 26, 2015 2:42:49 AM org.apache.catalina.core.StandardContext filterStart
GRAVE: Excepción arrancando filtro struts2
Unable to load configuration. - action - file:/C:/Users/spown/Documents/GitHub/Integradora4D/Integradora4D/build/web/WEB-INF/classes/struts.xml:164:84
	at org.apache.struts2.dispatcher.Dispatcher.init(Dispatcher.java:450)
	at org.apache.struts2.dispatcher.FilterDispatcher.init(FilterDispatcher.java:193)
	at org.apache.catalina.core.ApplicationFilterConfig.getFilter(ApplicationFilterConfig.java:298)
	at org.apache.catalina.core.ApplicationFilterConfig.<init>(ApplicationFilterConfig.java:119)
	at org.apache.catalina.core.StandardContext.filterStart(StandardContext.java:4076)
	at org.apache.catalina.core.StandardContext.start(StandardContext.java:4730)
	at org.apache.catalina.core.ContainerBase.addChildInternal(ContainerBase.java:802)
	at org.apache.catalina.core.ContainerBase.addChild(ContainerBase.java:779)
	at org.apache.catalina.core.StandardHost.addChild(StandardHost.java:583)
	at org.apache.catalina.startup.HostConfig.deployDescriptor(HostConfig.java:676)
	at org.apache.catalina.startup.HostConfig.deployApps(HostConfig.java:560)
	at org.apache.catalina.startup.HostConfig.check(HostConfig.java:1402)
	at sun.reflect.NativeMethodAccessorImpl.invoke0(Native Method)
	at sun.reflect.NativeMethodAccessorImpl.invoke(NativeMethodAccessorImpl.java:62)
	at sun.reflect.DelegatingMethodAccessorImpl.invoke(DelegatingMethodAccessorImpl.java:43)
	at java.lang.reflect.Method.invoke(Method.java:497)
	at org.apache.tomcat.util.modeler.BaseModelMBean.invoke(BaseModelMBean.java:297)
	at com.sun.jmx.interceptor.DefaultMBeanServerInterceptor.invoke(DefaultMBeanServerInterceptor.java:819)
	at com.sun.jmx.mbeanserver.JmxMBeanServer.invoke(JmxMBeanServer.java:801)
	at org.apache.catalina.manager.ManagerServlet.check(ManagerServlet.java:1500)
	at org.apache.catalina.manager.ManagerServlet.deploy(ManagerServlet.java:849)
	at org.apache.catalina.manager.ManagerServlet.doGet(ManagerServlet.java:351)
	at javax.servlet.http.HttpServlet.service(HttpServlet.java:617)
	at javax.servlet.http.HttpServlet.service(HttpServlet.java:723)
	at org.apache.catalina.core.ApplicationFilterChain.internalDoFilter(ApplicationFilterChain.java:290)
	at org.apache.catalina.core.ApplicationFilterChain.doFilter(ApplicationFilterChain.java:206)
	at org.apache.catalina.core.StandardWrapperValve.invoke(StandardWrapperValve.java:233)
	at org.apache.catalina.core.StandardContextValve.invoke(StandardContextValve.java:191)
	at org.apache.catalina.authenticator.AuthenticatorBase.invoke(AuthenticatorBase.java:563)
	at org.apache.catalina.core.StandardHostValve.invoke(StandardHostValve.java:127)
	at org.apache.catalina.valves.ErrorReportValve.invoke(ErrorReportValve.java:103)
	at org.apache.catalina.core.StandardEngineValve.invoke(StandardEngineValve.java:109)
	at org.apache.catalina.connector.CoyoteAdapter.service(CoyoteAdapter.java:293)
	at org.apache.coyote.http11.Http11AprProcessor.process(Http11AprProcessor.java:879)
	at org.apache.coyote.http11.Http11AprProtocol$Http11ConnectionHandler.process(Http11AprProtocol.java:617)
	at org.apache.tomcat.util.net.AprEndpoint$Worker.run(AprEndpoint.java:1778)
	at java.lang.Thread.run(Thread.java:745)
Caused by: Unable to load configuration. - action - file:/C:/Users/spown/Documents/GitHub/Integradora4D/Integradora4D/build/web/WEB-INF/classes/struts.xml:164:84
	at com.opensymphony.xwork2.config.ConfigurationManager.getConfiguration(ConfigurationManager.java:69)
	at org.apache.struts2.dispatcher.Dispatcher.init_PreloadConfiguration(Dispatcher.java:390)
	at org.apache.struts2.dispatcher.Dispatcher.init(Dispatcher.java:437)
	... 36 more
Caused by: Error building results for action FullReportAdmin in namespace  - action - file:/C:/Users/spown/Documents/GitHub/Integradora4D/Integradora4D/build/web/WEB-INF/classes/struts.xml:164:84
	at com.opensymphony.xwork2.config.providers.XmlConfigurationProvider.addAction(XmlConfigurationProvider.java:389)
	at com.opensymphony.xwork2.config.providers.XmlConfigurationProvider.addPackage(XmlConfigurationProvider.java:495)
	at com.opensymphony.xwork2.config.providers.XmlConfigurationProvider.loadPackages(XmlConfigurationProvider.java:286)
	at org.apache.struts2.config.StrutsXmlConfigurationProvider.loadPackages(StrutsXmlConfigurationProvider.java:112)
	at com.opensymphony.xwork2.config.impl.DefaultConfiguration.reloadContainer(DefaultConfiguration.java:234)
	at com.opensymphony.xwork2.config.ConfigurationManager.getConfiguration(ConfigurationManager.java:66)
	... 38 more
Caused by: There is no result type defined for type 'jasper' mapped with name 'success'.  Did you mean 'jasper'? - result - file:/C:/Users/spown/Documents/GitHub/Integradora4D/Integradora4D/build/web/WEB-INF/classes/struts.xml:165:54
	at com.opensymphony.xwork2.config.providers.XmlConfigurationProvider.buildResults(XmlConfigurationProvider.java:653)
	at com.opensymphony.xwork2.config.providers.XmlConfigurationProvider.addAction(XmlConfigurationProvider.java:387)
	... 43 more

nov 26, 2015 3:05:21 AM org.apache.catalina.core.ApplicationContext log
INFORMACIÓN: SessionListener: contextDestroyed()
nov 26, 2015 3:05:21 AM org.apache.catalina.core.ApplicationContext log
INFORMACIÓN: ContextListener: contextDestroyed()
nov 26, 2015 8:39:52 AM org.apache.catalina.core.ApplicationContext log
INFORMACIÓN: ContextListener: contextInitialized()
nov 26, 2015 8:39:52 AM org.apache.catalina.core.ApplicationContext log
INFORMACIÓN: SessionListener: contextInitialized()
nov 26, 2015 9:44:35 AM org.apache.catalina.core.ApplicationContext log
INFORMACIÓN: SessionListener: contextDestroyed()
nov 26, 2015 9:44:35 AM org.apache.catalina.core.ApplicationContext log
INFORMACIÓN: ContextListener: contextDestroyed()
nov 26, 2015 11:46:42 AM org.apache.catalina.core.ApplicationContext log
INFORMACIÓN: ContextListener: contextInitialized()
nov 26, 2015 11:46:42 AM org.apache.catalina.core.ApplicationContext log
INFORMACIÓN: SessionListener: contextInitialized()
nov 26, 2015 11:50:35 AM org.apache.catalina.core.ApplicationContext log
INFORMACIÓN: SessionListener: contextDestroyed()
nov 26, 2015 11:50:35 AM org.apache.catalina.core.ApplicationContext log
INFORMACIÓN: ContextListener: contextDestroyed()
