nov 03, 2015 10:48:16 AM org.apache.catalina.core.ApplicationContext log
INFORMACIÓN: Manager: init: Associated with Deployer 'Catalina:type=Deployer,host=localhost'
nov 03, 2015 10:48:16 AM org.apache.catalina.core.ApplicationContext log
INFORMACIÓN: Manager: init: Global resources are available
nov 03, 2015 10:48:16 AM org.apache.catalina.core.ApplicationContext log
INFORMACIÓN: Manager: list: Listing contexts for virtual host 'localhost'
nov 03, 2015 10:48:16 AM org.apache.catalina.core.ApplicationContext log
INFORMACIÓN: Manager: list: Listing contexts for virtual host 'localhost'
nov 03, 2015 10:48:16 AM org.apache.catalina.core.ApplicationContext log
INFORMACIÓN: Manager: undeploy: Undeploying web application at '/Integradora4D'
nov 03, 2015 10:48:18 AM org.apache.catalina.core.ApplicationContext log
INFORMACIÓN: Manager: install: Installing context configuration at 'file:/C:/Users/Comodin/AppData/Local/Temp/context7837186564832287749.xml'
nov 03, 2015 10:54:53 AM org.apache.catalina.core.ApplicationContext log
INFORMACIÓN: Manager: list: Listing contexts for virtual host 'localhost'
nov 03, 2015 10:54:53 AM org.apache.catalina.core.ApplicationContext log
INFORMACIÓN: Manager: restart: Reloading web application at '/Integradora4D'
nov 03, 2015 10:54:55 AM org.apache.catalina.core.ApplicationContext log
INFORMACIÓN: Manager: list: Listing contexts for virtual host 'localhost'
nov 03, 2015 10:54:55 AM org.apache.catalina.core.ApplicationContext log
INFORMACIÓN: Manager: restart: Reloading web application at '/Integradora4D'
nov 03, 2015 10:55:33 AM org.apache.catalina.core.ApplicationContext log
INFORMACIÓN: Manager: list: Listing contexts for virtual host 'localhost'
nov 03, 2015 10:57:48 AM org.apache.catalina.core.ApplicationContext log
INFORMACIÓN: Manager: list: Listing contexts for virtual host 'localhost'
nov 03, 2015 10:57:48 AM org.apache.catalina.core.ApplicationContext log
INFORMACIÓN: Manager: restart: Reloading web application at '/Integradora4D'
nov 03, 2015 10:59:36 AM org.apache.catalina.core.ApplicationContext log
INFORMACIÓN: Manager: list: Listing contexts for virtual host 'localhost'
nov 03, 2015 10:59:36 AM org.apache.catalina.core.ApplicationContext log
INFORMACIÓN: Manager: restart: Reloading web application at '/Integradora4D'
nov 03, 2015 11:01:35 AM org.apache.catalina.core.ApplicationContext log
INFORMACIÓN: Manager: list: Listing contexts for virtual host 'localhost'
nov 03, 2015 11:01:35 AM org.apache.catalina.core.ApplicationContext log
INFORMACIÓN: Manager: restart: Reloading web application at '/Integradora4D'
nov 03, 2015 11:02:05 AM org.apache.catalina.core.ApplicationContext log
INFORMACIÓN: Manager: list: Listing contexts for virtual host 'localhost'
nov 03, 2015 11:02:05 AM org.apache.catalina.core.ApplicationContext log
INFORMACIÓN: Manager: restart: Reloading web application at '/Integradora4D'
nov 03, 2015 11:02:11 AM org.apache.catalina.core.ApplicationContext log
INFORMACIÓN: Manager: list: Listing contexts for virtual host 'localhost'
nov 03, 2015 11:02:18 AM org.apache.catalina.core.ApplicationContext log
INFORMACIÓN: Manager: list: Listing contexts for virtual host 'localhost'
nov 03, 2015 11:02:18 AM org.apache.catalina.core.ApplicationContext log
INFORMACIÓN: Manager: list: Listing contexts for virtual host 'localhost'
nov 03, 2015 11:02:18 AM org.apache.catalina.core.ApplicationContext log
INFORMACIÓN: Manager: restart: Reloading web application at '/Integradora4D'
nov 03, 2015 11:04:03 AM org.apache.catalina.core.ApplicationContext log
INFORMACIÓN: Manager: list: Listing contexts for virtual host 'localhost'
nov 03, 2015 11:07:19 AM org.apache.catalina.core.ApplicationContext log
INFORMACIÓN: Manager: list: Listing contexts for virtual host 'localhost'
nov 03, 2015 11:07:19 AM org.apache.catalina.core.ApplicationContext log
INFORMACIÓN: Manager: restart: Reloading web application at '/Integradora4D'
nov 03, 2015 11:09:52 AM org.apache.catalina.core.ApplicationContext log
INFORMACIÓN: Manager: list: Listing contexts for virtual host 'localhost'
nov 03, 2015 11:10:12 AM org.apache.catalina.core.ApplicationContext log
INFORMACIÓN: Manager: list: Listing contexts for virtual host 'localhost'
nov 03, 2015 11:11:59 AM org.apache.catalina.core.ApplicationContext log
INFORMACIÓN: Manager: list: Listing contexts for virtual host 'localhost'
nov 03, 2015 11:13:41 AM org.apache.catalina.core.ApplicationContext log
INFORMACIÓN: Manager: list: Listing contexts for virtual host 'localhost'
nov 03, 2015 11:13:41 AM org.apache.catalina.core.ApplicationContext log
INFORMACIÓN: Manager: restart: Reloading web application at '/Integradora4D'
nov 03, 2015 11:14:30 AM org.apache.catalina.core.ApplicationContext log
INFORMACIÓN: Manager: list: Listing contexts for virtual host 'localhost'
nov 03, 2015 11:14:30 AM org.apache.catalina.core.ApplicationContext log
INFORMACIÓN: Manager: restart: Reloading web application at '/Integradora4D'
nov 03, 2015 11:14:40 AM org.apache.catalina.core.ApplicationContext log
INFORMACIÓN: Manager: list: Listing contexts for virtual host 'localhost'
nov 03, 2015 11:14:40 AM org.apache.catalina.core.ApplicationContext log
INFORMACIÓN: Manager: list: Listing contexts for virtual host 'localhost'
nov 03, 2015 11:14:40 AM org.apache.catalina.core.ApplicationContext log
INFORMACIÓN: Manager: restart: Reloading web application at '/Integradora4D'
nov 03, 2015 12:37:08 PM org.apache.catalina.core.ApplicationContext log
INFORMACIÓN: Manager: list: Listing contexts for virtual host 'localhost'
nov 03, 2015 12:37:12 PM org.apache.catalina.core.ApplicationContext log
INFORMACIÓN: Manager: list: Listing contexts for virtual host 'localhost'
nov 03, 2015 12:37:21 PM org.apache.catalina.core.ApplicationContext log
INFORMACIÓN: Manager: list: Listing contexts for virtual host 'localhost'
nov 03, 2015 12:37:21 PM org.apache.catalina.core.ApplicationContext log
INFORMACIÓN: Manager: list: Listing contexts for virtual host 'localhost'
nov 03, 2015 12:38:41 PM org.apache.catalina.core.ApplicationContext log
INFORMACIÓN: Manager: list: Listing contexts for virtual host 'localhost'
nov 03, 2015 12:38:53 PM org.apache.catalina.core.ApplicationContext log
INFORMACIÓN: Manager: list: Listing contexts for virtual host 'localhost'
nov 03, 2015 12:38:53 PM org.apache.catalina.core.ApplicationContext log
INFORMACIÓN: Manager: restart: Reloading web application at '/Integradora4D'
nov 03, 2015 12:40:05 PM org.apache.catalina.core.ApplicationContext log
INFORMACIÓN: Manager: list: Listing contexts for virtual host 'localhost'
nov 03, 2015 12:40:05 PM org.apache.catalina.core.ApplicationContext log
INFORMACIÓN: Manager: restart: Reloading web application at '/Integradora4D'
nov 03, 2015 12:40:12 PM org.apache.catalina.core.ApplicationContext log
INFORMACIÓN: Manager: list: Listing contexts for virtual host 'localhost'
nov 03, 2015 12:40:12 PM org.apache.catalina.core.ApplicationContext log
INFORMACIÓN: Manager: restart: Reloading web application at '/Integradora4D'
nov 03, 2015 12:43:03 PM org.apache.catalina.core.ApplicationContext log
INFORMACIÓN: Manager: list: Listing contexts for virtual host 'localhost'
nov 03, 2015 12:43:03 PM org.apache.catalina.core.ApplicationContext log
INFORMACIÓN: Manager: restart: Reloading web application at '/Integradora4D'
nov 03, 2015 12:43:45 PM org.apache.catalina.core.ApplicationContext log
INFORMACIÓN: Manager: list: Listing contexts for virtual host 'localhost'
nov 03, 2015 12:43:45 PM org.apache.catalina.core.ApplicationContext log
INFORMACIÓN: Manager: list: Listing contexts for virtual host 'localhost'
nov 03, 2015 12:43:45 PM org.apache.catalina.core.ApplicationContext log
INFORMACIÓN: Manager: restart: Reloading web application at '/Integradora4D'
nov 03, 2015 12:46:38 PM org.apache.catalina.core.ApplicationContext log
INFORMACIÓN: Manager: list: Listing contexts for virtual host 'localhost'
nov 03, 2015 12:46:38 PM org.apache.catalina.core.ApplicationContext log
INFORMACIÓN: Manager: restart: Reloading web application at '/Integradora4D'
nov 03, 2015 12:47:51 PM org.apache.catalina.core.ApplicationContext log
INFORMACIÓN: Manager: list: Listing contexts for virtual host 'localhost'
nov 03, 2015 12:47:51 PM org.apache.catalina.core.ApplicationContext log
INFORMACIÓN: Manager: restart: Reloading web application at '/Integradora4D'
nov 03, 2015 12:48:09 PM org.apache.catalina.core.ApplicationContext log
INFORMACIÓN: Manager: list: Listing contexts for virtual host 'localhost'
nov 03, 2015 12:48:09 PM org.apache.catalina.core.ApplicationContext log
INFORMACIÓN: Manager: list: Listing contexts for virtual host 'localhost'
nov 03, 2015 12:48:09 PM org.apache.catalina.core.ApplicationContext log
INFORMACIÓN: Manager: restart: Reloading web application at '/Integradora4D'
nov 03, 2015 12:49:22 PM org.apache.catalina.core.ApplicationContext log
INFORMACIÓN: Manager: list: Listing contexts for virtual host 'localhost'
nov 03, 2015 12:49:22 PM org.apache.catalina.core.ApplicationContext log
INFORMACIÓN: Manager: restart: Reloading web application at '/Integradora4D'
nov 03, 2015 12:49:38 PM org.apache.catalina.core.ApplicationContext log
INFORMACIÓN: Manager: list: Listing contexts for virtual host 'localhost'
nov 03, 2015 12:49:38 PM org.apache.catalina.core.ApplicationContext log
INFORMACIÓN: Manager: list: Listing contexts for virtual host 'localhost'
nov 03, 2015 12:49:38 PM org.apache.catalina.core.ApplicationContext log
INFORMACIÓN: Manager: restart: Reloading web application at '/Integradora4D'
nov 03, 2015 12:52:03 PM org.apache.catalina.core.ApplicationContext log
INFORMACIÓN: Manager: list: Listing contexts for virtual host 'localhost'
nov 03, 2015 12:52:03 PM org.apache.catalina.core.ApplicationContext log
INFORMACIÓN: Manager: restart: Reloading web application at '/Integradora4D'
nov 03, 2015 12:52:05 PM org.apache.catalina.core.ApplicationContext log
INFORMACIÓN: Manager: list: Listing contexts for virtual host 'localhost'
nov 03, 2015 12:52:05 PM org.apache.catalina.core.ApplicationContext log
INFORMACIÓN: Manager: restart: Reloading web application at '/Integradora4D'
nov 03, 2015 12:52:08 PM org.apache.catalina.core.ApplicationContext log
INFORMACIÓN: Manager: list: Listing contexts for virtual host 'localhost'
nov 03, 2015 12:52:08 PM org.apache.catalina.core.ApplicationContext log
INFORMACIÓN: Manager: undeploy: Undeploying web application at '/Integradora4D'
nov 03, 2015 12:52:29 PM org.apache.catalina.core.ApplicationContext log
INFORMACIÓN: Manager: list: Listing contexts for virtual host 'localhost'
nov 03, 2015 12:52:29 PM org.apache.catalina.core.ApplicationContext log
INFORMACIÓN: Manager: list: Listing contexts for virtual host 'localhost'
nov 03, 2015 12:52:29 PM org.apache.catalina.core.ApplicationContext log
INFORMACIÓN: Manager: install: Installing context configuration at 'file:/C:/Users/Comodin/AppData/Local/Temp/context6469794037927739953.xml'
nov 03, 2015 12:52:31 PM org.apache.catalina.core.ApplicationContext log
INFORMACIÓN: Manager: start: Starting web application at '/Integradora4D'
nov 03, 2015 12:55:37 PM org.apache.catalina.core.ApplicationContext log
INFORMACIÓN: Manager: list: Listing contexts for virtual host 'localhost'
nov 03, 2015 12:55:37 PM org.apache.catalina.core.ApplicationContext log
INFORMACIÓN: Manager: restart: Reloading web application at '/Integradora4D'
nov 03, 2015 12:55:52 PM org.apache.catalina.core.ApplicationContext log
INFORMACIÓN: Manager: list: Listing contexts for virtual host 'localhost'
nov 03, 2015 12:55:52 PM org.apache.catalina.core.ApplicationContext log
INFORMACIÓN: Manager: restart: Reloading web application at '/Integradora4D'
nov 03, 2015 12:59:01 PM org.apache.catalina.core.ApplicationContext log
INFORMACIÓN: Manager: list: Listing contexts for virtual host 'localhost'
nov 03, 2015 12:59:01 PM org.apache.catalina.core.ApplicationContext log
INFORMACIÓN: Manager: restart: Reloading web application at '/Integradora4D'
nov 03, 2015 1:00:10 PM org.apache.catalina.core.ApplicationContext log
INFORMACIÓN: Manager: list: Listing contexts for virtual host 'localhost'
nov 03, 2015 1:00:10 PM org.apache.catalina.core.ApplicationContext log
INFORMACIÓN: Manager: restart: Reloading web application at '/Integradora4D'
nov 03, 2015 1:00:34 PM org.apache.catalina.core.ApplicationContext log
INFORMACIÓN: Manager: list: Listing contexts for virtual host 'localhost'
nov 03, 2015 1:00:34 PM org.apache.catalina.core.ApplicationContext log
INFORMACIÓN: Manager: list: Listing contexts for virtual host 'localhost'
nov 03, 2015 1:00:34 PM org.apache.catalina.core.ApplicationContext log
INFORMACIÓN: Manager: restart: Reloading web application at '/Integradora4D'
nov 03, 2015 1:02:24 PM org.apache.catalina.core.ApplicationContext log
INFORMACIÓN: Manager: list: Listing contexts for virtual host 'localhost'
nov 03, 2015 1:02:24 PM org.apache.catalina.core.ApplicationContext log
INFORMACIÓN: Manager: restart: Reloading web application at '/Integradora4D'
nov 03, 2015 1:03:18 PM org.apache.catalina.core.ApplicationContext log
INFORMACIÓN: Manager: list: Listing contexts for virtual host 'localhost'
nov 03, 2015 1:03:18 PM org.apache.catalina.core.ApplicationContext log
INFORMACIÓN: Manager: restart: Reloading web application at '/Integradora4D'
nov 03, 2015 1:04:17 PM org.apache.catalina.core.ApplicationContext log
INFORMACIÓN: Manager: list: Listing contexts for virtual host 'localhost'
nov 03, 2015 1:04:17 PM org.apache.catalina.core.ApplicationContext log
INFORMACIÓN: Manager: restart: Reloading web application at '/Integradora4D'
nov 03, 2015 1:04:55 PM org.apache.catalina.core.ApplicationContext log
INFORMACIÓN: Manager: list: Listing contexts for virtual host 'localhost'
nov 03, 2015 1:04:55 PM org.apache.catalina.core.ApplicationContext log
INFORMACIÓN: Manager: restart: Reloading web application at '/Integradora4D'
nov 03, 2015 1:05:10 PM org.apache.catalina.core.ApplicationContext log
INFORMACIÓN: Manager: list: Listing contexts for virtual host 'localhost'
nov 03, 2015 1:05:10 PM org.apache.catalina.core.ApplicationContext log
INFORMACIÓN: Manager: restart: Reloading web application at '/Integradora4D'
nov 03, 2015 1:05:13 PM org.apache.catalina.core.ApplicationContext log
INFORMACIÓN: Manager: list: Listing contexts for virtual host 'localhost'
nov 03, 2015 1:05:13 PM org.apache.catalina.core.ApplicationContext log
INFORMACIÓN: Manager: list: Listing contexts for virtual host 'localhost'
nov 03, 2015 1:05:13 PM org.apache.catalina.core.ApplicationContext log
INFORMACIÓN: Manager: restart: Reloading web application at '/Integradora4D'
nov 03, 2015 1:05:50 PM org.apache.catalina.core.ApplicationContext log
INFORMACIÓN: Manager: list: Listing contexts for virtual host 'localhost'
nov 03, 2015 1:05:50 PM org.apache.catalina.core.ApplicationContext log
INFORMACIÓN: Manager: restart: Reloading web application at '/Integradora4D'
nov 03, 2015 1:06:10 PM org.apache.catalina.core.ApplicationContext log
INFORMACIÓN: Manager: list: Listing contexts for virtual host 'localhost'
nov 03, 2015 1:06:10 PM org.apache.catalina.core.ApplicationContext log
INFORMACIÓN: Manager: restart: Reloading web application at '/Integradora4D'
nov 03, 2015 1:06:38 PM org.apache.catalina.core.ApplicationContext log
INFORMACIÓN: Manager: list: Listing contexts for virtual host 'localhost'
nov 03, 2015 1:06:38 PM org.apache.catalina.core.ApplicationContext log
INFORMACIÓN: Manager: restart: Reloading web application at '/Integradora4D'
