oct 11, 2015 2:26:21 PM org.apache.catalina.core.ApplicationContext log
INFORMACIÓN: Manager: init: Associated with Deployer 'Catalina:type=Deployer,host=localhost'
oct 11, 2015 2:26:21 PM org.apache.catalina.core.ApplicationContext log
INFORMACIÓN: Manager: init: Global resources are available
oct 11, 2015 2:26:21 PM org.apache.catalina.core.ApplicationContext log
INFORMACIÓN: Manager: list: Listing contexts for virtual host 'localhost'
oct 11, 2015 2:26:21 PM org.apache.catalina.core.ApplicationContext log
INFORMACIÓN: Manager: list: Listing contexts for virtual host 'localhost'
oct 11, 2015 2:27:53 PM org.apache.catalina.core.ApplicationContext log
INFORMACIÓN: Manager: list: Listing contexts for virtual host 'localhost'
oct 11, 2015 2:30:20 PM org.apache.catalina.core.ApplicationContext log
INFORMACIÓN: Manager: list: Listing contexts for virtual host 'localhost'
oct 11, 2015 2:31:21 PM org.apache.catalina.core.ApplicationContext log
INFORMACIÓN: Manager: list: Listing contexts for virtual host 'localhost'
oct 11, 2015 2:33:39 PM org.apache.catalina.core.ApplicationContext log
INFORMACIÓN: Manager: list: Listing contexts for virtual host 'localhost'
oct 11, 2015 2:49:27 PM org.apache.catalina.core.ApplicationContext log
INFORMACIÓN: Manager: list: Listing contexts for virtual host 'localhost'
oct 11, 2015 2:49:28 PM org.apache.catalina.core.ApplicationContext log
INFORMACIÓN: Manager: list: Listing contexts for virtual host 'localhost'
oct 11, 2015 2:49:28 PM org.apache.catalina.core.ApplicationContext log
INFORMACIÓN: Manager: restart: Reloading web application at '/Integradora4D'
oct 11, 2015 2:51:50 PM org.apache.catalina.core.ApplicationContext log
INFORMACIÓN: Manager: list: Listing contexts for virtual host 'localhost'
oct 11, 2015 3:00:28 PM org.apache.catalina.core.ApplicationContext log
INFORMACIÓN: Manager: init: Associated with Deployer 'Catalina:type=Deployer,host=localhost'
oct 11, 2015 3:00:28 PM org.apache.catalina.core.ApplicationContext log
INFORMACIÓN: Manager: init: Global resources are available
oct 11, 2015 3:00:28 PM org.apache.catalina.core.ApplicationContext log
INFORMACIÓN: Manager: list: Listing contexts for virtual host 'localhost'
oct 11, 2015 3:00:28 PM org.apache.catalina.core.ApplicationContext log
INFORMACIÓN: Manager: list: Listing contexts for virtual host 'localhost'
oct 11, 2015 3:00:28 PM org.apache.catalina.core.ApplicationContext log
INFORMACIÓN: Manager: restart: Reloading web application at '/Integradora4D'
oct 11, 2015 3:03:16 PM org.apache.catalina.core.ApplicationContext log
INFORMACIÓN: Manager: list: Listing contexts for virtual host 'localhost'
oct 11, 2015 3:03:58 PM org.apache.catalina.core.ApplicationContext log
INFORMACIÓN: Manager: list: Listing contexts for virtual host 'localhost'
oct 11, 2015 3:04:36 PM org.apache.catalina.core.ApplicationContext log
INFORMACIÓN: Manager: list: Listing contexts for virtual host 'localhost'
oct 11, 2015 3:13:26 PM org.apache.catalina.core.ApplicationContext log
INFORMACIÓN: Manager: list: Listing contexts for virtual host 'localhost'
oct 11, 2015 3:13:26 PM org.apache.catalina.core.ApplicationContext log
INFORMACIÓN: Manager: list: Listing contexts for virtual host 'localhost'
oct 11, 2015 3:14:11 PM org.apache.catalina.core.ApplicationContext log
INFORMACIÓN: Manager: list: Listing contexts for virtual host 'localhost'
oct 11, 2015 3:14:46 PM org.apache.catalina.core.ApplicationContext log
INFORMACIÓN: Manager: list: Listing contexts for virtual host 'localhost'
oct 11, 2015 3:15:08 PM org.apache.catalina.core.ApplicationContext log
INFORMACIÓN: Manager: list: Listing contexts for virtual host 'localhost'
oct 11, 2015 3:26:20 PM org.apache.catalina.core.ApplicationContext log
INFORMACIÓN: Manager: list: Listing contexts for virtual host 'localhost'
oct 11, 2015 3:26:20 PM org.apache.catalina.core.ApplicationContext log
INFORMACIÓN: Manager: list: Listing contexts for virtual host 'localhost'
oct 11, 2015 3:28:54 PM org.apache.catalina.core.ApplicationContext log
INFORMACIÓN: Manager: list: Listing contexts for virtual host 'localhost'
oct 11, 2015 3:28:58 PM org.apache.catalina.core.ApplicationContext log
INFORMACIÓN: Manager: list: Listing contexts for virtual host 'localhost'
oct 11, 2015 3:28:58 PM org.apache.catalina.core.ApplicationContext log
INFORMACIÓN: Manager: list: Listing contexts for virtual host 'localhost'
oct 11, 2015 3:29:44 PM org.apache.catalina.core.ApplicationContext log
INFORMACIÓN: Manager: list: Listing contexts for virtual host 'localhost'
oct 11, 2015 3:29:44 PM org.apache.catalina.core.ApplicationContext log
INFORMACIÓN: Manager: restart: Reloading web application at '/Integradora4D'
oct 11, 2015 3:30:34 PM org.apache.catalina.core.ApplicationContext log
INFORMACIÓN: Manager: list: Listing contexts for virtual host 'localhost'
oct 11, 2015 3:32:16 PM org.apache.catalina.core.ApplicationContext log
INFORMACIÓN: Manager: list: Listing contexts for virtual host 'localhost'
oct 11, 2015 3:32:44 PM org.apache.catalina.core.ApplicationContext log
INFORMACIÓN: Manager: list: Listing contexts for virtual host 'localhost'
